2024-05-14 18:53:36 [ INFO ] 	[ VALID ]	Valid argumants
2024-05-14 18:53:36 [ INFO ] 	[ SOCKET ]	Socket created successfully
2024-05-14 18:53:36 [ INFO ] 	[ BIND ]	Connection was successfully
2024-05-14 18:53:36 [ INFO ] 	[ LISTEN ]	Listening successfully
2024-05-14 18:53:57 [ INFO ] 	[ ACCEPT ]	Accept created successfully
2024-05-14 18:53:57 [ INFO ] 	[ RECV ]	[ FileName ]	Received message
2024-05-14 18:53:57 [ INFO ] 	[ SEND ]	Sent message
2024-05-14 18:53:57 [ INFO ] 	[ SEND ]	Sent message
2024-05-14 18:53:58 [ INFO ] 	[ SEND ]	Sent message
2024-05-14 18:53:58 [ INFO ] 	[ SEND ]	Sent message
2024-05-14 18:53:59 [ INFO ] 	[ SEND ]	Sent message
2024-05-14 18:53:59 [ INFO ] 	[ SEND ]	Sent message
2024-05-14 18:54:00 [ INFO ] 	[ SEND ]	Sent message
2024-05-14 18:54:00 [ INFO ] 	[ SEND ]	Sent message
2024-05-14 18:54:01 [ INFO ] 	[ SEND ]	Sent message
2024-05-14 18:54:01 [ INFO ] 	[ SEND ]	Sent message
2024-05-14 18:54:02 [ INFO ] 	[ SEND ]	Sent message
2024-05-14 18:54:02 [ INFO ] 	[ SEND ]	Sent message
2024-05-14 18:54:02 [ INFO ] 	[ SEND ]	Sent message
2024-05-14 18:54:14 [ INFO ] 	[ VALID ]	Valid argumants
2024-05-14 18:54:14 [ INFO ] 	[ SOCKET ]	Socket created successfully
2024-05-14 18:54:14 [ INFO ] 	[ BIND ]	Connection was successfully
2024-05-14 18:54:14 [ INFO ] 	[ LISTEN ]	Listening successfully
2024-05-14 18:54:17 [ INFO ] 	[ ACCEPT ]	Accept created successfully
2024-05-14 18:54:17 [ INFO ] 	[ RECV ]	[ FileName ]	Received message
2024-05-14 18:54:17 [ INFO ] 	[ SEND ]	Sent message
2024-05-14 18:54:17 [ INFO ] 	[ SEND ]	Sent message
2024-05-14 18:54:17 [ INFO ] 	[ SEND ]	Sent message
2024-05-14 18:54:18 [ INFO ] 	[ SEND ]	Sent message
2024-05-14 18:54:18 [ INFO ] 	[ SEND ]	Sent message
2024-05-14 18:58:41 [ INFO ] 	[ VALID ]	Valid argumants
2024-05-14 18:58:41 [ INFO ] 	[ SOCKET ]	Socket created successfully
2024-05-14 18:58:41 [ INFO ] 	[ BIND ]	Connection was successfully
2024-05-14 18:58:41 [ INFO ] 	[ LISTEN ]	Listening successfully
2024-05-14 18:58:45 [ INFO ] 	[ ACCEPT ]	Accept created successfully
2024-05-14 18:58:45 [ INFO ] 	[ RECV ]	[ FileName ]	Received message
2024-05-14 18:58:45 [ INFO ] 	[ SEND ]	Sent message
2024-05-14 18:58:45 [ INFO ] 	[ SEND ]	Sent message
2024-05-14 18:58:46 [ INFO ] 	[ SEND ]	Sent message
2024-05-14 18:58:46 [ INFO ] 	[ SEND ]	Sent message
2024-05-14 18:58:46 [ INFO ] 	[ SEND ]	Sent message
2024-05-14 18:59:11 [ INFO ] 	[ VALID ]	Valid argumants
2024-05-14 18:59:11 [ INFO ] 	[ SOCKET ]	Socket created successfully
2024-05-14 18:59:11 [ INFO ] 	[ BIND ]	Connection was successfully
2024-05-14 18:59:11 [ INFO ] 	[ LISTEN ]	Listening successfully
2024-05-14 18:59:13 [ INFO ] 	[ ACCEPT ]	Accept created successfully
2024-05-14 18:59:13 [ INFO ] 	[ RECV ]	[ FileName ]	Received message
2024-05-14 18:59:13 [ INFO ] 	[ SEND ]	Sent message
2024-05-14 18:59:13 [ INFO ] 	[ SEND ]	Sent message
2024-05-14 18:59:13 [ INFO ] 	[ SEND ]	Sent message
2024-05-14 18:59:13 [ INFO ] 	[ SEND ]	Sent message
2024-05-14 18:59:14 [ INFO ] 	[ SEND ]	Sent message
2024-05-14 18:59:40 [ INFO ] 	[ VALID ]	Valid argumants
2024-05-14 18:59:40 [ INFO ] 	[ SOCKET ]	Socket created successfully
2024-05-14 18:59:40 [ INFO ] 	[ BIND ]	Connection was successfully
2024-05-14 18:59:40 [ INFO ] 	[ LISTEN ]	Listening successfully
2024-05-14 18:59:42 [ INFO ] 	[ ACCEPT ]	Accept created successfully
2024-05-14 18:59:42 [ INFO ] 	[ RECV ]	[ FileName ]	Received message
2024-05-14 18:59:42 [ INFO ] 	[ SEND ]	Sent message
2024-05-14 18:59:42 [ INFO ] 	[ SEND ]	Sent message
2024-05-14 18:59:42 [ INFO ] 	[ SEND ]	Sent message
2024-05-14 18:59:42 [ INFO ] 	[ SEND ]	Sent message
2024-05-14 18:59:43 [ INFO ] 	[ SEND ]	Sent message
2024-05-14 18:59:57 [ INFO ] 	[ VALID ]	Valid argumants
2024-05-14 18:59:57 [ INFO ] 	[ SOCKET ]	Socket created successfully
2024-05-14 18:59:57 [ ERROR ] 	[ BIND ]	Connect was`t created: Address already in use
2024-05-14 18:59:59 [ INFO ] 	[ VALID ]	Valid argumants
2024-05-14 18:59:59 [ INFO ] 	[ SOCKET ]	Socket created successfully
2024-05-14 18:59:59 [ INFO ] 	[ BIND ]	Connection was successfully
2024-05-14 18:59:59 [ INFO ] 	[ LISTEN ]	Listening successfully
2024-05-14 19:00:05 [ INFO ] 	[ ACCEPT ]	Accept created successfully
2024-05-14 19:00:05 [ INFO ] 	[ RECV ]	[ FileName ]	Received message
2024-05-14 19:00:05 [ INFO ] 	[ SEND ]	Sent message
2024-05-14 19:00:05 [ INFO ] 	[ SEND ]	Sent message
2024-05-14 19:00:05 [ INFO ] 	[ SEND ]	Sent message
2024-05-14 19:00:05 [ INFO ] 	[ SEND ]	Sent message
2024-05-14 19:00:06 [ INFO ] 	[ SEND ]	Sent message
2024-05-14 19:03:31 [ INFO ] 	[ VALID ]	Valid argumants
2024-05-14 19:03:31 [ INFO ] 	[ SOCKET ]	Socket created successfully
2024-05-14 19:03:31 [ INFO ] 	[ BIND ]	Connection was successfully
2024-05-14 19:03:31 [ INFO ] 	[ LISTEN ]	Listening successfully
2024-05-14 19:03:35 [ INFO ] 	[ ACCEPT ]	Accept created successfully
2024-05-14 19:03:35 [ INFO ] 	[ RECV ]	[ FileName ]	Received message
2024-05-14 19:03:35 [ INFO ] 	[ SEND ]	Sent message
2024-05-14 19:03:35 [ INFO ] 	[ SEND ]	Sent message
2024-05-14 19:03:35 [ INFO ] 	[ SEND ]	Sent message
2024-05-14 19:03:35 [ INFO ] 	[ SEND ]	Sent message
2024-05-14 19:03:36 [ INFO ] 	[ SEND ]	Sent message
2024-05-14 19:04:16 [ INFO ] 	[ VALID ]	Valid argumants
2024-05-14 19:04:16 [ INFO ] 	[ SOCKET ]	Socket created successfully
2024-05-14 19:04:16 [ ERROR ] 	[ BIND ]	Connect was`t created: Address already in use
2024-05-14 19:04:18 [ INFO ] 	[ VALID ]	Valid argumants
2024-05-14 19:04:18 [ INFO ] 	[ SOCKET ]	Socket created successfully
2024-05-14 19:04:18 [ INFO ] 	[ BIND ]	Connection was successfully
2024-05-14 19:04:18 [ INFO ] 	[ LISTEN ]	Listening successfully
2024-05-14 19:04:22 [ INFO ] 	[ ACCEPT ]	Accept created successfully
2024-05-14 19:04:22 [ INFO ] 	[ RECV ]	[ FileName ]	Received message
2024-05-14 19:04:22 [ INFO ] 	[ SEND ]	Sent message
2024-05-14 19:04:22 [ INFO ] 	[ SEND ]	Sent message
2024-05-14 19:04:23 [ INFO ] 	[ SEND ]	Sent message
2024-05-14 19:04:23 [ INFO ] 	[ SEND ]	Sent message
2024-05-14 19:04:23 [ INFO ] 	[ SEND ]	Sent message
2024-05-14 19:05:52 [ INFO ] 	[ VALID ]	Valid argumants
2024-05-14 19:05:52 [ INFO ] 	[ SOCKET ]	Socket created successfully
2024-05-14 19:05:52 [ INFO ] 	[ BIND ]	Connection was successfully
2024-05-14 19:05:52 [ INFO ] 	[ LISTEN ]	Listening successfully
2024-05-14 19:05:55 [ INFO ] 	[ ACCEPT ]	Accept created successfully
2024-05-14 19:05:55 [ INFO ] 	[ RECV ]	[ FileName ]	Received message
2024-05-14 19:05:55 [ INFO ] 	[ SEND ]	Sent message
2024-05-14 19:05:55 [ INFO ] 	[ SEND ]	Sent message
2024-05-14 19:05:55 [ INFO ] 	[ SEND ]	Sent message
2024-05-14 19:05:55 [ INFO ] 	[ SEND ]	Sent message
2024-05-14 19:05:56 [ INFO ] 	[ SEND ]	Sent message
2024-05-14 19:31:13 [ INFO ] 	[ VALID ]	Valid argumants
2024-05-14 19:31:13 [ INFO ] 	[ SOCKET ]	Socket created successfully
2024-05-14 19:31:13 [ INFO ] 	[ BIND ]	Connection was successfully
2024-05-14 19:31:13 [ INFO ] 	[ LISTEN ]	Listening successfully
2024-05-14 19:31:16 [ INFO ] 	[ ACCEPT ]	Accept created successfully
2024-05-14 19:31:16 [ INFO ] 	[ RECV ]	[ FileName ]	Received message
2024-05-14 19:31:16 [ INFO ] 	[ SEND ]	Sent message
2024-05-14 19:31:16 [ INFO ] 	[ SEND ]	Sent message
2024-05-14 19:31:17 [ INFO ] 	[ SEND ]	Sent message
2024-05-14 19:31:17 [ INFO ] 	[ SEND ]	Sent message
2024-05-14 19:31:17 [ INFO ] 	[ SEND ]	Sent message
2024-05-14 19:36:57 [ INFO ] 	[ VALID ]	Valid argumants
2024-05-14 19:36:57 [ INFO ] 	[ SOCKET ]	Socket created successfully
2024-05-14 19:36:57 [ INFO ] 	[ BIND ]	Connection was successfully
2024-05-14 19:36:57 [ INFO ] 	[ LISTEN ]	Listening successfully
2024-05-14 19:37:00 [ INFO ] 	[ ACCEPT ]	Accept created successfully
2024-05-14 19:37:00 [ INFO ] 	[ RECV ]	[ FileName ]	Received message
2024-05-14 19:37:00 [ INFO ] 	[ SEND ]	Sent message
2024-05-14 19:37:00 [ INFO ] 	[ SEND ]	Sent message
2024-05-14 19:37:01 [ INFO ] 	[ SEND ]	Sent message
2024-05-14 19:37:01 [ INFO ] 	[ SEND ]	Sent message
2024-05-14 19:37:01 [ INFO ] 	[ SEND ]	Sent message
2024-05-14 19:44:25 [ INFO ] 	[ VALID ]	Valid argumants
2024-05-14 19:44:25 [ INFO ] 	[ SOCKET ]	Socket created successfully
2024-05-14 19:44:25 [ INFO ] 	[ BIND ]	Connection was successfully
2024-05-14 19:44:25 [ INFO ] 	[ LISTEN ]	Listening successfully
2024-05-14 19:44:30 [ INFO ] 	[ ACCEPT ]	Accept created successfully
2024-05-14 19:44:30 [ INFO ] 	[ RECV ]	[ FileName ]	Received message
2024-05-14 19:44:30 [ INFO ] 	[ SEND ]	Sent message
2024-05-14 19:44:30 [ INFO ] 	[ SEND ]	Sent message
2024-05-14 19:44:31 [ INFO ] 	[ SEND ]	Sent message
2024-05-14 19:44:31 [ INFO ] 	[ SEND ]	Sent message
2024-05-14 20:07:17 [ INFO ] 	[ VALID ]	Valid argumants
2024-05-14 20:07:17 [ INFO ] 	[ SOCKET ]	Socket created successfully
2024-05-14 20:07:17 [ INFO ] 	[ BIND ]	Connection was successfully
2024-05-14 20:07:17 [ INFO ] 	[ LISTEN ]	Listening successfully
2024-05-14 20:07:20 [ INFO ] 	[ ACCEPT ]	Accept created successfully
2024-05-14 20:07:20 [ INFO ] 	[ RECV ]	[ FileName ]	Received message
2024-05-14 20:07:20 [ INFO ] 	[ SEND ]	Sent message
2024-05-14 20:07:20 [ INFO ] 	[ SEND ]	Sent message
2024-05-14 20:07:21 [ INFO ] 	[ SEND ]	Sent message
2024-05-14 20:07:21 [ INFO ] 	[ SEND ]	Sent message
