2024-06-15 14:03:25 [ INFO ] 	[ CLIENT ]	Starting ...
2024-06-15 14:03:26 [ INFO ] 	[ PARAMS ]	Client received arguments
2024-06-15 14:03:27 [ INFO ] 	[ SOCKET ]	Socket was created
2024-06-15 14:03:28 [ INFO ] 	[ HDRINCL ]	Setting IP_HDRINCL successfully
2024-06-15 14:03:28 [ INFO ] 	[ SEND ]	Packet: FileQ
2024-06-15 14:07:55 [ INFO ] 	[ CLIENT ]	Starting ...
2024-06-15 14:07:56 [ INFO ] 	[ PARAMS ]	Client received arguments
2024-06-15 14:07:57 [ INFO ] 	[ SOCKET ]	Socket was created
2024-06-15 14:07:58 [ INFO ] 	[ HDRINCL ]	Setting IP_HDRINCL successfully
2024-06-15 14:07:58 [ INFO ] 	[ SEND ]	Packet: FileQ
2024-06-15 14:13:16 [ INFO ] 	[ CLIENT ]	Starting ...
2024-06-15 14:13:17 [ INFO ] 	[ PARAMS ]	Client received arguments
2024-06-15 14:13:18 [ INFO ] 	[ SOCKET ]	Socket was created
2024-06-15 14:13:19 [ INFO ] 	[ HDRINCL ]	Setting IP_HDRINCL successfully
2024-06-15 14:13:19 [ INFO ] 	[ SEND ]	Packet: FileQ
2024-06-15 14:15:58 [ INFO ] 	[ CLIENT ]	Starting ...
2024-06-15 14:15:59 [ INFO ] 	[ PARAMS ]	Client received arguments
2024-06-15 14:16:00 [ INFO ] 	[ SOCKET ]	Socket was created
2024-06-15 14:16:01 [ INFO ] 	[ HDRINCL ]	Setting IP_HDRINCL successfully
2024-06-15 14:16:01 [ INFO ] 	[ SEND ]	Packet: FileQ
2024-06-15 14:16:01 [ INFO ] 	[ RECV ]	Packet: Some answer for you
2024-06-15 14:38:42 [ INFO ] 	[ CLIENT ]	Starting ...
2024-06-15 14:38:43 [ INFO ] 	[ PARAMS ]	Client received arguments
2024-06-15 14:38:44 [ INFO ] 	[ SOCKET ]	Socket was created
2024-06-15 14:38:45 [ INFO ] 	[ HDRINCL ]	Setting IP_HDRINCL successfully
2024-06-15 14:38:45 [ INFO ] 	[ SEND ]	Packet: FileQ
2024-06-15 14:38:45 [ INFO ] 	[ RECV ]	Packet: Some answer for you
2024-06-15 14:44:08 [ INFO ] 	[ CLIENT ]	Starting ...
2024-06-15 14:44:09 [ INFO ] 	[ PARAMS ]	Client received arguments
2024-06-15 14:44:10 [ INFO ] 	[ SOCKET ]	Socket was created
2024-06-15 14:44:11 [ INFO ] 	[ HDRINCL ]	Setting IP_HDRINCL successfully
2024-06-15 14:44:12 [ INFO ] 	[ SEND ]	Packet: FileQ
2024-06-15 14:44:12 [ INFO ] 	[ RECV ]	Packet: Some answer for you
2024-06-15 15:14:48 [ INFO ] 	[ CLIENT ]	Starting ...
2024-06-15 15:14:49 [ INFO ] 	[ PARAMS ]	Client received arguments
2024-06-15 15:14:50 [ INFO ] 	[ SOCKET ]	Socket was created
2024-06-15 15:14:51 [ INFO ] 	[ HDRINCL ]	Setting IP_HDRINCL successfully
2024-06-15 15:14:52 [ INFO ] 	[ SEND ]	Packet: FileQ
2024-06-15 15:14:52 [ INFO ] 	[ RECV ]	Packet: Some answer for you
2024-06-15 15:39:32 [ INFO ] 	[ CLIENT ]	Starting ...
2024-06-15 15:39:33 [ INFO ] 	[ PARAMS ]	Client received arguments
2024-06-15 15:39:34 [ INFO ] 	[ SOCKET ]	Socket was created
2024-06-15 15:39:35 [ INFO ] 	[ HDRINCL ]	Setting IP_HDRINCL successfully
2024-06-15 15:39:36 [ INFO ] 	[ SEND ]	Packet: FileQ
2024-06-15 15:39:36 [ INFO ] 	[ RECV ]	Packet: Some answer for you
2024-06-15 16:47:59 [ INFO ] 	[ CLIENT ]	Starting ...
2024-06-15 16:48:00 [ INFO ] 	[ PARAMS ]	Client received arguments
2024-06-15 16:48:01 [ INFO ] 	[ SOCKET ]	Socket was created
2024-06-15 16:48:02 [ INFO ] 	[ HDRINCL ]	Setting IP_HDRINCL successfully
2024-06-15 16:48:03 [ INFO ] 	[ SEND ]	Packet: FileQ
2024-06-15 16:48:03 [ INFO ] 	[ RECV ]	Packet: Some answer for you
2024-06-15 20:36:50 [ INFO ] 	[ CLIENT ]	Starting ...
2024-06-15 20:36:51 [ INFO ] 	[ PARAMS ]	Client received arguments
2024-06-15 20:36:52 [ INFO ] 	[ SOCKET ]	Socket was created
2024-06-15 20:36:53 [ INFO ] 	[ HDRINCL ]	Setting IP_HDRINCL successfully
2024-06-15 20:36:54 [ INFO ] 	[ SEND ]	Packet: utils.cpp
2024-06-15 20:36:54 [ INFO ] 	[ RECV ]	Packet: Download...
2024-06-15 20:36:54 [ INFO ] 	[ RECV ]	Packet: Download...
2024-06-15 20:36:55 [ INFO ] 	[ RECV ]	Packet: Download...
2024-06-15 20:36:55 [ INFO ] 	[ RECV ]	Packet: Download...
2024-06-15 20:36:56 [ INFO ] 	[ RECV ]	Packet: Download...
2024-06-15 20:36:56 [ INFO ] 	[ RECV ]	Packet: Download...
2024-06-15 20:36:57 [ INFO ] 	[ RECV ]	Packet: Download...
2024-06-15 20:36:57 [ INFO ] 	[ RECV ]	Packet: Download...
2024-06-15 20:36:58 [ INFO ] 	[ RECV ]	Packet: Download...
2024-06-15 20:36:58 [ INFO ] 	[ RECV ]	Packet: Download...
2024-06-15 20:36:59 [ INFO ] 	[ RECV ]	Packet: Download...
2024-06-15 20:36:59 [ INFO ] 	[ RECV ]	Packet: Download...
2024-06-15 20:37:00 [ INFO ] 	[ RECV ]	Packet: Download...
2024-06-15 20:37:00 [ INFO ] 	[ RECV ]	Packet: Download...
2024-06-15 20:37:01 [ INFO ] 	[ RECV ]	Packet: Download...
2024-06-15 20:37:01 [ INFO ] 	[ RECV ]	Packet: Download...
2024-06-15 20:37:02 [ INFO ] 	[ RECV ]	Packet: Download...
2024-06-15 20:37:02 [ INFO ] 	[ RECV ]	Packet: Download...
2024-06-15 20:40:30 [ INFO ] 	[ CLIENT ]	Starting ...
2024-06-15 20:40:31 [ INFO ] 	[ PARAMS ]	Client received arguments
2024-06-15 20:40:32 [ INFO ] 	[ SOCKET ]	Socket was created
2024-06-15 20:40:33 [ INFO ] 	[ HDRINCL ]	Setting IP_HDRINCL successfully
2024-06-15 20:40:34 [ INFO ] 	[ SEND ]	Packet: utils.cpp
2024-06-15 20:40:34 [ INFO ] 	[ RECV ]	Packet: Download...
2024-06-15 20:40:34 [ INFO ] 	[ RECV ]	Packet: Download...
2024-06-15 20:40:35 [ INFO ] 	[ RECV ]	Packet: Download...
2024-06-15 20:40:35 [ INFO ] 	[ RECV ]	Packet: Download...
2024-06-15 20:50:40 [ INFO ] 	[ CLIENT ]	Starting ...
2024-06-15 20:50:41 [ INFO ] 	[ PARAMS ]	Client received arguments
2024-06-15 20:50:42 [ INFO ] 	[ SOCKET ]	Socket was created
2024-06-15 20:50:43 [ INFO ] 	[ HDRINCL ]	Setting IP_HDRINCL successfully
2024-06-15 20:50:44 [ INFO ] 	[ SEND ]	Packet: utils.cpp
2024-06-15 20:50:44 [ INFO ] 	[ RECV ]	Packet: Download...
2024-06-15 20:50:44 [ INFO ] 	[ RECV ]	Packet: Download...
2024-06-15 20:50:45 [ INFO ] 	[ RECV ]	Packet: Download...
2024-06-16 11:22:07 [ INFO ] 	[ CLIENT ]	Starting ...
2024-06-16 11:22:08 [ INFO ] 	[ PARAMS ]	Client received arguments
2024-06-16 11:22:09 [ INFO ] 	[ SOCKET ]	Socket was created
2024-06-16 11:22:10 [ INFO ] 	[ HDRINCL ]	Setting IP_HDRINCL successfully
2024-06-16 11:22:11 [ INFO ] 	[ SEND ]	Packet: utils.cpp
2024-06-16 11:22:11 [ INFO ] 	[ RECV ]	Packet: Download...
2024-06-16 11:22:11 [ INFO ] 	[ RECV ]	Packet: Download...
2024-06-16 11:22:12 [ INFO ] 	[ RECV ]	Packet: Download...
2024-06-16 11:22:49 [ INFO ] 	[ CLIENT ]	Starting ...
2024-06-16 11:22:50 [ INFO ] 	[ PARAMS ]	Client received arguments
2024-06-16 11:22:51 [ INFO ] 	[ SOCKET ]	Socket was created
2024-06-16 11:22:52 [ INFO ] 	[ HDRINCL ]	Setting IP_HDRINCL successfully
2024-06-16 11:22:53 [ INFO ] 	[ SEND ]	Packet: utils.cpp
2024-06-16 11:22:53 [ INFO ] 	[ RECV ]	Packet: Download...
2024-06-16 11:22:53 [ INFO ] 	[ RECV ]	Packet: Download...
2024-06-16 11:22:54 [ INFO ] 	[ RECV ]	Packet: Download...
2024-06-16 11:22:54 [ INFO ] 	[ RECV ]	Packet: FilePath will be here
2024-06-16 11:23:25 [ INFO ] 	[ CLIENT ]	Starting ...
2024-06-16 11:23:26 [ INFO ] 	[ PARAMS ]	Client received arguments
2024-06-16 11:23:27 [ INFO ] 	[ SOCKET ]	Socket was created
2024-06-16 11:23:28 [ INFO ] 	[ HDRINCL ]	Setting IP_HDRINCL successfully
2024-06-16 11:23:29 [ INFO ] 	[ SEND ]	Packet: utils.cpp
2024-06-16 11:23:29 [ INFO ] 	[ RECV ]	Packet: Download...
2024-06-16 11:23:30 [ INFO ] 	[ RECV ]	Packet: Download...
2024-06-16 11:23:30 [ INFO ] 	[ RECV ]	Packet: Download...
2024-06-16 11:23:31 [ INFO ] 	[ RECV ]	Packet: FilePath will be here
2024-06-16 13:20:47 [ INFO ] 	[ CLIENT ]	Starting ...
2024-06-16 13:20:48 [ INFO ] 	[ PARAMS ]	Client received arguments
2024-06-16 13:20:49 [ INFO ] 	[ SOCKET ]	Socket was created
2024-06-16 13:20:50 [ INFO ] 	[ HDRINCL ]	Setting IP_HDRINCL successfully
2024-06-16 13:20:51 [ INFO ] 	[ SEND ]	Packet: utils.cpp
2024-06-16 13:20:51 [ INFO ] 	[ RECV ]	Packet: Download...
2024-06-16 13:20:51 [ INFO ] 	[ RECV ]	Packet: Download...
2024-06-16 13:20:52 [ INFO ] 	[ RECV ]	Packet: Download...
2024-06-16 13:20:52 [ INFO ] 	[ RECV ]	Packet: Download...
2024-06-16 13:20:52 [ INFO ] 	[ RECV ]	Packet: FilePath will be here
2024-06-16 13:21:24 [ INFO ] 	[ CLIENT ]	Starting ...
2024-06-16 13:21:25 [ INFO ] 	[ PARAMS ]	Client received arguments
2024-06-16 13:21:26 [ INFO ] 	[ SOCKET ]	Socket was created
2024-06-16 13:21:27 [ INFO ] 	[ HDRINCL ]	Setting IP_HDRINCL successfully
2024-06-16 13:21:28 [ INFO ] 	[ SEND ]	Packet: utils.cpp
2024-06-16 13:21:28 [ INFO ] 	[ RECV ]	Packet: Download...
2024-06-16 13:21:28 [ INFO ] 	[ RECV ]	Packet: Download...
2024-06-16 13:21:29 [ INFO ] 	[ RECV ]	Packet: Download...
2024-06-16 13:34:25 [ INFO ] 	[ CLIENT ]	Starting ...
2024-06-16 13:34:26 [ INFO ] 	[ PARAMS ]	Client received arguments
2024-06-16 13:34:27 [ INFO ] 	[ SOCKET ]	Socket was created
2024-06-16 13:34:28 [ INFO ] 	[ HDRINCL ]	Setting IP_HDRINCL successfully
2024-06-16 13:34:29 [ INFO ] 	[ SEND ]	Packet: utils.cpp
2024-06-16 13:34:29 [ INFO ] 	[ RECV ]	Packet: Download...
2024-06-16 13:34:29 [ INFO ] 	[ RECV ]	Packet: Download...
2024-06-16 13:34:30 [ INFO ] 	[ RECV ]	Packet: Download...
2024-06-16 13:34:30 [ INFO ] 	[ RECV ]	Packet: /home/iplugin/Code/Github/socket_raw/tools/utils.cpp
2024-06-16 13:43:07 [ INFO ] 	[ CLIENT ]	Starting ...
2024-06-16 13:43:08 [ INFO ] 	[ PARAMS ]	Client received arguments
2024-06-16 13:43:09 [ INFO ] 	[ SOCKET ]	Socket was created
2024-06-16 13:43:10 [ INFO ] 	[ HDRINCL ]	Setting IP_HDRINCL successfully
2024-06-16 13:43:11 [ INFO ] 	[ SEND ]	Packet: utils.cpp
2024-06-16 13:43:11 [ INFO ] 	[ RECV ]	Packet: Download...
2024-06-16 13:43:11 [ INFO ] 	[ RECV ]	Packet: Download...
2024-06-16 13:43:12 [ INFO ] 	[ RECV ]	Packet: Download...
2024-06-16 13:43:12 [ INFO ] 	[ RECV ]	Packet: /home/iplugin/Code/Github/socket_raw/tools/utils.cpp
2024-06-16 13:43:34 [ INFO ] 	[ CLIENT ]	Starting ...
2024-06-16 13:43:35 [ INFO ] 	[ PARAMS ]	Client received arguments
2024-06-16 13:43:36 [ INFO ] 	[ SOCKET ]	Socket was created
2024-06-16 13:43:37 [ INFO ] 	[ HDRINCL ]	Setting IP_HDRINCL successfully
2024-06-16 13:43:38 [ INFO ] 	[ SEND ]	Packet: utils.cpp
2024-06-16 13:43:38 [ INFO ] 	[ RECV ]	Packet: Download...
2024-06-16 13:43:39 [ INFO ] 	[ RECV ]	Packet: Download...
2024-06-16 13:43:39 [ INFO ] 	[ RECV ]	Packet: Download...
2024-06-16 13:43:39 [ INFO ] 	[ RECV ]	Packet: /home/iplugin/Code/Github/socket_raw/tools/utils.cpp
2024-06-17 01:17:56 [ INFO ] 	[ CLIENT ]	Starting ...
2024-06-17 01:17:57 [ INFO ] 	[ PARAMS ]	Client received arguments
2024-06-17 01:17:58 [ INFO ] 	[ SOCKET ]	Socket was created
2024-06-17 01:17:59 [ INFO ] 	[ HDRINCL ]	Setting IP_HDRINCL successfully
2024-06-17 01:18:00 [ INFO ] 	[ SEND ]	Packet: utils.cpp
2024-06-17 01:20:46 [ INFO ] 	[ CLIENT ]	Starting ...
2024-06-17 01:20:47 [ INFO ] 	[ PARAMS ]	Client received arguments
2024-06-17 01:20:48 [ INFO ] 	[ SOCKET ]	Socket was created
2024-06-17 01:20:49 [ INFO ] 	[ HDRINCL ]	Setting IP_HDRINCL successfully
2024-06-17 01:20:50 [ INFO ] 	[ SEND ]	Packet: utils.cpp
2024-06-17 01:28:56 [ INFO ] 	[ CLIENT ]	Starting ...
2024-06-17 01:28:57 [ INFO ] 	[ PARAMS ]	Client received arguments
2024-06-17 01:28:58 [ INFO ] 	[ SOCKET ]	Socket was created
2024-06-17 01:28:59 [ INFO ] 	[ HDRINCL ]	Setting IP_HDRINCL successfully
2024-06-17 01:29:00 [ INFO ] 	[ SEND ]	Packet: utils.cpp
2024-06-17 01:33:52 [ INFO ] 	[ CLIENT ]	Starting ...
2024-06-17 01:33:53 [ INFO ] 	[ PARAMS ]	Client received arguments
2024-06-17 01:33:54 [ INFO ] 	[ SOCKET ]	Socket was created
2024-06-17 01:33:55 [ INFO ] 	[ HDRINCL ]	Setting IP_HDRINCL successfully
2024-06-17 01:33:56 [ INFO ] 	[ SEND ]	Packet: utils.cpp
2024-06-17 01:45:50 [ INFO ] 	[ CLIENT ]	Starting ...
2024-06-17 01:45:51 [ INFO ] 	[ PARAMS ]	Client received arguments
2024-06-17 01:45:52 [ INFO ] 	[ SOCKET ]	Socket was created
2024-06-17 01:45:53 [ INFO ] 	[ HDRINCL ]	Setting IP_HDRINCL successfully
2024-06-17 01:45:54 [ INFO ] 	[ SEND ]	Packet: utils.cpp
2024-06-17 01:49:54 [ INFO ] 	[ CLIENT ]	Starting ...
2024-06-17 01:49:55 [ INFO ] 	[ PARAMS ]	Client received arguments
2024-06-17 01:49:56 [ INFO ] 	[ SOCKET ]	Socket was created
2024-06-17 01:49:57 [ INFO ] 	[ HDRINCL ]	Setting IP_HDRINCL successfully
2024-06-17 01:49:58 [ INFO ] 	[ SEND ]	Packet: utils.cpp
2024-06-17 01:50:26 [ INFO ] 	[ CLIENT ]	Starting ...
2024-06-17 01:50:27 [ INFO ] 	[ PARAMS ]	Client received arguments
2024-06-17 01:50:28 [ INFO ] 	[ SOCKET ]	Socket was created
2024-06-17 01:50:29 [ INFO ] 	[ HDRINCL ]	Setting IP_HDRINCL successfully
2024-06-17 01:50:30 [ INFO ] 	[ SEND ]	Packet: utils.cpp
2024-06-17 01:50:50 [ INFO ] 	[ CLIENT ]	Starting ...
2024-06-17 01:50:51 [ INFO ] 	[ PARAMS ]	Client received arguments
2024-06-17 01:50:52 [ INFO ] 	[ SOCKET ]	Socket was created
2024-06-17 01:50:53 [ INFO ] 	[ HDRINCL ]	Setting IP_HDRINCL successfully
2024-06-17 01:50:54 [ INFO ] 	[ SEND ]	Packet: utils.cpp
2024-06-17 01:54:20 [ INFO ] 	[ CLIENT ]	Starting ...
2024-06-17 01:54:21 [ INFO ] 	[ PARAMS ]	Client received arguments
2024-06-17 01:54:22 [ INFO ] 	[ SOCKET ]	Socket was created
2024-06-17 01:54:23 [ INFO ] 	[ HDRINCL ]	Setting IP_HDRINCL successfully
2024-06-17 01:54:24 [ INFO ] 	[ SEND ]	Packet: utils.cpp
2024-06-17 01:56:18 [ INFO ] 	[ CLIENT ]	Starting ...
2024-06-17 01:56:19 [ INFO ] 	[ PARAMS ]	Client received arguments
2024-06-17 01:56:20 [ INFO ] 	[ SOCKET ]	Socket was created
2024-06-17 01:56:21 [ INFO ] 	[ HDRINCL ]	Setting IP_HDRINCL successfully
2024-06-17 01:56:22 [ INFO ] 	[ SEND ]	Packet: utils.cpp
2024-06-17 01:56:22 [ INFO ] 	[ RECV ]	Packet: Download...
2024-06-17 01:56:22 [ INFO ] 	[ RECV ]	Packet: Download...
2024-06-17 01:56:23 [ INFO ] 	[ RECV ]	Packet: Download...
2024-06-17 01:56:23 [ INFO ] 	[ RECV ]	Packet: /home/iplugin/Code/Github/socket_raw/tools/utils.cpp
2024-06-17 12:33:28 [ INFO ] 	[ CLIENT ]	Starting ...
2024-06-17 12:33:29 [ INFO ] 	[ PARAMS ]	Client received arguments
2024-06-17 12:33:30 [ INFO ] 	[ SOCKET ]	Socket was created
2024-06-17 12:33:31 [ INFO ] 	[ HDRINCL ]	Setting IP_HDRINCL successfully
2024-06-17 12:33:32 [ INFO ] 	[ SEND ]	Packet: utils.cpp
2024-06-17 12:33:32 [ INFO ] 	[ RECV ]	Packet: Download ...
2024-06-17 12:33:32 [ INFO ] 	[ RECV ]	Packet: Download ...
2024-06-17 12:33:33 [ INFO ] 	[ RECV ]	Packet: Download ...
2024-06-17 12:33:33 [ INFO ] 	[ RECV ]	Packet: /home/iplugin/Code/Github/socket_raw/tools/utils.cpp
2024-06-17 12:36:12 [ INFO ] 	[ CLIENT ]	Starting ...
2024-06-17 12:36:13 [ INFO ] 	[ PARAMS ]	Client received arguments
2024-06-17 12:36:14 [ INFO ] 	[ SOCKET ]	Socket was created
2024-06-17 12:36:15 [ INFO ] 	[ HDRINCL ]	Setting IP_HDRINCL successfully
2024-06-17 12:36:16 [ INFO ] 	[ SEND ]	Packet: utils.cpp
2024-06-17 12:36:16 [ INFO ] 	[ RECV ]	Packet: Download ...
2024-06-17 12:36:16 [ INFO ] 	[ RECV ]	Packet: Download ...
2024-06-17 12:36:17 [ INFO ] 	[ RECV ]	Packet: Download ...
2024-06-17 12:36:17 [ INFO ] 	[ RECV ]	Packet: /home/iplugin/Code/Github/socket_raw/tools/utils.cpp
2024-06-17 12:38:20 [ INFO ] 	[ CLIENT ]	Starting ...
2024-06-17 12:38:21 [ INFO ] 	[ PARAMS ]	Client received arguments
2024-06-17 12:38:22 [ INFO ] 	[ SOCKET ]	Socket was created
2024-06-17 12:38:23 [ INFO ] 	[ HDRINCL ]	Setting IP_HDRINCL successfully
2024-06-17 12:38:24 [ INFO ] 	[ SEND ]	Packet: utils.cpp
2024-06-17 12:38:24 [ INFO ] 	[ RECV ]	Packet: Download ...
2024-06-17 12:38:24 [ INFO ] 	[ RECV ]	Packet: Download ...
2024-06-17 12:38:25 [ INFO ] 	[ RECV ]	Packet: Download ...
2024-06-17 12:38:25 [ INFO ] 	[ RECV ]	Packet: /home/iplugin/Code/Github/socket_raw/tools/utils.cpp
2024-06-17 12:39:07 [ INFO ] 	[ CLIENT ]	Starting ...
2024-06-17 12:39:08 [ INFO ] 	[ PARAMS ]	Client received arguments
2024-06-17 12:39:09 [ INFO ] 	[ SOCKET ]	Socket was created
2024-06-17 12:39:10 [ INFO ] 	[ HDRINCL ]	Setting IP_HDRINCL successfully
2024-06-17 12:39:11 [ INFO ] 	[ SEND ]	Packet: utils.cpp
2024-06-17 12:39:11 [ INFO ] 	[ RECV ]	Packet: Download ...
2024-06-17 12:39:11 [ INFO ] 	[ RECV ]	Packet: Download ...
2024-06-17 12:39:12 [ INFO ] 	[ RECV ]	Packet: Download ...
2024-06-17 12:39:12 [ INFO ] 	[ RECV ]	Packet: /home/iplugin/Code/Github/socket_raw/tools/utils.cpp
2024-06-17 13:49:07 [ INFO ] 	[ CLIENT ]	Starting ...
2024-06-17 13:49:08 [ INFO ] 	[ PARAMS ]	Client received arguments
2024-06-17 13:49:09 [ INFO ] 	[ SOCKET ]	Socket was created
2024-06-17 13:49:10 [ INFO ] 	[ HDRINCL ]	Setting IP_HDRINCL successfully
2024-06-17 13:49:11 [ INFO ] 	[ SEND ]	Packet: utils.cpp
2024-06-17 13:49:11 [ INFO ] 	[ RECV ]	Packet: Download ...
2024-06-17 13:49:11 [ INFO ] 	[ RECV ]	Packet: Download ...
2024-06-17 13:49:12 [ INFO ] 	[ RECV ]	Packet: Download ...
2024-06-17 13:49:12 [ INFO ] 	[ RECV ]	Packet: /home/iplugin/Code/Github/socket_raw/tools/utils.cpp
2024-06-17 13:56:12 [ INFO ] 	[ CLIENT ]	Starting ...
2024-06-17 13:56:13 [ INFO ] 	[ PARAMS ]	Client received arguments
2024-06-17 13:56:14 [ INFO ] 	[ SOCKET ]	Socket was created
2024-06-17 13:56:15 [ INFO ] 	[ HDRINCL ]	Setting IP_HDRINCL successfully
2024-06-17 13:56:16 [ INFO ] 	[ SEND ]	Packet: utils.cpp
2024-06-17 13:56:58 [ INFO ] 	[ CLIENT ]	Starting ...
2024-06-17 13:56:59 [ INFO ] 	[ PARAMS ]	Client received arguments
2024-06-17 13:57:00 [ INFO ] 	[ SOCKET ]	Socket was created
2024-06-17 13:57:01 [ INFO ] 	[ HDRINCL ]	Setting IP_HDRINCL successfully
2024-06-17 13:57:02 [ INFO ] 	[ SEND ]	Packet: utils.cpp
2024-06-17 13:57:50 [ INFO ] 	[ CLIENT ]	Starting ...
2024-06-17 13:57:51 [ INFO ] 	[ PARAMS ]	Client received arguments
2024-06-17 13:57:52 [ INFO ] 	[ SOCKET ]	Socket was created
2024-06-17 13:57:53 [ INFO ] 	[ HDRINCL ]	Setting IP_HDRINCL successfully
2024-06-17 13:57:54 [ INFO ] 	[ SEND ]	Packet: utils.cpp
2024-06-17 13:58:31 [ INFO ] 	[ CLIENT ]	Starting ...
2024-06-17 13:58:32 [ INFO ] 	[ PARAMS ]	Client received arguments
2024-06-17 13:58:33 [ INFO ] 	[ SOCKET ]	Socket was created
2024-06-17 13:58:34 [ INFO ] 	[ HDRINCL ]	Setting IP_HDRINCL successfully
2024-06-17 13:58:35 [ INFO ] 	[ SEND ]	Packet: utils.cpp
2024-06-17 13:59:01 [ INFO ] 	[ CLIENT ]	Starting ...
2024-06-17 13:59:02 [ INFO ] 	[ PARAMS ]	Client received arguments
2024-06-17 13:59:03 [ INFO ] 	[ SOCKET ]	Socket was created
2024-06-17 13:59:04 [ INFO ] 	[ HDRINCL ]	Setting IP_HDRINCL successfully
2024-06-17 13:59:05 [ INFO ] 	[ SEND ]	Packet: utils.cpp
2024-06-17 13:59:49 [ INFO ] 	[ CLIENT ]	Starting ...
2024-06-17 13:59:50 [ INFO ] 	[ PARAMS ]	Client received arguments
2024-06-17 13:59:51 [ INFO ] 	[ SOCKET ]	Socket was created
2024-06-17 13:59:52 [ INFO ] 	[ HDRINCL ]	Setting IP_HDRINCL successfully
2024-06-17 13:59:53 [ INFO ] 	[ SEND ]	Packet: utils.cpp
2024-06-17 14:00:36 [ INFO ] 	[ CLIENT ]	Starting ...
2024-06-17 14:00:37 [ INFO ] 	[ PARAMS ]	Client received arguments
2024-06-17 14:00:38 [ INFO ] 	[ SOCKET ]	Socket was created
2024-06-17 14:00:39 [ INFO ] 	[ HDRINCL ]	Setting IP_HDRINCL successfully
2024-06-17 14:00:40 [ INFO ] 	[ SEND ]	Packet: utils.cpp
2024-06-17 14:04:22 [ INFO ] 	[ CLIENT ]	Starting ...
2024-06-17 14:04:23 [ INFO ] 	[ PARAMS ]	Client received arguments
2024-06-17 14:04:24 [ INFO ] 	[ SOCKET ]	Socket was created
2024-06-17 14:04:25 [ INFO ] 	[ HDRINCL ]	Setting IP_HDRINCL successfully
2024-06-17 14:04:26 [ INFO ] 	[ SEND ]	Packet: utils.cpp
2024-06-17 14:05:17 [ INFO ] 	[ CLIENT ]	Starting ...
2024-06-17 14:05:18 [ INFO ] 	[ PARAMS ]	Client received arguments
2024-06-17 14:05:19 [ INFO ] 	[ SOCKET ]	Socket was created
2024-06-17 14:05:20 [ INFO ] 	[ HDRINCL ]	Setting IP_HDRINCL successfully
2024-06-17 14:05:21 [ INFO ] 	[ SEND ]	Packet: utils.cpp
2024-06-17 14:05:57 [ INFO ] 	[ CLIENT ]	Starting ...
2024-06-17 14:05:58 [ INFO ] 	[ PARAMS ]	Client received arguments
2024-06-17 14:05:59 [ INFO ] 	[ SOCKET ]	Socket was created
2024-06-17 14:06:00 [ INFO ] 	[ HDRINCL ]	Setting IP_HDRINCL successfully
2024-06-17 14:06:01 [ INFO ] 	[ SEND ]	Packet: utils.cpp
2024-06-17 15:52:42 [ INFO ] 	[ CLIENT ]	Starting ...
2024-06-17 15:52:43 [ INFO ] 	[ PARAMS ]	Client received arguments
2024-06-17 15:52:44 [ INFO ] 	[ SOCKET ]	Socket was created
2024-06-17 15:52:45 [ INFO ] 	[ HDRINCL ]	Setting IP_HDRINCL successfully
2024-06-17 15:52:46 [ INFO ] 	[ SEND ]	Packet: utils.cpp
2024-06-17 15:54:13 [ INFO ] 	[ CLIENT ]	Starting ...
2024-06-17 15:54:14 [ INFO ] 	[ PARAMS ]	Client received arguments
2024-06-17 15:54:15 [ INFO ] 	[ SOCKET ]	Socket was created
2024-06-17 15:54:16 [ INFO ] 	[ HDRINCL ]	Setting IP_HDRINCL successfully
2024-06-17 15:54:17 [ INFO ] 	[ SEND ]	Packet: utils.cpp
2024-06-17 15:54:29 [ INFO ] 	[ CLIENT ]	Starting ...
2024-06-17 15:54:30 [ INFO ] 	[ PARAMS ]	Client received arguments
2024-06-17 15:54:31 [ INFO ] 	[ SOCKET ]	Socket was created
2024-06-17 15:54:32 [ INFO ] 	[ HDRINCL ]	Setting IP_HDRINCL successfully
2024-06-17 15:54:34 [ INFO ] 	[ CLIENT ]	Starting ...
2024-06-17 15:54:35 [ INFO ] 	[ PARAMS ]	Client received arguments
2024-06-17 15:54:36 [ INFO ] 	[ SOCKET ]	Socket was created
2024-06-17 15:54:37 [ INFO ] 	[ HDRINCL ]	Setting IP_HDRINCL successfully
2024-06-17 15:54:38 [ INFO ] 	[ SEND ]	Packet: utils.cpp
2024-06-17 15:55:43 [ INFO ] 	[ CLIENT ]	Starting ...
2024-06-17 15:55:44 [ INFO ] 	[ PARAMS ]	Client received arguments
2024-06-17 15:55:45 [ INFO ] 	[ SOCKET ]	Socket was created
2024-06-17 15:55:46 [ INFO ] 	[ HDRINCL ]	Setting IP_HDRINCL successfully
2024-06-17 15:55:47 [ INFO ] 	[ SEND ]	Packet: utils.cpp
2024-06-17 15:56:03 [ INFO ] 	[ RECV ]	Packet: Download ...
2024-06-17 15:56:04 [ INFO ] 	[ RECV ]	Packet: Download ...
2024-06-17 15:56:04 [ INFO ] 	[ RECV ]	Packet: Download ...
2024-06-17 15:56:04 [ INFO ] 	[ RECV ]	Packet: Download ...
2024-06-17 15:56:04 [ INFO ] 	[ RECV ]	Packet: Download ...
2024-06-17 15:56:05 [ INFO ] 	[ RECV ]	Packet: Download ...
2024-06-17 15:56:05 [ INFO ] 	[ RECV ]	Packet: Download ...
2024-06-17 15:56:05 [ INFO ] 	[ RECV ]	Packet: Download ...
2024-06-17 15:56:05 [ INFO ] 	[ RECV ]	Packet: Download ...
2024-06-17 15:56:05 [ INFO ] 	[ RECV ]	Packet: Download ...
2024-06-17 15:56:06 [ INFO ] 	[ RECV ]	Packet: Download ...
2024-06-17 15:56:06 [ INFO ] 	[ RECV ]	Packet: Download ...
2024-06-17 15:56:06 [ INFO ] 	[ RECV ]	Packet: Download ...
2024-06-17 15:56:06 [ INFO ] 	[ RECV ]	Packet: Download ...
2024-06-17 15:56:06 [ INFO ] 	[ RECV ]	Packet: Download ...
2024-06-17 15:56:07 [ INFO ] 	[ RECV ]	Packet: Download ...
2024-06-17 15:56:07 [ INFO ] 	[ RECV ]	Packet: Download ...
2024-06-17 15:56:07 [ INFO ] 	[ RECV ]	Packet: Download ...
2024-06-17 15:56:07 [ INFO ] 	[ RECV ]	Packet: Download ...
2024-06-17 15:56:07 [ INFO ] 	[ RECV ]	Packet: Download ...
2024-06-17 15:56:08 [ INFO ] 	[ RECV ]	Packet: Download ...
2024-06-17 15:56:08 [ INFO ] 	[ RECV ]	Packet: Download ...
2024-06-17 15:56:08 [ INFO ] 	[ RECV ]	Packet: Download ...
2024-06-17 15:56:08 [ INFO ] 	[ RECV ]	Packet: Download ...
2024-06-17 15:56:09 [ INFO ] 	[ RECV ]	Packet: Download ...
2024-06-17 15:56:09 [ INFO ] 	[ RECV ]	Packet: Download ...
2024-06-17 15:56:09 [ INFO ] 	[ RECV ]	Packet: Download ...
2024-06-17 15:56:10 [ INFO ] 	[ RECV ]	Packet: Download ...
2024-06-17 15:56:11 [ INFO ] 	[ RECV ]	Packet: Download ...
2024-06-17 15:56:11 [ INFO ] 	[ RECV ]	Packet: Download ...
2024-06-17 15:56:12 [ INFO ] 	[ RECV ]	Packet: Download ...
2024-06-17 15:56:12 [ INFO ] 	[ RECV ]	Packet: Download ...
2024-06-17 15:56:13 [ INFO ] 	[ RECV ]	Packet: Download ...
2024-06-17 15:56:13 [ INFO ] 	[ RECV ]	Packet: Download ...
2024-06-17 15:56:14 [ INFO ] 	[ RECV ]	Packet: Download ...
2024-06-17 15:56:14 [ INFO ] 	[ RECV ]	Packet: Download ...
2024-06-17 15:56:15 [ INFO ] 	[ RECV ]	Packet: Download ...
2024-06-17 15:56:15 [ INFO ] 	[ RECV ]	Packet: Download ...
2024-06-17 15:56:15 [ INFO ] 	[ RECV ]	Packet: Download ...
2024-06-17 15:56:16 [ INFO ] 	[ RECV ]	Packet: Download ...
2024-06-17 15:56:16 [ INFO ] 	[ RECV ]	Packet: Not Found
2024-06-17 16:09:25 [ INFO ] 	[ CLIENT ]	Starting ...
2024-06-17 16:09:26 [ INFO ] 	[ PARAMS ]	Client received arguments
2024-06-17 16:09:27 [ INFO ] 	[ SOCKET ]	Socket was created
2024-06-17 16:09:28 [ INFO ] 	[ HDRINCL ]	Setting IP_HDRINCL successfully
2024-06-17 16:09:29 [ INFO ] 	[ SEND ]	Packet: utils.cpp
2024-06-17 16:16:21 [ INFO ] 	[ CLIENT ]	Starting ...
2024-06-17 16:16:22 [ INFO ] 	[ PARAMS ]	Client received arguments
2024-06-17 16:16:23 [ INFO ] 	[ SOCKET ]	Socket was created
2024-06-17 16:16:24 [ INFO ] 	[ HDRINCL ]	Setting IP_HDRINCL successfully
2024-06-17 16:16:25 [ INFO ] 	[ SEND ]	Packet: utils.cpp
2024-06-17 16:24:21 [ INFO ] 	[ CLIENT ]	Starting ...
2024-06-17 16:24:22 [ INFO ] 	[ PARAMS ]	Client received arguments
2024-06-17 16:24:23 [ INFO ] 	[ SOCKET ]	Socket was created
2024-06-17 16:24:24 [ INFO ] 	[ HDRINCL ]	Setting IP_HDRINCL successfully
2024-06-17 16:24:25 [ INFO ] 	[ SEND ]	Packet: utils.cpp
2024-06-17 16:25:33 [ INFO ] 	[ CLIENT ]	Starting ...
2024-06-17 16:25:34 [ INFO ] 	[ PARAMS ]	Client received arguments
2024-06-17 16:25:35 [ INFO ] 	[ SOCKET ]	Socket was created
2024-06-17 16:25:36 [ INFO ] 	[ HDRINCL ]	Setting IP_HDRINCL successfully
2024-06-17 16:25:37 [ INFO ] 	[ SEND ]	Packet: utils.cpp
2024-06-17 16:25:37 [ INFO ] 	[ RECV ]	Packet: Download ...
2024-06-17 16:25:37 [ INFO ] 	[ RECV ]	Packet: Download ...
2024-06-17 16:25:38 [ INFO ] 	[ RECV ]	Packet: Download ...
2024-06-17 16:25:38 [ INFO ] 	[ RECV ]	Packet: Download ...
2024-06-17 16:25:38 [ INFO ] 	[ RECV ]	Packet: /home/iplugin/Code/Github/socket_raw/tools/utils.cpp
2024-06-17 16:32:24 [ INFO ] 	[ CLIENT ]	Starting ...
2024-06-17 16:32:25 [ INFO ] 	[ PARAMS ]	Client received arguments
2024-06-17 16:32:26 [ INFO ] 	[ SOCKET ]	Socket was created
2024-06-17 16:32:27 [ INFO ] 	[ HDRINCL ]	Setting IP_HDRINCL successfully
2024-06-17 16:32:28 [ INFO ] 	[ SEND ]	Packet: utils.cpp
2024-06-17 16:32:28 [ INFO ] 	[ RECV ]	Packet: Download ...
2024-06-17 16:32:28 [ INFO ] 	[ RECV ]	Packet: Download ...
2024-06-17 16:32:29 [ INFO ] 	[ RECV ]	Packet: Download ...
2024-06-17 16:32:29 [ INFO ] 	[ RECV ]	Packet: Download ...
2024-06-17 16:32:29 [ INFO ] 	[ RECV ]	Packet: /home/iplugin/Code/Github/socket_raw/tools/utils.cpp
2024-06-17 16:32:45 [ INFO ] 	[ CLIENT ]	Starting ...
2024-06-17 16:32:46 [ INFO ] 	[ PARAMS ]	Client received arguments
2024-06-17 16:32:47 [ INFO ] 	[ SOCKET ]	Socket was created
2024-06-17 16:32:48 [ INFO ] 	[ HDRINCL ]	Setting IP_HDRINCL successfully
2024-06-17 16:32:49 [ INFO ] 	[ SEND ]	Packet: utils.cpp
2024-06-17 16:38:58 [ INFO ] 	[ CLIENT ]	Starting ...
2024-06-17 16:38:59 [ INFO ] 	[ PARAMS ]	Client received arguments
2024-06-17 16:39:00 [ INFO ] 	[ SOCKET ]	Socket was created
2024-06-17 16:39:01 [ INFO ] 	[ HDRINCL ]	Setting IP_HDRINCL successfully
2024-06-17 16:39:02 [ INFO ] 	[ SEND ]	Packet: utils.cpp
2024-06-17 16:45:41 [ INFO ] 	[ CLIENT ]	Starting ...
2024-06-17 16:45:42 [ INFO ] 	[ PARAMS ]	Client received arguments
2024-06-17 16:45:43 [ INFO ] 	[ SOCKET ]	Socket was created
2024-06-17 16:45:44 [ INFO ] 	[ HDRINCL ]	Setting IP_HDRINCL successfully
2024-06-17 16:45:45 [ INFO ] 	[ SEND ]	Packet: utils.cpp
2024-06-17 16:48:33 [ INFO ] 	[ CLIENT ]	Starting ...
2024-06-17 16:48:34 [ INFO ] 	[ PARAMS ]	Client received arguments
2024-06-17 16:48:35 [ INFO ] 	[ SOCKET ]	Socket was created
2024-06-17 16:48:36 [ INFO ] 	[ HDRINCL ]	Setting IP_HDRINCL successfully
2024-06-17 16:48:37 [ INFO ] 	[ SEND ]	Packet: utils.cpp
2024-06-17 16:56:31 [ INFO ] 	[ CLIENT ]	Starting ...
2024-06-17 16:56:32 [ INFO ] 	[ PARAMS ]	Client received arguments
2024-06-17 16:56:33 [ INFO ] 	[ SOCKET ]	Socket was created
2024-06-17 16:56:34 [ INFO ] 	[ HDRINCL ]	Setting IP_HDRINCL successfully
2024-06-17 16:56:35 [ INFO ] 	[ SEND ]	Packet: utils.cpp
2024-06-17 17:00:23 [ INFO ] 	[ CLIENT ]	Starting ...
2024-06-17 17:00:24 [ INFO ] 	[ PARAMS ]	Client received arguments
2024-06-17 17:00:25 [ INFO ] 	[ SOCKET ]	Socket was created
2024-06-17 17:00:26 [ INFO ] 	[ HDRINCL ]	Setting IP_HDRINCL successfully
2024-06-17 17:00:27 [ INFO ] 	[ SEND ]	Packet: utils.cpp
2024-06-17 17:01:39 [ INFO ] 	[ CLIENT ]	Starting ...
2024-06-17 17:01:40 [ INFO ] 	[ PARAMS ]	Client received arguments
2024-06-17 17:01:41 [ INFO ] 	[ SOCKET ]	Socket was created
2024-06-17 17:01:42 [ INFO ] 	[ HDRINCL ]	Setting IP_HDRINCL successfully
2024-06-17 17:01:43 [ INFO ] 	[ SEND ]	Packet: utils.cpp
2024-06-17 17:05:32 [ INFO ] 	[ CLIENT ]	Starting ...
2024-06-17 17:05:33 [ INFO ] 	[ PARAMS ]	Client received arguments
2024-06-17 17:05:34 [ INFO ] 	[ SOCKET ]	Socket was created
2024-06-17 17:05:35 [ INFO ] 	[ HDRINCL ]	Setting IP_HDRINCL successfully
2024-06-17 17:05:36 [ INFO ] 	[ SEND ]	Packet: utils.cpp
2024-06-17 17:05:39 [ INFO ] 	[ RECV ]	Packet: utils.cpp
2024-06-17 17:08:28 [ INFO ] 	[ CLIENT ]	Starting ...
2024-06-17 17:08:29 [ INFO ] 	[ PARAMS ]	Client received arguments
2024-06-17 17:08:30 [ INFO ] 	[ SOCKET ]	Socket was created
2024-06-17 17:08:31 [ INFO ] 	[ HDRINCL ]	Setting IP_HDRINCL successfully
2024-06-17 17:08:32 [ INFO ] 	[ SEND ]	Packet: utils.cpp
2024-06-17 17:09:53 [ INFO ] 	[ CLIENT ]	Starting ...
2024-06-17 17:09:54 [ INFO ] 	[ PARAMS ]	Client received arguments
2024-06-17 17:09:55 [ INFO ] 	[ SOCKET ]	Socket was created
2024-06-17 17:09:56 [ INFO ] 	[ HDRINCL ]	Setting IP_HDRINCL successfully
2024-06-17 17:09:57 [ INFO ] 	[ SEND ]	Packet: utils.cpp
2024-06-17 17:12:09 [ INFO ] 	[ CLIENT ]	Starting ...
2024-06-17 17:12:10 [ INFO ] 	[ PARAMS ]	Client received arguments
2024-06-17 17:12:11 [ INFO ] 	[ SOCKET ]	Socket was created
2024-06-17 17:12:12 [ INFO ] 	[ HDRINCL ]	Setting IP_HDRINCL successfully
2024-06-17 17:12:13 [ INFO ] 	[ SEND ]	Packet: utils.cpp
2024-06-17 17:16:18 [ INFO ] 	[ CLIENT ]	Starting ...
2024-06-17 17:16:19 [ INFO ] 	[ PARAMS ]	Client received arguments
2024-06-17 17:16:20 [ INFO ] 	[ SOCKET ]	Socket was created
2024-06-17 17:16:21 [ INFO ] 	[ HDRINCL ]	Setting IP_HDRINCL successfully
2024-06-17 17:16:22 [ INFO ] 	[ SEND ]	Packet: utils.cpp
2024-06-17 17:16:26 [ INFO ] 	[ RECV ]	Packet: Download ...
2024-06-17 17:16:26 [ INFO ] 	[ RECV ]	Packet: Download ...
2024-06-17 17:16:27 [ INFO ] 	[ RECV ]	Packet: Download ...
2024-06-17 17:16:27 [ INFO ] 	[ RECV ]	Packet: /home/iplugin/Code/Github/socket_raw/tools/utils.cpp
2024-06-17 17:16:40 [ INFO ] 	[ CLIENT ]	Starting ...
2024-06-17 17:16:41 [ INFO ] 	[ PARAMS ]	Client received arguments
2024-06-17 17:16:42 [ INFO ] 	[ SOCKET ]	Socket was created
2024-06-17 17:16:43 [ INFO ] 	[ HDRINCL ]	Setting IP_HDRINCL successfully
2024-06-17 17:16:44 [ INFO ] 	[ SEND ]	Packet: utils.cpp
2024-06-17 17:16:46 [ INFO ] 	[ RECV ]	Packet: Download ...
2024-06-17 17:16:47 [ INFO ] 	[ RECV ]	Packet: Download ...
2024-06-17 17:16:47 [ INFO ] 	[ RECV ]	Packet: Download ...
2024-06-17 17:16:48 [ INFO ] 	[ RECV ]	Packet: Download ...
2024-06-17 17:16:48 [ INFO ] 	[ RECV ]	Packet: Download ...
2024-06-17 17:16:49 [ INFO ] 	[ RECV ]	Packet: Download ...
2024-06-17 17:16:49 [ INFO ] 	[ RECV ]	Packet: Not Found
2024-06-17 17:34:51 [ INFO ] 	[ CLIENT ]	Starting ...
2024-06-17 17:34:52 [ INFO ] 	[ PARAMS ]	Client received arguments
2024-06-17 17:34:53 [ INFO ] 	[ SOCKET ]	Socket was created
2024-06-17 17:34:54 [ INFO ] 	[ HDRINCL ]	Setting IP_HDRINCL successfully
2024-06-17 17:34:55 [ INFO ] 	[ SEND ]	Packet: utils.cpp
2024-06-17 17:34:59 [ INFO ] 	[ RECV ]	Packet: Download ...
2024-06-17 17:34:59 [ INFO ] 	[ RECV ]	Packet: Download ...
2024-06-17 17:35:00 [ INFO ] 	[ RECV ]	Packet: Download ...
2024-06-17 17:35:00 [ INFO ] 	[ RECV ]	Packet: /home/iplugin/Code/Github/socket_raw/tools/utils.cpp
2024-06-17 17:44:52 [ INFO ] 	[ CLIENT ]	Starting ...
2024-06-17 17:44:53 [ INFO ] 	[ PARAMS ]	Client received arguments
2024-06-17 17:44:54 [ INFO ] 	[ SOCKET ]	Socket was created
2024-06-17 17:44:55 [ INFO ] 	[ HDRINCL ]	Setting IP_HDRINCL successfully
2024-06-17 17:44:56 [ INFO ] 	[ SEND ]	Packet: utils.cpp
2024-06-17 17:45:00 [ INFO ] 	[ RECV ]	Packet: Download ...
2024-06-17 17:45:00 [ INFO ] 	[ RECV ]	Packet: Download ...
2024-06-17 17:45:01 [ INFO ] 	[ RECV ]	Packet: Download ...
2024-06-17 17:45:01 [ INFO ] 	[ RECV ]	Packet: Download ...
2024-06-17 17:45:02 [ INFO ] 	[ RECV ]	Packet: Download ...
2024-06-17 17:45:02 [ INFO ] 	[ RECV ]	Packet: Download ...
2024-06-17 17:45:03 [ INFO ] 	[ RECV ]	Packet: Not Found
2024-06-17 17:51:51 [ INFO ] 	[ CLIENT ]	Starting ...
2024-06-17 17:51:52 [ INFO ] 	[ PARAMS ]	Client received arguments
2024-06-17 17:51:53 [ INFO ] 	[ SOCKET ]	Socket was created
2024-06-17 17:51:54 [ INFO ] 	[ HDRINCL ]	Setting IP_HDRINCL successfully
2024-06-17 17:51:55 [ INFO ] 	[ SEND ]	Packet: utils.cpp
2024-06-17 17:52:14 [ INFO ] 	[ CLIENT ]	Starting ...
2024-06-17 17:52:15 [ INFO ] 	[ PARAMS ]	Client received arguments
2024-06-17 17:52:16 [ INFO ] 	[ SOCKET ]	Socket was created
2024-06-17 17:52:17 [ INFO ] 	[ HDRINCL ]	Setting IP_HDRINCL successfully
2024-06-17 17:52:18 [ INFO ] 	[ SEND ]	Packet: utils.cpp
2024-06-17 17:56:15 [ INFO ] 	[ CLIENT ]	Starting ...
2024-06-17 17:56:16 [ INFO ] 	[ PARAMS ]	Client received arguments
2024-06-17 17:56:17 [ INFO ] 	[ SOCKET ]	Socket was created
2024-06-17 17:56:18 [ INFO ] 	[ HDRINCL ]	Setting IP_HDRINCL successfully
2024-06-17 17:56:19 [ INFO ] 	[ SEND ]	Packet: utils.cpp
2024-06-17 17:56:35 [ INFO ] 	[ CLIENT ]	Starting ...
2024-06-17 17:56:36 [ INFO ] 	[ PARAMS ]	Client received arguments
2024-06-17 17:56:37 [ INFO ] 	[ SOCKET ]	Socket was created
2024-06-17 17:56:38 [ INFO ] 	[ HDRINCL ]	Setting IP_HDRINCL successfully
2024-06-17 17:56:39 [ INFO ] 	[ SEND ]	Packet: utils.cpp
2024-06-17 18:05:36 [ INFO ] 	[ CLIENT ]	Starting ...
2024-06-17 18:05:37 [ INFO ] 	[ PARAMS ]	Client received arguments
2024-06-17 18:05:38 [ INFO ] 	[ SOCKET ]	Socket was created
2024-06-17 18:05:39 [ INFO ] 	[ HDRINCL ]	Setting IP_HDRINCL successfully
2024-06-17 18:05:40 [ INFO ] 	[ SEND ]	Packet: utils.cpp
2024-06-17 18:15:23 [ INFO ] 	[ CLIENT ]	Starting ...
2024-06-17 18:15:24 [ INFO ] 	[ PARAMS ]	Client received arguments
2024-06-17 18:15:25 [ INFO ] 	[ SOCKET ]	Socket was created
2024-06-17 18:15:26 [ INFO ] 	[ HDRINCL ]	Setting IP_HDRINCL successfully
2024-06-17 18:15:27 [ INFO ] 	[ SEND ]	Packet: utils.cpp
2024-06-17 18:15:30 [ INFO ] 	[ RECV ]	Packet: Download ...
2024-06-17 18:15:31 [ INFO ] 	[ RECV ]	Packet: Download ...
2024-06-17 18:15:31 [ INFO ] 	[ RECV ]	Packet: Download ...
2024-06-17 18:15:31 [ INFO ] 	[ RECV ]	Packet: /home/iplugin/Code/Github/socket_raw/tools/utils.cpp
2024-06-17 18:15:43 [ INFO ] 	[ CLIENT ]	Starting ...
2024-06-17 18:15:44 [ INFO ] 	[ PARAMS ]	Client received arguments
2024-06-17 18:15:45 [ INFO ] 	[ SOCKET ]	Socket was created
2024-06-17 18:15:46 [ INFO ] 	[ HDRINCL ]	Setting IP_HDRINCL successfully
2024-06-17 18:15:47 [ INFO ] 	[ SEND ]	Packet: utils.cpp
2024-06-17 18:15:49 [ INFO ] 	[ RECV ]	Packet: Download ...
2024-06-17 18:15:50 [ INFO ] 	[ RECV ]	Packet: Download ...
2024-06-17 18:15:50 [ INFO ] 	[ RECV ]	Packet: Download ...
2024-06-17 18:15:51 [ INFO ] 	[ RECV ]	Packet: /home/iplugin/Code/Github/socket_raw/tools/utils.cpp
2024-06-17 18:16:10 [ INFO ] 	[ CLIENT ]	Starting ...
2024-06-17 18:16:11 [ INFO ] 	[ PARAMS ]	Client received arguments
2024-06-17 18:16:12 [ INFO ] 	[ SOCKET ]	Socket was created
2024-06-17 18:16:13 [ INFO ] 	[ HDRINCL ]	Setting IP_HDRINCL successfully
2024-06-17 18:16:14 [ INFO ] 	[ SEND ]	Packet: utils.cpp
2024-06-17 18:16:15 [ INFO ] 	[ RECV ]	Packet: Download ...
2024-06-17 18:16:16 [ INFO ] 	[ RECV ]	Packet: Download ...
2024-06-17 18:16:16 [ INFO ] 	[ RECV ]	Packet: Download ...
2024-06-17 18:16:17 [ INFO ] 	[ RECV ]	Packet: Download ...
2024-06-17 18:16:17 [ INFO ] 	[ RECV ]	Packet: Download ...
2024-06-17 18:16:18 [ INFO ] 	[ RECV ]	Packet: Download ...
2024-06-17 18:16:18 [ INFO ] 	[ RECV ]	Packet: Not Found
2024-06-17 18:16:51 [ INFO ] 	[ CLIENT ]	Starting ...
2024-06-17 18:16:52 [ INFO ] 	[ PARAMS ]	Client received arguments
2024-06-17 18:16:53 [ INFO ] 	[ SOCKET ]	Socket was created
2024-06-17 18:16:54 [ INFO ] 	[ HDRINCL ]	Setting IP_HDRINCL successfully
2024-06-17 18:16:55 [ INFO ] 	[ SEND ]	Packet: utils.cpp
2024-06-17 18:18:39 [ INFO ] 	[ CLIENT ]	Starting ...
2024-06-17 18:18:40 [ INFO ] 	[ PARAMS ]	Client received arguments
2024-06-17 18:18:41 [ INFO ] 	[ SOCKET ]	Socket was created
2024-06-17 18:18:42 [ INFO ] 	[ HDRINCL ]	Setting IP_HDRINCL successfully
2024-06-17 18:18:43 [ INFO ] 	[ SEND ]	Packet: utils.cpp
2024-06-17 18:18:54 [ INFO ] 	[ CLIENT ]	Starting ...
2024-06-17 18:18:55 [ INFO ] 	[ PARAMS ]	Client received arguments
2024-06-17 18:18:56 [ INFO ] 	[ SOCKET ]	Socket was created
2024-06-17 18:18:57 [ INFO ] 	[ HDRINCL ]	Setting IP_HDRINCL successfully
2024-06-17 18:18:58 [ INFO ] 	[ SEND ]	Packet: utils.cpp
2024-06-17 18:20:13 [ INFO ] 	[ CLIENT ]	Starting ...
2024-06-17 18:20:14 [ INFO ] 	[ PARAMS ]	Client received arguments
2024-06-17 18:20:15 [ INFO ] 	[ SOCKET ]	Socket was created
2024-06-17 18:20:16 [ INFO ] 	[ HDRINCL ]	Setting IP_HDRINCL successfully
2024-06-17 18:20:17 [ INFO ] 	[ SEND ]	Packet: utils.cpp
2024-06-17 18:22:12 [ INFO ] 	[ CLIENT ]	Starting ...
2024-06-17 18:22:13 [ INFO ] 	[ PARAMS ]	Client received arguments
2024-06-17 18:22:14 [ INFO ] 	[ SOCKET ]	Socket was created
2024-06-17 18:22:15 [ INFO ] 	[ HDRINCL ]	Setting IP_HDRINCL successfully
2024-06-17 18:22:16 [ INFO ] 	[ SEND ]	Packet: utils.cpp
2024-06-17 18:22:16 [ INFO ] 	[ RECV ]	Packet: Download ...
2024-06-17 18:22:17 [ INFO ] 	[ RECV ]	Packet: Download ...
2024-06-17 18:22:17 [ INFO ] 	[ RECV ]	Packet: Download ...
2024-06-17 18:22:17 [ INFO ] 	[ RECV ]	Packet: /home/iplugin/Code/Github/socket_raw/tools/utils.cpp
2024-06-17 18:29:49 [ INFO ] 	[ CLIENT ]	Starting ...
2024-06-17 18:29:50 [ INFO ] 	[ PARAMS ]	Client received arguments
2024-06-17 18:29:51 [ INFO ] 	[ SOCKET ]	Socket was created
2024-06-17 18:29:52 [ INFO ] 	[ HDRINCL ]	Setting IP_HDRINCL successfully
2024-06-17 18:29:53 [ INFO ] 	[ SEND ]	Packet: utils.cpp
2024-06-17 18:31:18 [ INFO ] 	[ CLIENT ]	Starting ...
2024-06-17 18:31:19 [ INFO ] 	[ PARAMS ]	Client received arguments
2024-06-17 18:31:20 [ INFO ] 	[ SOCKET ]	Socket was created
2024-06-17 18:31:21 [ INFO ] 	[ HDRINCL ]	Setting IP_HDRINCL successfully
2024-06-17 18:31:22 [ INFO ] 	[ SEND ]	Packet: utils.cpp
2024-06-17 18:31:53 [ INFO ] 	[ CLIENT ]	Starting ...
2024-06-17 18:31:54 [ INFO ] 	[ PARAMS ]	Client received arguments
2024-06-17 18:31:55 [ INFO ] 	[ SOCKET ]	Socket was created
2024-06-17 18:31:56 [ INFO ] 	[ HDRINCL ]	Setting IP_HDRINCL successfully
2024-06-17 18:31:57 [ INFO ] 	[ SEND ]	Packet: utils.cpp
2024-06-17 18:35:28 [ INFO ] 	[ CLIENT ]	Starting ...
2024-06-17 18:35:29 [ INFO ] 	[ PARAMS ]	Client received arguments
2024-06-17 18:35:30 [ INFO ] 	[ SOCKET ]	Socket was created
2024-06-17 18:35:31 [ INFO ] 	[ HDRINCL ]	Setting IP_HDRINCL successfully
2024-06-17 18:35:32 [ INFO ] 	[ SEND ]	Packet: utils.cpp
2024-06-17 18:39:29 [ INFO ] 	[ CLIENT ]	Starting ...
2024-06-17 18:39:30 [ INFO ] 	[ PARAMS ]	Client received arguments
2024-06-17 18:39:31 [ INFO ] 	[ SOCKET ]	Socket was created
2024-06-17 18:39:32 [ INFO ] 	[ HDRINCL ]	Setting IP_HDRINCL successfully
2024-06-17 18:39:33 [ INFO ] 	[ SEND ]	Packet: utils.cpp
2024-06-17 18:42:19 [ INFO ] 	[ CLIENT ]	Starting ...
2024-06-17 18:42:20 [ INFO ] 	[ PARAMS ]	Client received arguments
2024-06-17 18:42:21 [ INFO ] 	[ SOCKET ]	Socket was created
2024-06-17 18:42:22 [ INFO ] 	[ HDRINCL ]	Setting IP_HDRINCL successfully
2024-06-17 18:42:23 [ INFO ] 	[ SEND ]	Packet: utils.cpp
2024-06-17 18:43:11 [ INFO ] 	[ CLIENT ]	Starting ...
2024-06-17 18:43:12 [ INFO ] 	[ PARAMS ]	Client received arguments
2024-06-17 18:43:13 [ INFO ] 	[ SOCKET ]	Socket was created
2024-06-17 18:43:14 [ INFO ] 	[ HDRINCL ]	Setting IP_HDRINCL successfully
2024-06-17 18:43:15 [ INFO ] 	[ SEND ]	Packet: utils.cpp
2024-06-17 18:44:32 [ INFO ] 	[ CLIENT ]	Starting ...
2024-06-17 18:44:33 [ INFO ] 	[ PARAMS ]	Client received arguments
2024-06-17 18:44:34 [ INFO ] 	[ SOCKET ]	Socket was created
2024-06-17 18:44:35 [ INFO ] 	[ HDRINCL ]	Setting IP_HDRINCL successfully
2024-06-17 18:44:36 [ INFO ] 	[ SEND ]	Packet: utils.cpp
2024-06-17 18:45:07 [ INFO ] 	[ CLIENT ]	Starting ...
2024-06-17 18:45:08 [ INFO ] 	[ PARAMS ]	Client received arguments
2024-06-17 18:45:09 [ INFO ] 	[ SOCKET ]	Socket was created
2024-06-17 18:45:10 [ INFO ] 	[ HDRINCL ]	Setting IP_HDRINCL successfully
2024-06-17 18:45:11 [ INFO ] 	[ SEND ]	Packet: utils.cpp
2024-06-17 18:45:39 [ INFO ] 	[ CLIENT ]	Starting ...
2024-06-17 18:45:40 [ INFO ] 	[ PARAMS ]	Client received arguments
2024-06-17 18:45:41 [ INFO ] 	[ SOCKET ]	Socket was created
2024-06-17 18:45:42 [ INFO ] 	[ HDRINCL ]	Setting IP_HDRINCL successfully
2024-06-17 18:45:43 [ INFO ] 	[ SEND ]	Packet: utils.cpp
2024-06-17 18:49:01 [ INFO ] 	[ CLIENT ]	Starting ...
2024-06-17 18:49:02 [ INFO ] 	[ PARAMS ]	Client received arguments
2024-06-17 18:49:03 [ INFO ] 	[ SOCKET ]	Socket was created
2024-06-17 18:49:04 [ INFO ] 	[ HDRINCL ]	Setting IP_HDRINCL successfully
2024-06-17 18:49:05 [ INFO ] 	[ SEND ]	Packet: utils.cpp
2024-06-17 19:36:21 [ INFO ] 	[ CLIENT ]	Starting ...
2024-06-17 19:36:22 [ INFO ] 	[ PARAMS ]	Client received arguments
2024-06-17 19:36:23 [ INFO ] 	[ SOCKET ]	Socket was created
2024-06-17 19:36:24 [ INFO ] 	[ HDRINCL ]	Setting IP_HDRINCL successfully
2024-06-17 19:36:25 [ INFO ] 	[ SEND ]	Packet: utils.cpp
2024-06-17 19:37:31 [ INFO ] 	[ CLIENT ]	Starting ...
2024-06-17 19:37:32 [ INFO ] 	[ PARAMS ]	Client received arguments
2024-06-17 19:37:33 [ INFO ] 	[ SOCKET ]	Socket was created
2024-06-17 19:37:34 [ INFO ] 	[ HDRINCL ]	Setting IP_HDRINCL successfully
2024-06-17 19:37:35 [ INFO ] 	[ SEND ]	Packet: utils.cpp
2024-06-17 19:44:07 [ INFO ] 	[ CLIENT ]	Starting ...
2024-06-17 19:44:08 [ INFO ] 	[ PARAMS ]	Client received arguments
2024-06-17 19:44:09 [ INFO ] 	[ SOCKET ]	Socket was created
2024-06-17 19:44:10 [ INFO ] 	[ HDRINCL ]	Setting IP_HDRINCL successfully
2024-06-17 19:44:11 [ INFO ] 	[ SEND ]	Packet: utils.cpp
2024-06-17 19:47:29 [ INFO ] 	[ CLIENT ]	Starting ...
2024-06-17 19:47:30 [ INFO ] 	[ PARAMS ]	Client received arguments
2024-06-17 19:47:31 [ INFO ] 	[ SOCKET ]	Socket was created
2024-06-17 19:47:32 [ INFO ] 	[ HDRINCL ]	Setting IP_HDRINCL successfully
2024-06-17 19:47:33 [ INFO ] 	[ SEND ]	Packet: utils.cpp
2024-06-17 19:48:37 [ INFO ] 	[ CLIENT ]	Starting ...
2024-06-17 19:48:38 [ INFO ] 	[ PARAMS ]	Client received arguments
2024-06-17 19:48:39 [ INFO ] 	[ SOCKET ]	Socket was created
2024-06-17 19:48:40 [ INFO ] 	[ HDRINCL ]	Setting IP_HDRINCL successfully
2024-06-17 19:48:41 [ INFO ] 	[ SEND ]	Packet: utils.cpp
2024-06-17 19:51:19 [ INFO ] 	[ CLIENT ]	Starting ...
2024-06-17 19:51:20 [ INFO ] 	[ PARAMS ]	Client received arguments
2024-06-17 19:51:21 [ INFO ] 	[ SOCKET ]	Socket was created
2024-06-17 19:51:22 [ INFO ] 	[ HDRINCL ]	Setting IP_HDRINCL successfully
2024-06-17 19:51:23 [ INFO ] 	[ SEND ]	Packet: utils.cpp
2024-06-17 20:03:36 [ INFO ] 	[ CLIENT ]	Starting ...
2024-06-17 20:03:37 [ INFO ] 	[ PARAMS ]	Client received arguments
2024-06-17 20:03:38 [ INFO ] 	[ SOCKET ]	Socket was created
2024-06-17 20:03:39 [ INFO ] 	[ HDRINCL ]	Setting IP_HDRINCL successfully
2024-06-17 20:03:40 [ INFO ] 	[ SEND ]	Packet: utils.cpp
2024-06-17 20:06:20 [ INFO ] 	[ CLIENT ]	Starting ...
2024-06-17 20:06:21 [ INFO ] 	[ PARAMS ]	Client received arguments
2024-06-17 20:06:22 [ INFO ] 	[ SOCKET ]	Socket was created
2024-06-17 20:06:23 [ INFO ] 	[ HDRINCL ]	Setting IP_HDRINCL successfully
2024-06-17 20:06:24 [ INFO ] 	[ SEND ]	Packet: utils.cpp
2024-06-17 20:08:11 [ INFO ] 	[ CLIENT ]	Starting ...
2024-06-17 20:08:12 [ INFO ] 	[ PARAMS ]	Client received arguments
2024-06-17 20:08:13 [ INFO ] 	[ SOCKET ]	Socket was created
2024-06-17 20:08:14 [ INFO ] 	[ HDRINCL ]	Setting IP_HDRINCL successfully
2024-06-17 20:08:15 [ INFO ] 	[ SEND ]	Packet: utils.cpp
2024-06-17 20:09:28 [ INFO ] 	[ CLIENT ]	Starting ...
2024-06-17 20:09:29 [ INFO ] 	[ PARAMS ]	Client received arguments
2024-06-17 20:09:30 [ INFO ] 	[ SOCKET ]	Socket was created
2024-06-17 20:09:31 [ INFO ] 	[ HDRINCL ]	Setting IP_HDRINCL successfully
2024-06-17 20:09:32 [ INFO ] 	[ SEND ]	Packet: utils.cpp
2024-06-17 20:10:32 [ INFO ] 	[ CLIENT ]	Starting ...
2024-06-17 20:10:33 [ INFO ] 	[ PARAMS ]	Client received arguments
2024-06-17 20:10:34 [ INFO ] 	[ SOCKET ]	Socket was created
2024-06-17 20:10:35 [ INFO ] 	[ HDRINCL ]	Setting IP_HDRINCL successfully
2024-06-17 20:10:36 [ INFO ] 	[ SEND ]	Packet: utils.cpp
2024-06-17 20:12:33 [ INFO ] 	[ CLIENT ]	Starting ...
2024-06-17 20:12:34 [ INFO ] 	[ PARAMS ]	Client received arguments
2024-06-17 20:12:35 [ INFO ] 	[ SOCKET ]	Socket was created
2024-06-17 20:12:36 [ INFO ] 	[ HDRINCL ]	Setting IP_HDRINCL successfully
2024-06-17 20:12:37 [ INFO ] 	[ SEND ]	Packet: utils.cpp
2024-06-17 20:15:42 [ INFO ] 	[ CLIENT ]	Starting ...
2024-06-17 20:15:43 [ INFO ] 	[ PARAMS ]	Client received arguments
2024-06-17 20:15:44 [ INFO ] 	[ SOCKET ]	Socket was created
2024-06-17 20:15:45 [ INFO ] 	[ HDRINCL ]	Setting IP_HDRINCL successfully
2024-06-17 20:15:46 [ INFO ] 	[ SEND ]	Packet: utils.cpp
2024-06-17 20:16:54 [ INFO ] 	[ CLIENT ]	Starting ...
2024-06-17 20:16:55 [ INFO ] 	[ PARAMS ]	Client received arguments
2024-06-17 20:16:56 [ INFO ] 	[ SOCKET ]	Socket was created
2024-06-17 20:16:57 [ INFO ] 	[ HDRINCL ]	Setting IP_HDRINCL successfully
2024-06-17 20:16:58 [ INFO ] 	[ SEND ]	Packet: utils.cpp
2024-06-17 20:22:11 [ INFO ] 	[ CLIENT ]	Starting ...
2024-06-17 20:22:12 [ INFO ] 	[ PARAMS ]	Client received arguments
2024-06-17 20:22:13 [ INFO ] 	[ SOCKET ]	Socket was created
2024-06-17 20:22:14 [ INFO ] 	[ HDRINCL ]	Setting IP_HDRINCL successfully
2024-06-17 20:22:15 [ INFO ] 	[ SEND ]	Packet: utils.cpp
2024-06-17 20:25:06 [ INFO ] 	[ CLIENT ]	Starting ...
2024-06-17 20:25:07 [ INFO ] 	[ PARAMS ]	Client received arguments
2024-06-17 20:25:08 [ INFO ] 	[ SOCKET ]	Socket was created
2024-06-17 20:25:09 [ INFO ] 	[ HDRINCL ]	Setting IP_HDRINCL successfully
2024-06-17 20:25:10 [ INFO ] 	[ SEND ]	Packet: utils.cpp
2024-06-17 20:33:51 [ INFO ] 	[ CLIENT ]	Starting ...
2024-06-17 20:33:52 [ INFO ] 	[ PARAMS ]	Client received arguments
2024-06-17 20:33:53 [ INFO ] 	[ SOCKET ]	Socket was created
2024-06-17 20:33:54 [ INFO ] 	[ HDRINCL ]	Setting IP_HDRINCL successfully
2024-06-17 20:33:55 [ INFO ] 	[ SEND ]	Packet: utils.cpp
2024-06-17 20:35:37 [ INFO ] 	[ CLIENT ]	Starting ...
2024-06-17 20:35:38 [ INFO ] 	[ PARAMS ]	Client received arguments
2024-06-17 20:35:39 [ INFO ] 	[ SOCKET ]	Socket was created
2024-06-17 20:35:40 [ INFO ] 	[ HDRINCL ]	Setting IP_HDRINCL successfully
2024-06-17 20:35:41 [ INFO ] 	[ SEND ]	Packet: utils.cpp
2024-06-17 20:38:29 [ INFO ] 	[ CLIENT ]	Starting ...
2024-06-17 20:38:30 [ INFO ] 	[ PARAMS ]	Client received arguments
2024-06-17 20:38:31 [ INFO ] 	[ SOCKET ]	Socket was created
2024-06-17 20:38:32 [ INFO ] 	[ HDRINCL ]	Setting IP_HDRINCL successfully
2024-06-17 20:38:33 [ INFO ] 	[ SEND ]	Packet: utils.cpp
2024-06-17 20:43:28 [ INFO ] 	[ CLIENT ]	Starting ...
2024-06-17 20:43:29 [ INFO ] 	[ PARAMS ]	Client received arguments
2024-06-17 20:43:30 [ INFO ] 	[ SOCKET ]	Socket was created
2024-06-17 20:43:31 [ INFO ] 	[ HDRINCL ]	Setting IP_HDRINCL successfully
2024-06-17 20:43:32 [ INFO ] 	[ SEND ]	Packet: utils.cpp
2024-06-17 20:48:31 [ INFO ] 	[ CLIENT ]	Starting ...
2024-06-17 20:48:32 [ INFO ] 	[ PARAMS ]	Client received arguments
2024-06-17 20:48:33 [ INFO ] 	[ SOCKET ]	Socket was created
2024-06-17 20:48:34 [ INFO ] 	[ HDRINCL ]	Setting IP_HDRINCL successfully
2024-06-17 20:48:35 [ INFO ] 	[ SEND ]	Packet: utils.cpp
2024-06-17 20:52:11 [ INFO ] 	[ CLIENT ]	Starting ...
2024-06-17 20:52:12 [ INFO ] 	[ PARAMS ]	Client received arguments
2024-06-17 20:52:13 [ INFO ] 	[ SOCKET ]	Socket was created
2024-06-17 20:52:14 [ INFO ] 	[ HDRINCL ]	Setting IP_HDRINCL successfully
2024-06-17 20:52:15 [ INFO ] 	[ SEND ]	Packet: utils.cpp
2024-06-17 20:56:24 [ INFO ] 	[ CLIENT ]	Starting ...
2024-06-17 20:56:25 [ INFO ] 	[ PARAMS ]	Client received arguments
2024-06-17 20:56:26 [ INFO ] 	[ SOCKET ]	Socket was created
2024-06-17 20:56:27 [ INFO ] 	[ HDRINCL ]	Setting IP_HDRINCL successfully
2024-06-17 20:56:28 [ INFO ] 	[ SEND ]	Packet: utils.cpp
2024-06-17 21:03:27 [ INFO ] 	[ CLIENT ]	Starting ...
2024-06-17 21:03:28 [ INFO ] 	[ PARAMS ]	Client received arguments
2024-06-17 21:03:29 [ INFO ] 	[ SOCKET ]	Socket was created
2024-06-17 21:03:30 [ INFO ] 	[ HDRINCL ]	Setting IP_HDRINCL successfully
2024-06-17 21:03:31 [ INFO ] 	[ SEND ]	Packet: utils.cpp
2024-06-17 21:06:02 [ INFO ] 	[ CLIENT ]	Starting ...
2024-06-17 21:06:03 [ INFO ] 	[ PARAMS ]	Client received arguments
2024-06-17 21:06:04 [ INFO ] 	[ SOCKET ]	Socket was created
2024-06-17 21:06:05 [ INFO ] 	[ HDRINCL ]	Setting IP_HDRINCL successfully
2024-06-17 21:06:06 [ INFO ] 	[ SEND ]	Packet: utils.cpp
2024-06-17 21:07:44 [ INFO ] 	[ CLIENT ]	Starting ...
2024-06-17 21:07:45 [ INFO ] 	[ PARAMS ]	Client received arguments
2024-06-17 21:07:46 [ INFO ] 	[ SOCKET ]	Socket was created
2024-06-17 21:07:47 [ INFO ] 	[ HDRINCL ]	Setting IP_HDRINCL successfully
2024-06-17 21:07:48 [ INFO ] 	[ SEND ]	Packet: utils.cpp
2024-06-17 21:10:38 [ INFO ] 	[ CLIENT ]	Starting ...
2024-06-17 21:10:39 [ INFO ] 	[ PARAMS ]	Client received arguments
2024-06-17 21:10:40 [ INFO ] 	[ SOCKET ]	Socket was created
2024-06-17 21:10:41 [ INFO ] 	[ HDRINCL ]	Setting IP_HDRINCL successfully
2024-06-17 21:10:42 [ INFO ] 	[ SEND ]	Packet: utils.cpp
2024-06-17 21:12:31 [ INFO ] 	[ CLIENT ]	Starting ...
2024-06-17 21:12:32 [ INFO ] 	[ PARAMS ]	Client received arguments
2024-06-17 21:12:33 [ INFO ] 	[ SOCKET ]	Socket was created
2024-06-17 21:12:34 [ INFO ] 	[ HDRINCL ]	Setting IP_HDRINCL successfully
2024-06-17 21:12:35 [ INFO ] 	[ SEND ]	Packet: utils.cpp
2024-06-17 21:14:09 [ INFO ] 	[ CLIENT ]	Starting ...
2024-06-17 21:14:10 [ INFO ] 	[ PARAMS ]	Client received arguments
2024-06-17 21:14:11 [ INFO ] 	[ SOCKET ]	Socket was created
2024-06-17 21:14:12 [ INFO ] 	[ HDRINCL ]	Setting IP_HDRINCL successfully
2024-06-17 21:14:13 [ INFO ] 	[ SEND ]	Packet: utils.cpp
2024-06-17 21:15:29 [ INFO ] 	[ CLIENT ]	Starting ...
2024-06-17 21:15:30 [ INFO ] 	[ PARAMS ]	Client received arguments
2024-06-17 21:15:31 [ INFO ] 	[ SOCKET ]	Socket was created
2024-06-17 21:15:32 [ INFO ] 	[ HDRINCL ]	Setting IP_HDRINCL successfully
2024-06-17 21:15:33 [ INFO ] 	[ SEND ]	Packet: utils.cpp
2024-06-17 21:16:53 [ INFO ] 	[ CLIENT ]	Starting ...
2024-06-17 21:16:54 [ INFO ] 	[ PARAMS ]	Client received arguments
2024-06-17 21:16:55 [ INFO ] 	[ SOCKET ]	Socket was created
2024-06-17 21:16:56 [ INFO ] 	[ HDRINCL ]	Setting IP_HDRINCL successfully
2024-06-17 21:16:57 [ INFO ] 	[ SEND ]	Packet: utils.cpp
2024-06-17 21:18:43 [ INFO ] 	[ CLIENT ]	Starting ...
2024-06-17 21:18:44 [ INFO ] 	[ PARAMS ]	Client received arguments
2024-06-17 21:18:45 [ INFO ] 	[ SOCKET ]	Socket was created
2024-06-17 21:18:46 [ INFO ] 	[ HDRINCL ]	Setting IP_HDRINCL successfully
2024-06-17 21:18:47 [ INFO ] 	[ SEND ]	Packet: utils.cpp
2024-06-17 21:23:24 [ INFO ] 	[ CLIENT ]	Starting ...
2024-06-17 21:23:25 [ INFO ] 	[ PARAMS ]	Client received arguments
2024-06-17 21:23:26 [ INFO ] 	[ SOCKET ]	Socket was created
2024-06-17 21:23:27 [ INFO ] 	[ HDRINCL ]	Setting IP_HDRINCL successfully
2024-06-17 21:23:28 [ INFO ] 	[ SEND ]	Packet: utils.cpp
2024-06-17 21:25:05 [ INFO ] 	[ CLIENT ]	Starting ...
2024-06-17 21:25:06 [ INFO ] 	[ PARAMS ]	Client received arguments
2024-06-17 21:25:07 [ INFO ] 	[ SOCKET ]	Socket was created
2024-06-17 21:25:08 [ INFO ] 	[ HDRINCL ]	Setting IP_HDRINCL successfully
2024-06-17 21:25:09 [ INFO ] 	[ SEND ]	Packet: utils.cpp
2024-06-17 21:29:34 [ INFO ] 	[ CLIENT ]	Starting ...
2024-06-17 21:29:35 [ INFO ] 	[ PARAMS ]	Client received arguments
2024-06-17 21:29:36 [ INFO ] 	[ SOCKET ]	Socket was created
2024-06-17 21:29:37 [ INFO ] 	[ HDRINCL ]	Setting IP_HDRINCL successfully
2024-06-17 21:29:38 [ INFO ] 	[ SEND ]	Packet: utils.cpp
2024-06-17 21:33:33 [ INFO ] 	[ CLIENT ]	Starting ...
2024-06-17 21:33:34 [ INFO ] 	[ PARAMS ]	Client received arguments
2024-06-17 21:33:35 [ INFO ] 	[ SOCKET ]	Socket was created
2024-06-17 21:33:36 [ INFO ] 	[ HDRINCL ]	Setting IP_HDRINCL successfully
2024-06-17 21:33:37 [ INFO ] 	[ SEND ]	Packet: utils.cpp
2024-06-17 21:37:25 [ INFO ] 	[ CLIENT ]	Starting ...
2024-06-17 21:37:26 [ INFO ] 	[ PARAMS ]	Client received arguments
2024-06-17 21:37:27 [ INFO ] 	[ SOCKET ]	Socket was created
2024-06-17 21:37:28 [ INFO ] 	[ HDRINCL ]	Setting IP_HDRINCL successfully
2024-06-17 21:37:29 [ INFO ] 	[ SEND ]	Packet: utils.cpp
2024-06-17 21:38:50 [ INFO ] 	[ CLIENT ]	Starting ...
2024-06-17 21:38:51 [ INFO ] 	[ PARAMS ]	Client received arguments
2024-06-17 21:38:52 [ INFO ] 	[ SOCKET ]	Socket was created
2024-06-17 21:38:53 [ INFO ] 	[ HDRINCL ]	Setting IP_HDRINCL successfully
2024-06-17 21:38:54 [ INFO ] 	[ SEND ]	Packet: utils.cpp
2024-06-17 21:43:50 [ INFO ] 	[ CLIENT ]	Starting ...
2024-06-17 21:43:51 [ INFO ] 	[ PARAMS ]	Client received arguments
2024-06-17 21:43:52 [ INFO ] 	[ SOCKET ]	Socket was created
2024-06-17 21:43:53 [ INFO ] 	[ HDRINCL ]	Setting IP_HDRINCL successfully
2024-06-17 21:43:54 [ INFO ] 	[ SEND ]	Packet: utils.cpp
2024-06-17 21:45:14 [ INFO ] 	[ CLIENT ]	Starting ...
2024-06-17 21:45:15 [ INFO ] 	[ PARAMS ]	Client received arguments
2024-06-17 21:45:16 [ INFO ] 	[ SOCKET ]	Socket was created
2024-06-17 21:45:17 [ INFO ] 	[ HDRINCL ]	Setting IP_HDRINCL successfully
2024-06-17 21:45:18 [ INFO ] 	[ SEND ]	Packet: utils.cpp
2024-06-17 21:51:00 [ INFO ] 	[ CLIENT ]	Starting ...
2024-06-17 21:51:01 [ INFO ] 	[ PARAMS ]	Client received arguments
2024-06-17 21:51:02 [ INFO ] 	[ SOCKET ]	Socket was created
2024-06-17 21:51:03 [ INFO ] 	[ HDRINCL ]	Setting IP_HDRINCL successfully
2024-06-17 21:51:04 [ INFO ] 	[ SEND ]	Packet: utils.cpp
2024-06-17 21:53:16 [ INFO ] 	[ CLIENT ]	Starting ...
2024-06-17 21:53:17 [ INFO ] 	[ PARAMS ]	Client received arguments
2024-06-17 21:53:18 [ INFO ] 	[ SOCKET ]	Socket was created
2024-06-17 21:53:19 [ INFO ] 	[ HDRINCL ]	Setting IP_HDRINCL successfully
2024-06-17 21:53:20 [ INFO ] 	[ SEND ]	Packet: utils.cpp
2024-06-17 21:57:18 [ INFO ] 	[ CLIENT ]	Starting ...
2024-06-17 21:57:19 [ INFO ] 	[ PARAMS ]	Client received arguments
2024-06-17 21:57:20 [ INFO ] 	[ SOCKET ]	Socket was created
2024-06-17 21:57:21 [ INFO ] 	[ HDRINCL ]	Setting IP_HDRINCL successfully
2024-06-17 21:57:22 [ INFO ] 	[ SEND ]	Packet: utils.cpp
2024-06-17 22:01:40 [ INFO ] 	[ CLIENT ]	Starting ...
2024-06-17 22:01:41 [ INFO ] 	[ PARAMS ]	Client received arguments
2024-06-17 22:01:42 [ INFO ] 	[ SOCKET ]	Socket was created
2024-06-17 22:01:43 [ INFO ] 	[ HDRINCL ]	Setting IP_HDRINCL successfully
2024-06-17 22:01:44 [ INFO ] 	[ SEND ]	Packet: utils.cpp
2024-06-17 22:05:18 [ INFO ] 	[ CLIENT ]	Starting ...
2024-06-17 22:05:19 [ INFO ] 	[ PARAMS ]	Client received arguments
2024-06-17 22:05:20 [ INFO ] 	[ SOCKET ]	Socket was created
2024-06-17 22:05:21 [ INFO ] 	[ HDRINCL ]	Setting IP_HDRINCL successfully
2024-06-17 22:05:22 [ INFO ] 	[ SEND ]	Packet: utils.cpp
2024-06-17 22:07:19 [ INFO ] 	[ CLIENT ]	Starting ...
2024-06-17 22:07:20 [ INFO ] 	[ PARAMS ]	Client received arguments
2024-06-17 22:07:21 [ INFO ] 	[ SOCKET ]	Socket was created
2024-06-17 22:07:22 [ INFO ] 	[ HDRINCL ]	Setting IP_HDRINCL successfully
2024-06-17 22:07:23 [ INFO ] 	[ SEND ]	Packet: utils.cpp
2024-06-17 22:09:45 [ INFO ] 	[ CLIENT ]	Starting ...
2024-06-17 22:09:46 [ INFO ] 	[ PARAMS ]	Client received arguments
2024-06-17 22:09:47 [ INFO ] 	[ SOCKET ]	Socket was created
2024-06-17 22:09:48 [ INFO ] 	[ HDRINCL ]	Setting IP_HDRINCL successfully
2024-06-17 22:09:49 [ INFO ] 	[ SEND ]	Packet: utils.cpp
2024-06-17 22:13:58 [ INFO ] 	[ CLIENT ]	Starting ...
2024-06-17 22:13:59 [ INFO ] 	[ PARAMS ]	Client received arguments
2024-06-17 22:14:00 [ INFO ] 	[ SOCKET ]	Socket was created
2024-06-17 22:14:01 [ INFO ] 	[ HDRINCL ]	Setting IP_HDRINCL successfully
2024-06-17 22:14:02 [ INFO ] 	[ SEND ]	Packet: utils.cpp
2024-06-17 22:28:06 [ INFO ] 	[ CLIENT ]	Starting ...
2024-06-17 22:28:07 [ INFO ] 	[ PARAMS ]	Client received arguments
2024-06-17 22:28:08 [ INFO ] 	[ SOCKET ]	Socket was created
2024-06-17 22:28:09 [ INFO ] 	[ HDRINCL ]	Setting IP_HDRINCL successfully
2024-06-17 22:28:10 [ INFO ] 	[ SEND ]	Packet: utils.cpp
2024-06-17 22:32:53 [ INFO ] 	[ CLIENT ]	Starting ...
2024-06-17 22:32:54 [ INFO ] 	[ PARAMS ]	Client received arguments
2024-06-17 22:32:55 [ INFO ] 	[ SOCKET ]	Socket was created
2024-06-17 22:32:56 [ INFO ] 	[ HDRINCL ]	Setting IP_HDRINCL successfully
2024-06-17 22:32:57 [ INFO ] 	[ SEND ]	Packet: utils.cpp
2024-06-17 22:32:57 [ INFO ] 	[ RECV ]	Packet: Download ...
2024-06-17 22:32:57 [ INFO ] 	[ RECV ]	Packet: Download ...
2024-06-17 22:32:58 [ INFO ] 	[ RECV ]	Packet: Download ...
2024-06-17 22:32:58 [ INFO ] 	[ RECV ]	Packet: /home/iplugin/Code/Github/socket_raw/tools/utils.cpp
2024-06-17 22:37:06 [ INFO ] 	[ CLIENT ]	Starting ...
2024-06-17 22:37:07 [ INFO ] 	[ PARAMS ]	Client received arguments
2024-06-17 22:37:08 [ INFO ] 	[ SOCKET ]	Socket was created
2024-06-17 22:37:09 [ INFO ] 	[ HDRINCL ]	Setting IP_HDRINCL successfully
2024-06-17 22:37:10 [ INFO ] 	[ SEND ]	Packet: utils.cpp
2024-06-17 22:37:10 [ INFO ] 	[ RECV ]	Packet: Download ...
2024-06-17 22:37:10 [ INFO ] 	[ RECV ]	Packet: Download ...
2024-06-17 22:37:11 [ INFO ] 	[ RECV ]	Packet: Download ...
2024-06-17 22:37:11 [ INFO ] 	[ RECV ]	Packet: /home/iplugin/Code/Github/socket_raw/tools/utils.cpp
2024-06-17 22:38:52 [ INFO ] 	[ CLIENT ]	Starting ...
2024-06-17 22:38:53 [ INFO ] 	[ PARAMS ]	Client received arguments
2024-06-17 22:38:54 [ INFO ] 	[ SOCKET ]	Socket was created
2024-06-17 22:38:55 [ INFO ] 	[ HDRINCL ]	Setting IP_HDRINCL successfully
2024-06-17 22:38:56 [ INFO ] 	[ SEND ]	Packet: utils.cpp
2024-06-17 22:38:56 [ INFO ] 	[ RECV ]	Packet: Download ...
2024-06-17 22:38:57 [ INFO ] 	[ RECV ]	Packet: Download ...
2024-06-17 22:38:57 [ INFO ] 	[ RECV ]	Packet: Download ...
2024-06-17 22:38:58 [ INFO ] 	[ RECV ]	Packet: /home/iplugin/Code/Github/socket_raw/tools/utils.cpp
2024-06-17 22:40:51 [ INFO ] 	[ CLIENT ]	Starting ...
2024-06-17 22:40:52 [ INFO ] 	[ PARAMS ]	Client received arguments
2024-06-17 22:40:53 [ INFO ] 	[ SOCKET ]	Socket was created
2024-06-17 22:40:54 [ INFO ] 	[ HDRINCL ]	Setting IP_HDRINCL successfully
2024-06-17 22:40:55 [ INFO ] 	[ SEND ]	Packet: utils.cpp
2024-06-17 22:40:55 [ INFO ] 	[ RECV ]	Packet: Download ...
2024-06-17 22:40:55 [ INFO ] 	[ RECV ]	Packet: Download ...
2024-06-17 22:40:56 [ INFO ] 	[ RECV ]	Packet: Download ...
2024-06-17 22:40:56 [ INFO ] 	[ RECV ]	Packet: /home/iplugin/Code/Github/socket_raw/tools/utils.cpp
2024-06-17 22:42:33 [ INFO ] 	[ CLIENT ]	Starting ...
2024-06-17 22:42:34 [ INFO ] 	[ PARAMS ]	Client received arguments
2024-06-17 22:42:35 [ INFO ] 	[ SOCKET ]	Socket was created
2024-06-17 22:42:36 [ INFO ] 	[ HDRINCL ]	Setting IP_HDRINCL successfully
2024-06-17 22:42:37 [ INFO ] 	[ SEND ]	Packet: utils.cpp
2024-06-17 22:42:37 [ INFO ] 	[ RECV ]	Packet: Download ...
2024-06-17 22:42:37 [ INFO ] 	[ RECV ]	Packet: Download ...
2024-06-17 22:42:38 [ INFO ] 	[ RECV ]	Packet: Download ...
2024-06-17 22:42:38 [ INFO ] 	[ RECV ]	Packet: /home/iplugin/Code/Github/socket_raw/tools/utils.cpp
2024-06-17 22:42:49 [ INFO ] 	[ CLIENT ]	Starting ...
2024-06-17 22:42:50 [ INFO ] 	[ PARAMS ]	Client received arguments
2024-06-17 22:42:51 [ INFO ] 	[ SOCKET ]	Socket was created
2024-06-17 22:42:52 [ INFO ] 	[ HDRINCL ]	Setting IP_HDRINCL successfully
2024-06-17 22:42:53 [ INFO ] 	[ SEND ]	Packet: server.cpp
2024-06-17 22:42:54 [ INFO ] 	[ RECV ]	Packet: /home/iplugin/Code/Github/socket_qt/socket_qml/src/utils/server.cpp
2024-06-17 23:47:44 [ INFO ] 	[ CLIENT ]	Starting ...
2024-06-17 23:47:45 [ INFO ] 	[ PARAMS ]	Client received arguments
2024-06-17 23:47:46 [ INFO ] 	[ SOCKET ]	Socket was created
2024-06-17 23:47:47 [ INFO ] 	[ HDRINCL ]	Setting IP_HDRINCL successfully
2024-06-17 23:47:48 [ INFO ] 	[ SEND ]	Packet: test.txt
2024-06-17 23:47:48 [ INFO ] 	[ RECV ]	Packet: Download ...
2024-06-17 23:47:48 [ INFO ] 	[ RECV ]	Packet: Download ...
2024-06-17 23:47:49 [ INFO ] 	[ RECV ]	Packet: Download ...
2024-06-17 23:47:49 [ INFO ] 	[ RECV ]	Packet: Download ...
2024-06-17 23:47:50 [ INFO ] 	[ RECV ]	Packet: Download ...
2024-06-17 23:47:50 [ INFO ] 	[ RECV ]	Packet: /home/iplugin/Qt/6.7.1/Src/qtwebengine/src/3rdparty/chromium/net/data/cache_tests/simple_file_enumerator/test.txt
2024-06-18 00:57:38 [ INFO ] 	[ CLIENT ]	Starting ...
2024-06-18 00:57:39 [ INFO ] 	[ PARAMS ]	Client received arguments
2024-06-18 00:57:40 [ INFO ] 	[ SOCKET ]	Socket was created
2024-06-18 00:57:41 [ INFO ] 	[ HDRINCL ]	Setting IP_HDRINCL successfully
2024-06-18 00:57:42 [ INFO ] 	[ SEND ]	Packet: utils.cpp
2024-06-18 00:57:42 [ INFO ] 	[ RECV ]	Packet: Download ...
2024-06-18 00:58:57 [ INFO ] 	[ CLIENT ]	Starting ...
2024-06-18 00:58:58 [ INFO ] 	[ PARAMS ]	Client received arguments
2024-06-18 00:58:59 [ INFO ] 	[ SOCKET ]	Socket was created
2024-06-18 00:59:00 [ INFO ] 	[ HDRINCL ]	Setting IP_HDRINCL successfully
2024-06-18 00:59:01 [ INFO ] 	[ SEND ]	Packet: utils.cprr
2024-06-18 00:59:01 [ INFO ] 	[ RECV ]	Packet: Download ...
2024-06-18 01:02:15 [ INFO ] 	[ CLIENT ]	Starting ...
2024-06-18 01:02:16 [ INFO ] 	[ PARAMS ]	Client received arguments
2024-06-18 01:02:17 [ INFO ] 	[ SOCKET ]	Socket was created
2024-06-18 01:02:18 [ INFO ] 	[ HDRINCL ]	Setting IP_HDRINCL successfully
2024-06-18 01:02:19 [ INFO ] 	[ SEND ]	Packet: utils.cprr
2024-06-18 01:02:19 [ INFO ] 	[ RECV ]	Packet: Download ...
2024-06-18 01:13:09 [ INFO ] 	[ CLIENT ]	Starting ...
2024-06-18 01:13:10 [ INFO ] 	[ PARAMS ]	Client received arguments
2024-06-18 01:13:11 [ INFO ] 	[ SOCKET ]	Socket was created
2024-06-18 01:13:12 [ INFO ] 	[ HDRINCL ]	Setting IP_HDRINCL successfully
2024-06-18 01:13:13 [ INFO ] 	[ SEND ]	Packet: utils.cprr
2024-06-18 01:13:13 [ INFO ] 	[ RECV ]	Packet: Download ...
2024-06-18 01:13:13 [ INFO ] 	[ RECV ]	Packet: Download ...
2024-06-18 01:13:14 [ INFO ] 	[ RECV ]	Packet: Download ...
2024-06-18 01:13:14 [ INFO ] 	[ RECV ]	Packet: Download ...
2024-06-18 01:13:15 [ INFO ] 	[ RECV ]	Packet: Download ...
2024-06-18 01:13:15 [ INFO ] 	[ RECV ]	Packet: Download ...
2024-06-18 01:13:15 [ INFO ] 	[ RECV ]	Packet: Not Found
2024-06-18 01:13:40 [ INFO ] 	[ CLIENT ]	Starting ...
2024-06-18 01:13:41 [ INFO ] 	[ PARAMS ]	Client received arguments
2024-06-18 01:13:42 [ INFO ] 	[ SOCKET ]	Socket was created
2024-06-18 01:13:43 [ INFO ] 	[ HDRINCL ]	Setting IP_HDRINCL successfully
2024-06-18 01:13:44 [ INFO ] 	[ SEND ]	Packet: utils.cprr
2024-06-18 01:13:44 [ INFO ] 	[ RECV ]	Packet: Download ...
2024-06-18 01:13:44 [ INFO ] 	[ RECV ]	Packet: Download ...
2024-06-18 01:13:45 [ INFO ] 	[ RECV ]	Packet: Download ...
2024-06-18 01:13:45 [ INFO ] 	[ RECV ]	Packet: Download ...
2024-06-18 01:13:46 [ INFO ] 	[ RECV ]	Packet: Download ...
2024-06-18 01:13:46 [ INFO ] 	[ RECV ]	Packet: Download ...
2024-06-18 01:13:46 [ INFO ] 	[ RECV ]	Packet: Not Found
2024-06-18 01:17:16 [ INFO ] 	[ CLIENT ]	Starting ...
2024-06-18 01:17:17 [ INFO ] 	[ PARAMS ]	Client received arguments
2024-06-18 01:17:18 [ INFO ] 	[ SOCKET ]	Socket was created
2024-06-18 01:17:19 [ INFO ] 	[ HDRINCL ]	Setting IP_HDRINCL successfully
2024-06-18 01:17:20 [ INFO ] 	[ SEND ]	Packet: utils.cprr
2024-06-18 01:17:20 [ INFO ] 	[ RECV ]	Packet: Download ...
2024-06-18 01:17:21 [ INFO ] 	[ RECV ]	Packet: Download ...
2024-06-18 01:17:21 [ INFO ] 	[ RECV ]	Packet: Download ...
2024-06-18 01:17:22 [ INFO ] 	[ RECV ]	Packet: Download ...
2024-06-18 01:17:22 [ INFO ] 	[ RECV ]	Packet: Download ...
2024-06-18 01:17:23 [ INFO ] 	[ RECV ]	Packet: Download ...
2024-06-18 01:17:23 [ INFO ] 	[ RECV ]	Packet: Not Found
2024-06-18 01:20:48 [ INFO ] 	[ CLIENT ]	Starting ...
2024-06-18 01:20:49 [ INFO ] 	[ PARAMS ]	Client received arguments
2024-06-18 01:20:50 [ INFO ] 	[ SOCKET ]	Socket was created
2024-06-18 01:20:51 [ INFO ] 	[ HDRINCL ]	Setting IP_HDRINCL successfully
2024-06-18 01:20:52 [ INFO ] 	[ SEND ]	Packet: utils.cprr
2024-06-18 01:20:52 [ INFO ] 	[ RECV ]	Packet: Download ...
2024-06-18 01:20:52 [ INFO ] 	[ RECV ]	Packet: Download ...
2024-06-18 01:20:53 [ INFO ] 	[ RECV ]	Packet: Download ...
2024-06-18 01:20:53 [ INFO ] 	[ RECV ]	Packet: Download ...
2024-06-18 01:20:54 [ INFO ] 	[ RECV ]	Packet: Download ...
2024-06-18 01:20:54 [ INFO ] 	[ RECV ]	Packet: Download ...
2024-06-18 01:20:54 [ INFO ] 	[ RECV ]	Packet: Not Found
2024-06-18 01:27:38 [ INFO ] 	[ CLIENT ]	Starting ...
2024-06-18 01:27:39 [ INFO ] 	[ PARAMS ]	Client received arguments
2024-06-18 01:27:40 [ INFO ] 	[ SOCKET ]	Socket was created
2024-06-18 01:27:41 [ INFO ] 	[ HDRINCL ]	Setting IP_HDRINCL successfully
2024-06-18 01:27:42 [ INFO ] 	[ SEND ]	Packet: utils.cprr
2024-06-18 01:27:42 [ INFO ] 	[ RECV ]	Packet: Download ...
2024-06-18 01:27:42 [ INFO ] 	[ RECV ]	Packet: Download ...
2024-06-18 01:27:43 [ INFO ] 	[ RECV ]	Packet: Download ...
2024-06-18 01:27:43 [ INFO ] 	[ RECV ]	Packet: Download ...
2024-06-18 01:27:44 [ INFO ] 	[ RECV ]	Packet: Download ...
2024-06-18 01:27:44 [ INFO ] 	[ RECV ]	Packet: Download ...
2024-06-18 01:27:44 [ INFO ] 	[ RECV ]	Packet: Not Found
2024-06-18 01:33:19 [ INFO ] 	[ CLIENT ]	Starting ...
2024-06-18 01:33:20 [ INFO ] 	[ PARAMS ]	Client received arguments
2024-06-18 01:33:21 [ INFO ] 	[ SOCKET ]	Socket was created
2024-06-18 01:33:22 [ INFO ] 	[ HDRINCL ]	Setting IP_HDRINCL successfully
2024-06-18 01:33:23 [ INFO ] 	[ SEND ]	Packet: utils.cprr
2024-06-18 01:33:23 [ INFO ] 	[ RECV ]	Packet: Download ...
2024-06-18 01:33:24 [ INFO ] 	[ RECV ]	Packet: Download ...
2024-06-18 01:33:24 [ INFO ] 	[ RECV ]	Packet: Download ...
2024-06-18 01:33:25 [ INFO ] 	[ RECV ]	Packet: Download ...
2024-06-18 01:33:25 [ INFO ] 	[ RECV ]	Packet: Download ...
2024-06-18 01:33:26 [ INFO ] 	[ RECV ]	Packet: Download ...
2024-06-18 01:33:26 [ INFO ] 	[ RECV ]	Packet: Not Found
2024-06-18 01:35:10 [ INFO ] 	[ CLIENT ]	Starting ...
2024-06-18 01:35:11 [ INFO ] 	[ PARAMS ]	Client received arguments
2024-06-18 01:35:12 [ INFO ] 	[ SOCKET ]	Socket was created
2024-06-18 01:35:13 [ INFO ] 	[ HDRINCL ]	Setting IP_HDRINCL successfully
2024-06-18 01:35:14 [ INFO ] 	[ SEND ]	Packet: utils.cprr
2024-06-18 01:35:14 [ INFO ] 	[ RECV ]	Packet: Download ...
2024-06-18 01:35:15 [ INFO ] 	[ RECV ]	Packet: Download ...
2024-06-18 01:35:15 [ INFO ] 	[ RECV ]	Packet: Download ...
2024-06-18 01:35:16 [ INFO ] 	[ RECV ]	Packet: Download ...
2024-06-18 01:35:16 [ INFO ] 	[ RECV ]	Packet: Download ...
2024-06-18 01:35:17 [ INFO ] 	[ RECV ]	Packet: Download ...
2024-06-18 01:35:17 [ INFO ] 	[ RECV ]	Packet: Not Found
2024-06-18 01:35:40 [ INFO ] 	[ CLIENT ]	Starting ...
2024-06-18 01:35:41 [ INFO ] 	[ PARAMS ]	Client received arguments
2024-06-18 01:35:42 [ INFO ] 	[ SOCKET ]	Socket was created
2024-06-18 01:35:43 [ INFO ] 	[ HDRINCL ]	Setting IP_HDRINCL successfully
2024-06-18 01:35:44 [ INFO ] 	[ SEND ]	Packet: utils.cprr
2024-06-18 01:35:47 [ INFO ] 	[ RECV ]	Packet: Not Found
2024-06-18 01:37:21 [ INFO ] 	[ CLIENT ]	Starting ...
2024-06-18 01:37:22 [ INFO ] 	[ PARAMS ]	Client received arguments
2024-06-18 01:37:23 [ INFO ] 	[ SOCKET ]	Socket was created
2024-06-18 01:37:24 [ INFO ] 	[ HDRINCL ]	Setting IP_HDRINCL successfully
2024-06-18 01:37:25 [ INFO ] 	[ SEND ]	Packet: utils.cprr
2024-06-18 01:37:25 [ INFO ] 	[ RECV ]	Packet: Download ...
2024-06-18 01:37:26 [ INFO ] 	[ RECV ]	Packet: Download ...
2024-06-18 01:37:26 [ INFO ] 	[ RECV ]	Packet: Download ...
2024-06-18 01:37:27 [ INFO ] 	[ RECV ]	Packet: Download ...
2024-06-18 01:37:27 [ INFO ] 	[ RECV ]	Packet: Download ...
2024-06-18 01:37:28 [ INFO ] 	[ RECV ]	Packet: Download ...
2024-06-18 01:37:28 [ INFO ] 	[ RECV ]	Packet: Not Found
2024-06-18 01:37:58 [ INFO ] 	[ CLIENT ]	Starting ...
2024-06-18 01:37:59 [ INFO ] 	[ PARAMS ]	Client received arguments
2024-06-18 01:38:00 [ INFO ] 	[ SOCKET ]	Socket was created
2024-06-18 01:38:01 [ INFO ] 	[ HDRINCL ]	Setting IP_HDRINCL successfully
2024-06-18 01:38:02 [ INFO ] 	[ SEND ]	Packet: utils.cprr
2024-06-18 01:38:02 [ INFO ] 	[ RECV ]	Packet: Download ...
2024-06-18 01:38:03 [ INFO ] 	[ RECV ]	Packet: Download ...
2024-06-18 01:38:03 [ INFO ] 	[ RECV ]	Packet: Download ...
2024-06-18 01:38:04 [ INFO ] 	[ RECV ]	Packet: Download ...
2024-06-18 01:38:04 [ INFO ] 	[ RECV ]	Packet: Download ...
2024-06-18 01:38:05 [ INFO ] 	[ RECV ]	Packet: Download ...
2024-06-18 01:38:05 [ INFO ] 	[ RECV ]	Packet: Not Found
2024-06-18 01:39:06 [ INFO ] 	[ CLIENT ]	Starting ...
2024-06-18 01:39:07 [ INFO ] 	[ PARAMS ]	Client received arguments
2024-06-18 01:39:08 [ INFO ] 	[ SOCKET ]	Socket was created
2024-06-18 01:39:09 [ INFO ] 	[ HDRINCL ]	Setting IP_HDRINCL successfully
2024-06-18 01:39:10 [ INFO ] 	[ SEND ]	Packet: utils.cprr
2024-06-18 01:39:10 [ INFO ] 	[ RECV ]	Packet: Download ...
2024-06-18 01:39:10 [ INFO ] 	[ RECV ]	Packet: Download ...
2024-06-18 01:39:11 [ INFO ] 	[ RECV ]	Packet: Download ...
2024-06-18 01:39:11 [ INFO ] 	[ RECV ]	Packet: Download ...
2024-06-18 01:39:12 [ INFO ] 	[ RECV ]	Packet: Download ...
2024-06-18 01:39:12 [ INFO ] 	[ RECV ]	Packet: Download ...
2024-06-18 01:39:12 [ INFO ] 	[ RECV ]	Packet: Not Found
2024-06-18 01:40:06 [ INFO ] 	[ CLIENT ]	Starting ...
2024-06-18 01:40:07 [ INFO ] 	[ PARAMS ]	Client received arguments
2024-06-18 01:40:08 [ INFO ] 	[ SOCKET ]	Socket was created
2024-06-18 01:40:09 [ INFO ] 	[ HDRINCL ]	Setting IP_HDRINCL successfully
2024-06-18 01:40:10 [ INFO ] 	[ SEND ]	Packet: utils.cprr
2024-06-18 01:40:10 [ INFO ] 	[ RECV ]	Packet: Download ...
2024-06-18 01:40:10 [ INFO ] 	[ RECV ]	Packet: Download ...
2024-06-18 01:40:11 [ INFO ] 	[ RECV ]	Packet: Download ...
2024-06-18 01:40:11 [ INFO ] 	[ RECV ]	Packet: Download ...
2024-06-18 01:40:12 [ INFO ] 	[ RECV ]	Packet: Download ...
2024-06-18 01:40:12 [ INFO ] 	[ RECV ]	Packet: Download ...
2024-06-18 01:40:13 [ INFO ] 	[ RECV ]	Packet: Not Found
2024-06-18 01:41:17 [ INFO ] 	[ CLIENT ]	Starting ...
2024-06-18 01:41:18 [ INFO ] 	[ PARAMS ]	Client received arguments
2024-06-18 01:41:19 [ INFO ] 	[ SOCKET ]	Socket was created
2024-06-18 01:41:20 [ INFO ] 	[ HDRINCL ]	Setting IP_HDRINCL successfully
2024-06-18 01:41:21 [ INFO ] 	[ SEND ]	Packet: utils.cprr
2024-06-18 01:41:21 [ INFO ] 	[ RECV ]	Packet: Download ...
2024-06-18 01:41:21 [ INFO ] 	[ RECV ]	Packet: Download ...
2024-06-18 01:41:22 [ INFO ] 	[ RECV ]	Packet: Download ...
2024-06-18 01:41:22 [ INFO ] 	[ RECV ]	Packet: Download ...
2024-06-18 01:41:23 [ INFO ] 	[ RECV ]	Packet: Download ...
2024-06-18 01:41:23 [ INFO ] 	[ RECV ]	Packet: Download ...
2024-06-18 01:41:23 [ INFO ] 	[ RECV ]	Packet: Not Found
2024-06-18 01:43:55 [ INFO ] 	[ CLIENT ]	Starting ...
2024-06-18 01:43:56 [ INFO ] 	[ PARAMS ]	Client received arguments
2024-06-18 01:43:57 [ INFO ] 	[ SOCKET ]	Socket was created
2024-06-18 01:43:58 [ INFO ] 	[ HDRINCL ]	Setting IP_HDRINCL successfully
2024-06-18 01:43:59 [ INFO ] 	[ SEND ]	Packet: utils.cprr
2024-06-18 01:43:59 [ INFO ] 	[ RECV ]	Packet: Download ...
2024-06-18 01:44:00 [ INFO ] 	[ RECV ]	Packet: Download ...
2024-06-18 01:44:00 [ INFO ] 	[ RECV ]	Packet: Download ...
2024-06-18 01:44:01 [ INFO ] 	[ RECV ]	Packet: Download ...
2024-06-18 01:44:01 [ INFO ] 	[ RECV ]	Packet: Download ...
2024-06-18 01:44:02 [ INFO ] 	[ RECV ]	Packet: Download ...
2024-06-18 01:44:02 [ INFO ] 	[ RECV ]	Packet: Not Found
2024-06-18 01:45:14 [ INFO ] 	[ CLIENT ]	Starting ...
2024-06-18 01:45:15 [ INFO ] 	[ PARAMS ]	Client received arguments
2024-06-18 01:45:16 [ INFO ] 	[ SOCKET ]	Socket was created
2024-06-18 01:45:17 [ INFO ] 	[ HDRINCL ]	Setting IP_HDRINCL successfully
2024-06-18 01:45:18 [ INFO ] 	[ SEND ]	Packet: utils.cprr
2024-06-18 01:45:18 [ INFO ] 	[ RECV ]	Packet: Download ...
2024-06-18 01:45:18 [ INFO ] 	[ RECV ]	Packet: Download ...
2024-06-18 01:45:19 [ INFO ] 	[ RECV ]	Packet: Download ...
2024-06-18 01:45:19 [ INFO ] 	[ RECV ]	Packet: Download ...
2024-06-18 01:45:20 [ INFO ] 	[ RECV ]	Packet: Download ...
2024-06-18 01:45:20 [ INFO ] 	[ RECV ]	Packet: Download ...
2024-06-18 01:45:20 [ INFO ] 	[ RECV ]	Packet: Not Found
2024-06-18 01:46:44 [ INFO ] 	[ CLIENT ]	Starting ...
2024-06-18 01:46:45 [ INFO ] 	[ PARAMS ]	Client received arguments
2024-06-18 01:46:46 [ INFO ] 	[ SOCKET ]	Socket was created
2024-06-18 01:46:47 [ INFO ] 	[ HDRINCL ]	Setting IP_HDRINCL successfully
2024-06-18 01:46:48 [ INFO ] 	[ SEND ]	Packet: utils.cprr
2024-06-18 01:46:48 [ INFO ] 	[ RECV ]	Packet: Download ...
2024-06-18 01:46:48 [ INFO ] 	[ RECV ]	Packet: Download ...
2024-06-18 01:46:49 [ INFO ] 	[ RECV ]	Packet: Download ...
2024-06-18 01:46:49 [ INFO ] 	[ RECV ]	Packet: Download ...
2024-06-18 01:46:50 [ INFO ] 	[ RECV ]	Packet: Download ...
2024-06-18 01:46:50 [ INFO ] 	[ RECV ]	Packet: Download ...
2024-06-18 01:46:50 [ INFO ] 	[ RECV ]	Packet: Not Found
2024-06-18 01:55:20 [ INFO ] 	[ CLIENT ]	Starting ...
2024-06-18 01:55:21 [ INFO ] 	[ PARAMS ]	Client received arguments
2024-06-18 01:55:22 [ INFO ] 	[ SOCKET ]	Socket was created
2024-06-18 01:55:23 [ INFO ] 	[ HDRINCL ]	Setting IP_HDRINCL successfully
2024-06-18 01:55:24 [ INFO ] 	[ SEND ]	Packet: utils.cprr
2024-06-18 01:55:24 [ INFO ] 	[ RECV ]	Packet: Download ...
2024-06-18 01:55:25 [ INFO ] 	[ RECV ]	Packet: Download ...
2024-06-18 01:55:25 [ INFO ] 	[ RECV ]	Packet: Download ...
2024-06-18 01:55:26 [ INFO ] 	[ RECV ]	Packet: Download ...
2024-06-18 01:55:26 [ INFO ] 	[ RECV ]	Packet: Download ...
2024-06-18 01:55:27 [ INFO ] 	[ RECV ]	Packet: Download ...
2024-06-18 01:55:27 [ INFO ] 	[ RECV ]	Packet: Not Found
2024-06-18 01:55:59 [ INFO ] 	[ CLIENT ]	Starting ...
2024-06-18 01:56:00 [ INFO ] 	[ PARAMS ]	Client received arguments
2024-06-18 01:56:01 [ INFO ] 	[ SOCKET ]	Socket was created
2024-06-18 01:56:02 [ INFO ] 	[ HDRINCL ]	Setting IP_HDRINCL successfully
2024-06-18 01:56:03 [ INFO ] 	[ SEND ]	Packet: utils.cprr
2024-06-18 01:56:06 [ INFO ] 	[ RECV ]	Packet: Not Found
2024-06-18 12:07:28 [ INFO ] 	[ CLIENT ]	Starting ...
2024-06-18 12:07:29 [ INFO ] 	[ PARAMS ]	Client received arguments
2024-06-18 12:07:30 [ INFO ] 	[ SOCKET ]	Socket was created
2024-06-18 12:07:31 [ INFO ] 	[ HDRINCL ]	Setting IP_HDRINCL successfully
2024-06-18 12:07:32 [ INFO ] 	[ SEND ]	Packet: test.txt
2024-06-18 12:07:32 [ INFO ] 	[ RECV ]	Packet: Download ...
2024-06-18 12:07:33 [ INFO ] 	[ RECV ]	Packet: Download ...
2024-06-18 12:07:33 [ INFO ] 	[ RECV ]	Packet: Download ...
2024-06-18 12:07:34 [ INFO ] 	[ RECV ]	Packet: Download ...
2024-06-18 12:07:34 [ INFO ] 	[ RECV ]	Packet: Download ...
2024-06-18 12:07:35 [ INFO ] 	[ RECV ]	Packet: Download ...
2024-06-18 12:07:35 [ INFO ] 	[ RECV ]	Packet: Download ...
2024-06-18 12:07:36 [ INFO ] 	[ RECV ]	Packet: Download ...
2024-06-18 12:07:36 [ INFO ] 	[ RECV ]	Packet: Download ...
2024-06-18 12:07:37 [ INFO ] 	[ RECV ]	Packet: Download ...
2024-06-18 12:07:37 [ INFO ] 	[ RECV ]	Packet: Download ...
2024-06-18 12:07:38 [ INFO ] 	[ RECV ]	Packet: Download ...
2024-06-18 12:07:38 [ INFO ] 	[ RECV ]	Packet: Download ...
2024-06-18 12:07:39 [ INFO ] 	[ RECV ]	Packet: Download ...
2024-06-18 12:07:39 [ INFO ] 	[ RECV ]	Packet: Download ...
2024-06-18 12:07:40 [ INFO ] 	[ RECV ]	Packet: Download ...
2024-06-18 12:07:40 [ INFO ] 	[ RECV ]	Packet: Download ...
2024-06-18 12:07:41 [ INFO ] 	[ RECV ]	Packet: Download ...
2024-06-18 12:07:41 [ INFO ] 	[ RECV ]	Packet: Download ...
2024-06-18 12:07:42 [ INFO ] 	[ RECV ]	Packet: Download ...
2024-06-18 12:07:42 [ INFO ] 	[ RECV ]	Packet: Download ...
2024-06-18 12:07:43 [ INFO ] 	[ RECV ]	Packet: Download ...
2024-06-18 12:07:43 [ INFO ] 	[ RECV ]	Packet: Download ...
2024-06-18 12:07:44 [ INFO ] 	[ RECV ]	Packet: Download ...
2024-06-18 12:07:44 [ INFO ] 	[ RECV ]	Packet: Download ...
2024-06-18 12:07:45 [ INFO ] 	[ RECV ]	Packet: Download ...
2024-06-18 12:07:45 [ INFO ] 	[ RECV ]	Packet: Download ...
2024-06-18 12:07:46 [ INFO ] 	[ RECV ]	Packet: Download ...
2024-06-18 12:07:46 [ INFO ] 	[ RECV ]	Packet: Download ...
2024-06-18 12:07:47 [ INFO ] 	[ RECV ]	Packet: Download ...
2024-06-18 12:07:47 [ INFO ] 	[ RECV ]	Packet: Download ...
2024-06-18 12:07:48 [ INFO ] 	[ RECV ]	Packet: Download ...
2024-06-18 12:07:48 [ INFO ] 	[ RECV ]	Packet: Download ...
2024-06-18 12:07:49 [ INFO ] 	[ RECV ]	Packet: Download ...
2024-06-18 12:07:49 [ INFO ] 	[ RECV ]	Packet: Download ...
2024-06-18 12:07:50 [ INFO ] 	[ RECV ]	Packet: Download ...
2024-06-18 12:07:50 [ INFO ] 	[ RECV ]	Packet: Download ...
2024-06-18 12:07:51 [ INFO ] 	[ RECV ]	Packet: Download ...
2024-06-18 12:07:51 [ INFO ] 	[ RECV ]	Packet: Download ...
2024-06-18 12:07:52 [ INFO ] 	[ RECV ]	Packet: Download ...
2024-06-18 12:07:52 [ INFO ] 	[ RECV ]	Packet: /home/iplugin/Qt/6.7.1/Src/qtwebengine/src/3rdparty/chromium/net/data/cache_tests/simple_file_enumerator/test.txt
2024-06-18 12:08:54 [ INFO ] 	[ CLIENT ]	Starting ...
2024-06-18 12:08:55 [ INFO ] 	[ PARAMS ]	Client received arguments
2024-06-18 12:08:56 [ INFO ] 	[ SOCKET ]	Socket was created
2024-06-18 12:08:57 [ INFO ] 	[ HDRINCL ]	Setting IP_HDRINCL successfully
2024-06-18 12:08:58 [ INFO ] 	[ SEND ]	Packet: test.txt
2024-06-18 12:08:58 [ INFO ] 	[ RECV ]	Packet: Download ...
2024-06-18 12:08:58 [ INFO ] 	[ RECV ]	Packet: Download ...
2024-06-18 12:08:59 [ INFO ] 	[ RECV ]	Packet: Download ...
2024-06-18 12:08:59 [ INFO ] 	[ RECV ]	Packet: Download ...
2024-06-18 12:09:00 [ INFO ] 	[ RECV ]	Packet: Download ...
2024-06-18 12:09:00 [ INFO ] 	[ RECV ]	Packet: /home/iplugin/Qt/6.7.1/Src/qtwebengine/src/3rdparty/chromium/net/data/cache_tests/simple_file_enumerator/test.txt
2024-06-18 12:09:22 [ INFO ] 	[ CLIENT ]	Starting ...
2024-06-18 12:09:23 [ INFO ] 	[ PARAMS ]	Client received arguments
2024-06-18 12:09:24 [ INFO ] 	[ SOCKET ]	Socket was created
2024-06-18 12:09:25 [ INFO ] 	[ HDRINCL ]	Setting IP_HDRINCL successfully
2024-06-18 12:09:26 [ INFO ] 	[ SEND ]	Packet: test.txt
2024-06-18 12:09:26 [ INFO ] 	[ RECV ]	Packet: Download ...
2024-06-18 12:09:27 [ INFO ] 	[ RECV ]	Packet: Download ...
2024-06-18 12:09:27 [ INFO ] 	[ RECV ]	Packet: Download ...
2024-06-18 12:09:28 [ INFO ] 	[ RECV ]	Packet: Download ...
2024-06-18 12:09:28 [ INFO ] 	[ RECV ]	Packet: Download ...
2024-06-18 12:09:28 [ INFO ] 	[ RECV ]	Packet: /home/iplugin/Qt/6.7.1/Src/qtwebengine/src/3rdparty/chromium/net/data/cache_tests/simple_file_enumerator/test.txt
2024-06-18 12:10:23 [ INFO ] 	[ CLIENT ]	Starting ...
2024-06-18 12:10:24 [ INFO ] 	[ PARAMS ]	Client received arguments
2024-06-18 12:10:25 [ INFO ] 	[ SOCKET ]	Socket was created
2024-06-18 12:10:26 [ INFO ] 	[ HDRINCL ]	Setting IP_HDRINCL successfully
2024-06-18 12:10:27 [ INFO ] 	[ SEND ]	Packet: test.tmxt
2024-06-18 12:10:27 [ INFO ] 	[ RECV ]	Packet: Download ...
2024-06-18 12:10:27 [ INFO ] 	[ RECV ]	Packet: Download ...
2024-06-18 12:10:28 [ INFO ] 	[ RECV ]	Packet: Download ...
2024-06-18 12:10:28 [ INFO ] 	[ RECV ]	Packet: Download ...
2024-06-18 12:10:29 [ INFO ] 	[ RECV ]	Packet: Download ...
2024-06-18 12:10:29 [ INFO ] 	[ RECV ]	Packet: Download ...
2024-06-18 12:10:30 [ INFO ] 	[ RECV ]	Packet: Download ...
2024-06-18 12:10:30 [ INFO ] 	[ RECV ]	Packet: Download ...
2024-06-18 12:10:31 [ INFO ] 	[ RECV ]	Packet: Download ...
2024-06-18 12:10:31 [ INFO ] 	[ RECV ]	Packet: Download ...
2024-06-18 12:10:32 [ INFO ] 	[ RECV ]	Packet: Download ...
2024-06-18 12:10:32 [ INFO ] 	[ RECV ]	Packet: Download ...
2024-06-18 12:10:33 [ INFO ] 	[ RECV ]	Packet: Download ...
2024-06-18 12:10:33 [ INFO ] 	[ RECV ]	Packet: Download ...
2024-06-18 12:10:34 [ INFO ] 	[ RECV ]	Packet: Download ...
2024-06-18 12:10:34 [ INFO ] 	[ RECV ]	Packet: Download ...
2024-06-18 12:10:34 [ INFO ] 	[ RECV ]	Packet: Not Found
2024-06-18 12:19:46 [ INFO ] 	[ CLIENT ]	Starting ...
2024-06-18 12:19:47 [ INFO ] 	[ PARAMS ]	Client received arguments
2024-06-18 12:19:48 [ INFO ] 	[ SOCKET ]	Socket was created
2024-06-18 12:19:49 [ INFO ] 	[ HDRINCL ]	Setting IP_HDRINCL successfully
2024-06-18 12:19:50 [ INFO ] 	[ SEND ]	Packet: test.tmxt
2024-06-18 12:19:52 [ INFO ] 	[ RECV ]	Packet: Not Found
2024-06-18 12:20:19 [ INFO ] 	[ CLIENT ]	Starting ...
2024-06-18 12:20:20 [ INFO ] 	[ PARAMS ]	Client received arguments
2024-06-18 12:20:21 [ INFO ] 	[ SOCKET ]	Socket was created
2024-06-18 12:20:22 [ INFO ] 	[ HDRINCL ]	Setting IP_HDRINCL successfully
2024-06-18 12:20:23 [ INFO ] 	[ SEND ]	Packet: test.tmxdt
2024-06-18 12:20:26 [ INFO ] 	[ RECV ]	Packet: Not Found
2024-06-18 12:21:44 [ INFO ] 	[ CLIENT ]	Starting ...
2024-06-18 12:21:45 [ INFO ] 	[ PARAMS ]	Client received arguments
2024-06-18 12:21:46 [ INFO ] 	[ SOCKET ]	Socket was created
2024-06-18 12:21:47 [ INFO ] 	[ HDRINCL ]	Setting IP_HDRINCL successfully
2024-06-18 12:21:48 [ INFO ] 	[ SEND ]	Packet: test.tmxdt
2024-06-18 12:21:48 [ INFO ] 	[ RECV ]	Packet: Download ...
2024-06-18 12:21:48 [ INFO ] 	[ RECV ]	Packet: Download ...
2024-06-18 12:21:49 [ INFO ] 	[ RECV ]	Packet: Download ...
2024-06-18 12:21:49 [ INFO ] 	[ RECV ]	Packet: Download ...
2024-06-18 12:21:50 [ INFO ] 	[ RECV ]	Packet: Download ...
2024-06-18 12:21:50 [ INFO ] 	[ RECV ]	Packet: Download ...
2024-06-18 12:21:50 [ INFO ] 	[ RECV ]	Packet: Not Found
2024-06-18 12:36:00 [ INFO ] 	[ CLIENT ]	Starting ...
2024-06-18 12:36:01 [ INFO ] 	[ PARAMS ]	Client received arguments
2024-06-18 12:36:02 [ INFO ] 	[ SOCKET ]	Socket was created
2024-06-18 12:36:03 [ INFO ] 	[ HDRINCL ]	Setting IP_HDRINCL successfully
2024-06-18 12:36:04 [ INFO ] 	[ SEND ]	Packet: test.tmxdt
2024-06-18 12:36:07 [ INFO ] 	[ RECV ]	Packet: Not Found
2024-06-18 12:36:34 [ INFO ] 	[ CLIENT ]	Starting ...
2024-06-18 12:36:35 [ INFO ] 	[ PARAMS ]	Client received arguments
2024-06-18 12:36:36 [ INFO ] 	[ SOCKET ]	Socket was created
2024-06-18 12:36:37 [ INFO ] 	[ HDRINCL ]	Setting IP_HDRINCL successfully
2024-06-18 12:36:38 [ INFO ] 	[ SEND ]	Packet: test.tmxdt
2024-06-18 12:36:40 [ INFO ] 	[ RECV ]	Packet: Not Found
