2024-06-15 14:01:24 [ INFO ] 	[ SERVER ]	Starting ...
2024-06-15 14:01:25 [ INFO ] 	[ PARAMS ]	Server received arguments
2024-06-15 14:01:26 [ INFO ] 	[ SOCKET ]	Socket was created
2024-06-15 14:03:28 [ INFO ] 	[ RECV ]	Packet: FileQ
2024-06-15 14:06:32 [ INFO ] 	[ SERVER ]	Starting ...
2024-06-15 14:06:33 [ INFO ] 	[ PARAMS ]	Server received arguments
2024-06-15 14:06:34 [ INFO ] 	[ SOCKET ]	Socket was created
2024-06-15 14:06:35 [ INFO ] 	[ HDRINCL ]	Setting IP_HDRINCL successfully
2024-06-15 14:06:35 [ INFO ] 	[ SEND ]	Packet: Якась тобі відподь
2024-06-15 14:07:50 [ INFO ] 	[ SERVER ]	Starting ...
2024-06-15 14:07:51 [ INFO ] 	[ PARAMS ]	Server received arguments
2024-06-15 14:07:52 [ INFO ] 	[ SOCKET ]	Socket was created
2024-06-15 14:07:58 [ INFO ] 	[ RECV ]	Packet: FileQ
2024-06-15 14:07:58 [ INFO ] 	[ HDRINCL ]	Setting IP_HDRINCL successfully
2024-06-15 14:07:58 [ INFO ] 	[ SEND ]	Packet: Якась тобі відподь
2024-06-15 14:13:10 [ INFO ] 	[ SERVER ]	Starting ...
2024-06-15 14:13:11 [ INFO ] 	[ PARAMS ]	Server received arguments
2024-06-15 14:13:12 [ INFO ] 	[ SOCKET ]	Socket was created
2024-06-15 14:13:19 [ INFO ] 	[ RECV ]	Packet: FileQ
2024-06-15 14:13:19 [ INFO ] 	[ HDRINCL ]	Setting IP_HDRINCL successfully
2024-06-15 14:13:19 [ INFO ] 	[ SEND ]	Packet: Якась тобі відподь
2024-06-15 14:15:51 [ INFO ] 	[ SERVER ]	Starting ...
2024-06-15 14:15:52 [ INFO ] 	[ PARAMS ]	Server received arguments
2024-06-15 14:15:53 [ INFO ] 	[ SOCKET ]	Socket was created
2024-06-15 14:16:01 [ INFO ] 	[ RECV ]	Packet: FileQ
2024-06-15 14:16:01 [ INFO ] 	[ HDRINCL ]	Setting IP_HDRINCL successfully
2024-06-15 14:16:01 [ INFO ] 	[ SEND ]	Packet: Some answer for you
2024-06-15 14:38:33 [ INFO ] 	[ SERVER ]	Starting ...
2024-06-15 14:38:34 [ INFO ] 	[ PARAMS ]	Server received arguments
2024-06-15 14:38:35 [ INFO ] 	[ SOCKET ]	Socket was created
2024-06-15 14:38:45 [ INFO ] 	[ RECV ]	Packet: FileQ
2024-06-15 14:38:45 [ INFO ] 	[ HDRINCL ]	Setting IP_HDRINCL successfully
2024-06-15 14:38:45 [ INFO ] 	[ SEND ]	Packet: Some answer for you
2024-06-15 14:44:02 [ INFO ] 	[ SERVER ]	Starting ...
2024-06-15 14:44:03 [ INFO ] 	[ PARAMS ]	Server received arguments
2024-06-15 14:44:04 [ INFO ] 	[ SOCKET ]	Socket was created
2024-06-15 14:44:05 [ INFO ] 	[ HDRINCL ]	Setting IP_HDRINCL successfully
2024-06-15 14:44:12 [ INFO ] 	[ RECV ]	Packet: FileQ
2024-06-15 14:44:12 [ INFO ] 	[ SEND ]	Packet: Some answer for you
2024-06-15 15:14:39 [ INFO ] 	[ SERVER ]	Starting ...
2024-06-15 15:14:40 [ INFO ] 	[ PARAMS ]	Server received arguments
2024-06-15 15:14:41 [ INFO ] 	[ SOCKET ]	Socket was created
2024-06-15 15:14:42 [ INFO ] 	[ HDRINCL ]	Setting IP_HDRINCL successfully
2024-06-15 15:14:52 [ INFO ] 	[ RECV ]	Packet: FileQ
2024-06-15 15:14:52 [ INFO ] 	[ SEND ]	Packet: Some answer for you
2024-06-15 15:39:25 [ INFO ] 	[ SERVER ]	Starting ...
2024-06-15 15:39:26 [ INFO ] 	[ PARAMS ]	Server received arguments
2024-06-15 15:39:27 [ INFO ] 	[ SOCKET ]	Socket was created
2024-06-15 15:39:28 [ INFO ] 	[ HDRINCL ]	Setting IP_HDRINCL successfully
2024-06-15 15:39:36 [ INFO ] 	[ RECV ]	Packet: FileQ
2024-06-15 15:39:36 [ INFO ] 	[ SEND ]	Packet: Some answer for you
2024-06-15 16:47:53 [ INFO ] 	[ SERVER ]	Starting ...
2024-06-15 16:47:54 [ INFO ] 	[ PARAMS ]	Server received arguments
2024-06-15 16:47:55 [ INFO ] 	[ SOCKET ]	Socket was created
2024-06-15 16:47:56 [ INFO ] 	[ HDRINCL ]	Setting IP_HDRINCL successfully
2024-06-15 16:48:03 [ INFO ] 	[ RECV ]	Packet: FileQ
2024-06-15 16:48:03 [ INFO ] 	[ SEND ]	Packet: Some answer for you
2024-06-15 20:36:29 [ INFO ] 	[ SERVER ]	Starting ...
2024-06-15 20:36:30 [ INFO ] 	[ PARAMS ]	Server received arguments
2024-06-15 20:36:31 [ INFO ] 	[ SOCKET ]	Socket was created
2024-06-15 20:36:32 [ INFO ] 	[ HDRINCL ]	Setting IP_HDRINCL successfully
2024-06-15 20:36:54 [ INFO ] 	[ RECV ]	Packet: utils.cpp
2024-06-15 20:36:54 [ INFO ] 	[ SEND ]	Packet: Download...
2024-06-15 20:36:54 [ INFO ] 	[ SEND ]	Packet: Download...
2024-06-15 20:36:55 [ INFO ] 	[ SEND ]	Packet: Download...
2024-06-15 20:36:55 [ INFO ] 	[ SEND ]	Packet: Download...
2024-06-15 20:36:56 [ INFO ] 	[ SEND ]	Packet: Download...
2024-06-15 20:36:56 [ INFO ] 	[ SEND ]	Packet: Download...
2024-06-15 20:36:57 [ INFO ] 	[ SEND ]	Packet: Download...
2024-06-15 20:36:57 [ INFO ] 	[ SEND ]	Packet: Download...
2024-06-15 20:36:58 [ INFO ] 	[ SEND ]	Packet: Download...
2024-06-15 20:36:58 [ INFO ] 	[ SEND ]	Packet: Download...
2024-06-15 20:36:59 [ INFO ] 	[ SEND ]	Packet: Download...
2024-06-15 20:36:59 [ INFO ] 	[ SEND ]	Packet: Download...
2024-06-15 20:37:00 [ INFO ] 	[ SEND ]	Packet: Download...
2024-06-15 20:37:00 [ INFO ] 	[ SEND ]	Packet: Download...
2024-06-15 20:37:01 [ INFO ] 	[ SEND ]	Packet: Download...
2024-06-15 20:37:01 [ INFO ] 	[ SEND ]	Packet: Download...
2024-06-15 20:37:02 [ INFO ] 	[ SEND ]	Packet: Download...
2024-06-15 20:37:02 [ INFO ] 	[ SEND ]	Packet: Download...
2024-06-15 20:37:03 [ INFO ] 	[ SEND ]	Packet: /home/iplugin/Code/Github/socket_raw/tools/utils.cpp
2024-06-15 20:40:26 [ INFO ] 	[ SERVER ]	Starting ...
2024-06-15 20:40:27 [ INFO ] 	[ PARAMS ]	Server received arguments
2024-06-15 20:40:28 [ INFO ] 	[ SOCKET ]	Socket was created
2024-06-15 20:40:29 [ INFO ] 	[ HDRINCL ]	Setting IP_HDRINCL successfully
2024-06-15 20:40:34 [ INFO ] 	[ RECV ]	Packet: utils.cpp
2024-06-15 20:40:34 [ INFO ] 	[ SEND ]	Packet: Download...
2024-06-15 20:40:34 [ INFO ] 	[ SEND ]	Packet: Download...
2024-06-15 20:40:35 [ INFO ] 	[ SEND ]	Packet: Download...
2024-06-15 20:40:35 [ INFO ] 	[ SEND ]	Packet: Download...
2024-06-15 20:40:35 [ INFO ] 	[ SEND ]	Packet: /home/iplugin/Code/Github/socket_raw/tools/utils.cpp
2024-06-15 20:50:33 [ INFO ] 	[ SERVER ]	Starting ...
2024-06-15 20:50:34 [ INFO ] 	[ PARAMS ]	Server received arguments
2024-06-15 20:50:35 [ INFO ] 	[ SOCKET ]	Socket was created
2024-06-15 20:50:36 [ INFO ] 	[ HDRINCL ]	Setting IP_HDRINCL successfully
2024-06-15 20:50:44 [ INFO ] 	[ RECV ]	Packet: utils.cpp
2024-06-15 20:50:44 [ INFO ] 	[ SEND ]	Packet: Download...
2024-06-15 20:50:44 [ INFO ] 	[ SEND ]	Packet: Download...
2024-06-15 20:50:45 [ INFO ] 	[ SEND ]	Packet: Download...
2024-06-15 20:50:45 [ INFO ] 	[ SEND ]	Packet: /home/iplugin/Code/Github/socket_raw/tools/utils.cpp
2024-06-16 11:22:01 [ INFO ] 	[ SERVER ]	Starting ...
2024-06-16 11:22:02 [ INFO ] 	[ PARAMS ]	Server received arguments
2024-06-16 11:22:03 [ INFO ] 	[ SOCKET ]	Socket was created
2024-06-16 11:22:04 [ INFO ] 	[ HDRINCL ]	Setting IP_HDRINCL successfully
2024-06-16 11:22:11 [ INFO ] 	[ RECV ]	Packet: utils.cpp
2024-06-16 11:22:11 [ INFO ] 	[ SEND ]	Packet: Download...
2024-06-16 11:22:11 [ INFO ] 	[ SEND ]	Packet: Download...
2024-06-16 11:22:12 [ INFO ] 	[ SEND ]	Packet: Download...
2024-06-16 11:22:12 [ INFO ] 	[ SEND ]	Packet: /home/iplugin/Code/Github/socket_raw/tools/utils.cpp
2024-06-16 11:22:46 [ INFO ] 	[ SERVER ]	Starting ...
2024-06-16 11:22:47 [ INFO ] 	[ PARAMS ]	Server received arguments
2024-06-16 11:22:48 [ INFO ] 	[ SOCKET ]	Socket was created
2024-06-16 11:22:49 [ INFO ] 	[ HDRINCL ]	Setting IP_HDRINCL successfully
2024-06-16 11:22:53 [ INFO ] 	[ RECV ]	Packet: utils.cpp
2024-06-16 11:22:53 [ INFO ] 	[ SEND ]	Packet: Download...
2024-06-16 11:22:53 [ INFO ] 	[ SEND ]	Packet: Download...
2024-06-16 11:22:54 [ INFO ] 	[ SEND ]	Packet: Download...
2024-06-16 11:22:54 [ INFO ] 	[ SEND ]	Packet: FilePath will be here
2024-06-16 11:23:23 [ INFO ] 	[ SERVER ]	Starting ...
2024-06-16 11:23:24 [ INFO ] 	[ PARAMS ]	Server received arguments
2024-06-16 11:23:25 [ INFO ] 	[ SOCKET ]	Socket was created
2024-06-16 11:23:26 [ INFO ] 	[ HDRINCL ]	Setting IP_HDRINCL successfully
2024-06-16 11:23:29 [ INFO ] 	[ RECV ]	Packet: utils.cpp
2024-06-16 11:23:29 [ INFO ] 	[ SEND ]	Packet: Download...
2024-06-16 11:23:30 [ INFO ] 	[ SEND ]	Packet: Download...
2024-06-16 11:23:30 [ INFO ] 	[ SEND ]	Packet: Download...
2024-06-16 11:23:31 [ INFO ] 	[ SEND ]	Packet: FilePath will be here
2024-06-16 13:18:35 [ INFO ] 	[ SERVER ]	Starting ...
2024-06-16 13:18:36 [ INFO ] 	[ PARAMS ]	Server received arguments
2024-06-16 13:18:37 [ INFO ] 	[ SOCKET ]	Socket was created
2024-06-16 13:18:38 [ INFO ] 	[ HDRINCL ]	Setting IP_HDRINCL successfully
2024-06-16 13:20:51 [ INFO ] 	[ RECV ]	Packet: utils.cpp
2024-06-16 13:20:51 [ INFO ] 	[ SEND ]	Packet: Download...
2024-06-16 13:20:51 [ INFO ] 	[ SEND ]	Packet: Download...
2024-06-16 13:20:52 [ INFO ] 	[ SEND ]	Packet: Download...
2024-06-16 13:20:52 [ INFO ] 	[ SEND ]	Packet: Download...
2024-06-16 13:20:52 [ INFO ] 	[ SEND ]	Packet: FilePath will be here
2024-06-16 13:21:21 [ INFO ] 	[ SERVER ]	Starting ...
2024-06-16 13:21:22 [ INFO ] 	[ PARAMS ]	Server received arguments
2024-06-16 13:21:23 [ INFO ] 	[ SOCKET ]	Socket was created
2024-06-16 13:21:24 [ INFO ] 	[ HDRINCL ]	Setting IP_HDRINCL successfully
2024-06-16 13:21:28 [ INFO ] 	[ RECV ]	Packet: utils.cpp
2024-06-16 13:21:28 [ INFO ] 	[ SEND ]	Packet: Download...
2024-06-16 13:21:28 [ INFO ] 	[ SEND ]	Packet: Download...
2024-06-16 13:21:29 [ INFO ] 	[ SEND ]	Packet: Download...
2024-06-16 13:21:29 [ INFO ] 	[ SEND ]	Packet: /home/iplugin/Code/Github/socket_raw/tools/utils.cpp
2024-06-16 13:34:20 [ INFO ] 	[ SERVER ]	Starting ...
2024-06-16 13:34:21 [ INFO ] 	[ PARAMS ]	Server received arguments
2024-06-16 13:34:22 [ INFO ] 	[ SOCKET ]	Socket was created
2024-06-16 13:34:23 [ INFO ] 	[ HDRINCL ]	Setting IP_HDRINCL successfully
2024-06-16 13:34:29 [ INFO ] 	[ RECV ]	Packet: utils.cpp
2024-06-16 13:34:29 [ INFO ] 	[ SEND ]	Packet: Download...
2024-06-16 13:34:29 [ INFO ] 	[ SEND ]	Packet: Download...
2024-06-16 13:34:30 [ INFO ] 	[ SEND ]	Packet: Download...
2024-06-16 13:34:30 [ INFO ] 	[ SEND ]	Packet: /home/iplugin/Code/Github/socket_raw/tools/utils.cpp
2024-06-16 13:43:02 [ INFO ] 	[ SERVER ]	Starting ...
2024-06-16 13:43:03 [ INFO ] 	[ PARAMS ]	Server received arguments
2024-06-16 13:43:04 [ INFO ] 	[ SOCKET ]	Socket was created
2024-06-16 13:43:05 [ INFO ] 	[ HDRINCL ]	Setting IP_HDRINCL successfully
2024-06-16 13:43:11 [ INFO ] 	[ RECV ]	Packet: utils.cpp
2024-06-16 13:43:11 [ INFO ] 	[ SEND ]	Packet: Download...
2024-06-16 13:43:11 [ INFO ] 	[ SEND ]	Packet: Download...
2024-06-16 13:43:12 [ INFO ] 	[ SEND ]	Packet: Download...
2024-06-16 13:43:12 [ INFO ] 	[ SEND ]	Packet: /home/iplugin/Code/Github/socket_raw/tools/utils.cpp
2024-06-16 13:43:29 [ INFO ] 	[ SERVER ]	Starting ...
2024-06-16 13:43:30 [ INFO ] 	[ PARAMS ]	Server received arguments
2024-06-16 13:43:31 [ INFO ] 	[ SOCKET ]	Socket was created
2024-06-16 13:43:32 [ INFO ] 	[ HDRINCL ]	Setting IP_HDRINCL successfully
2024-06-16 13:43:38 [ INFO ] 	[ RECV ]	Packet: utils.cpp
2024-06-16 13:43:38 [ INFO ] 	[ SEND ]	Packet: Download...
2024-06-16 13:43:39 [ INFO ] 	[ SEND ]	Packet: Download...
2024-06-16 13:43:39 [ INFO ] 	[ SEND ]	Packet: Download...
2024-06-16 13:43:39 [ INFO ] 	[ SEND ]	Packet: /home/iplugin/Code/Github/socket_raw/tools/utils.cpp
2024-06-17 01:53:59 [ INFO ] 	[ SERVER ]	Starting ...
2024-06-17 01:54:00 [ INFO ] 	[ PARAMS ]	Server received arguments
2024-06-17 01:54:01 [ INFO ] 	[ SOCKET ]	Socket was created
2024-06-17 01:54:05 [ INFO ] 	[ SERVER ]	Starting ...
2024-06-17 01:54:06 [ INFO ] 	[ PARAMS ]	Server received arguments
2024-06-17 01:54:07 [ INFO ] 	[ SOCKET ]	Socket was created
2024-06-17 01:54:08 [ INFO ] 	[ HDRINCL ]	Setting IP_HDRINCL successfully
2024-06-17 01:56:04 [ INFO ] 	[ SERVER ]	Starting ...
2024-06-17 01:56:05 [ INFO ] 	[ PARAMS ]	Server received arguments
2024-06-17 01:56:06 [ INFO ] 	[ SOCKET ]	Socket was created
2024-06-17 01:56:07 [ INFO ] 	[ HDRINCL ]	Setting IP_HDRINCL successfully
2024-06-17 01:56:22 [ INFO ] 	[ RECV ]	Packet: utils.cpp
2024-06-17 01:56:22 [ INFO ] 	[ SEND ]	Packet: Download...
2024-06-17 01:56:22 [ INFO ] 	[ SEND ]	Packet: Download...
2024-06-17 01:56:23 [ INFO ] 	[ SEND ]	Packet: Download...
2024-06-17 01:56:23 [ INFO ] 	[ SEND ]	Packet: /home/iplugin/Code/Github/socket_raw/tools/utils.cpp
2024-06-17 12:31:22 [ INFO ] 	[ SERVER ]	
Starting ...
2024-06-17 12:31:23 [ INFO ] 	[ PARAMS ]	Server received arguments
2024-06-17 12:31:24 [ INFO ] 	[ SOCKET ]	Socket was created
2024-06-17 12:31:25 [ INFO ] 	[ HDRINCL ]	Setting IP_HDRINCL successfully
2024-06-17 12:32:17 [ INFO ] 	
[ SERVER ]	Starting ...
2024-06-17 12:32:18 [ INFO ] 	[ PARAMS ]	Server received arguments
2024-06-17 12:32:19 [ INFO ] 	[ SOCKET ]	Socket was created
2024-06-17 12:32:20 [ INFO ] 	[ HDRINCL ]	Setting IP_HDRINCL successfully
2024-06-17 12:33:15 [ INFO ] 	[ SERVER ]	Starting ...
2024-06-17 12:33:16 [ INFO ] 	[ PARAMS ]	Server received arguments
2024-06-17 12:33:17 [ INFO ] 	[ SOCKET ]	Socket was created
2024-06-17 12:33:18 [ INFO ] 	[ HDRINCL ]	Setting IP_HDRINCL successfully
2024-06-17 12:33:32 [ INFO ] 	[ RECV ]	Packet: utils.cpp
2024-06-17 12:33:32 [ INFO ] 	[ SEND ]	Packet: Download ...
2024-06-17 12:33:32 [ INFO ] 	[ SEND ]	Packet: Download ...
2024-06-17 12:33:33 [ INFO ] 	[ SEND ]	Packet: Download ...
2024-06-17 12:33:33 [ INFO ] 	[ SEND ]	Packet: /home/iplugin/Code/Github/socket_raw/tools/utils.cpp
2024-06-17 12:36:04 [ INFO ] 	[ SERVER ]	Starting ...
2024-06-17 12:36:05 [ INFO ] 	[ PARAMS ]	Server received arguments
2024-06-17 12:36:06 [ INFO ] 	[ SOCKET ]	Socket was created
2024-06-17 12:36:07 [ INFO ] 	[ HDRINCL ]	Setting IP_HDRINCL successfully
2024-06-17 12:36:16 [ INFO ] 	[ RECV ]	Packet: utils.cpp
2024-06-17 12:36:16 [ INFO ] 	[ SEND ]	Packet: Download ...
2024-06-17 12:36:16 [ INFO ] 	[ SEND ]	Packet: Download ...
2024-06-17 12:36:17 [ INFO ] 	[ SEND ]	Packet: Download ...
2024-06-17 12:36:17 [ INFO ] 	[ SEND ]	Packet: /home/iplugin/Code/Github/socket_raw/tools/utils.cpp
2024-06-17 12:38:13 [ INFO ] 	[ SERVER ]	Starting ...
2024-06-17 12:38:14 [ INFO ] 	[ PARAMS ]	Server received arguments
2024-06-17 12:38:15 [ INFO ] 	[ SOCKET ]	Socket was created
2024-06-17 12:38:16 [ INFO ] 	[ HDRINCL ]	Setting IP_HDRINCL successfully
2024-06-17 12:38:24 [ INFO ] 	[ RECV ]	Packet: utils.cpp
2024-06-17 12:38:24 [ INFO ] 	[ SEND ]	Packet: Download ...
2024-06-17 12:38:24 [ INFO ] 	[ SEND ]	Packet: Download ...
2024-06-17 12:38:25 [ INFO ] 	[ SEND ]	Packet: Download ...
2024-06-17 12:38:25 [ INFO ] 	[ SEND ]	Packet: /home/iplugin/Code/Github/socket_raw/tools/utils.cpp
2024-06-17 12:39:02 [ INFO ] 	[ SERVER ]	Starting ...
2024-06-17 12:39:03 [ INFO ] 	[ PARAMS ]	Server received arguments
2024-06-17 12:39:04 [ INFO ] 	[ SOCKET ]	Socket was created
2024-06-17 12:39:05 [ INFO ] 	[ HDRINCL ]	Setting IP_HDRINCL successfully
2024-06-17 12:39:11 [ INFO ] 	[ RECV ]	Packet: utils.cpp
2024-06-17 12:39:11 [ INFO ] 	[ SEND ]	Packet: Download ...
2024-06-17 12:39:11 [ INFO ] 	[ SEND ]	Packet: Download ...
2024-06-17 12:39:12 [ INFO ] 	[ SEND ]	Packet: Download ...
2024-06-17 12:39:12 [ INFO ] 	[ SEND ]	Packet: /home/iplugin/Code/Github/socket_raw/tools/utils.cpp
2024-06-17 13:48:57 [ INFO ] 	[ SERVER ]	Starting ...
2024-06-17 13:48:58 [ INFO ] 	[ PARAMS ]	Server received arguments
2024-06-17 13:48:59 [ INFO ] 	[ SOCKET ]	Socket was created
2024-06-17 13:49:00 [ INFO ] 	[ HDRINCL ]	Setting IP_HDRINCL successfully
2024-06-17 13:49:11 [ INFO ] 	[ RECV ]	Packet: utils.cpp
2024-06-17 13:49:11 [ INFO ] 	[ SEND ]	Packet: Download ...
2024-06-17 13:49:11 [ INFO ] 	[ SEND ]	Packet: Download ...
2024-06-17 13:49:12 [ INFO ] 	[ SEND ]	Packet: Download ...
2024-06-17 13:49:12 [ INFO ] 	[ SEND ]	Packet: /home/iplugin/Code/Github/socket_raw/tools/utils.cpp
2024-06-17 15:55:07 [ INFO ] 	[ SERVER ]	Starting ...
2024-06-17 15:55:08 [ INFO ] 	[ PARAMS ]	Server received arguments
2024-06-17 15:55:09 [ INFO ] 	[ SOCKET ]	Socket was created
2024-06-17 15:55:10 [ INFO ] 	[ HDRINCL ]	Setting IP_HDRINCL successfully
2024-06-17 15:55:56 [ INFO ] 	[ RECV ]	Packet: utils.cppcpp
2024-06-17 15:55:56 [ INFO ] 	[ SEND ]	Packet: Download ...
2024-06-17 15:55:57 [ INFO ] 	[ SEND ]	Packet: Download ...
2024-06-17 15:55:57 [ INFO ] 	[ SEND ]	Packet: Download ...
2024-06-17 15:55:58 [ INFO ] 	[ SEND ]	Packet: Download ...
2024-06-17 15:55:58 [ INFO ] 	[ SEND ]	Packet: Download ...
2024-06-17 15:55:59 [ INFO ] 	[ SEND ]	Packet: Download ...
2024-06-17 15:55:59 [ INFO ] 	[ SEND ]	Packet: Download ...
2024-06-17 15:56:00 [ INFO ] 	[ SEND ]	Packet: Download ...
2024-06-17 15:56:00 [ INFO ] 	[ SEND ]	Packet: Download ...
2024-06-17 15:56:01 [ INFO ] 	[ SEND ]	Packet: Download ...
2024-06-17 15:56:01 [ INFO ] 	[ SEND ]	Packet: Download ...
2024-06-17 15:56:02 [ INFO ] 	[ SEND ]	Packet: Download ...
2024-06-17 15:56:02 [ INFO ] 	[ SEND ]	Packet: Download ...
2024-06-17 15:56:03 [ INFO ] 	[ SEND ]	Packet: Download ...
2024-06-17 15:56:03 [ INFO ] 	[ SEND ]	Packet: Download ...
2024-06-17 15:56:04 [ INFO ] 	[ SEND ]	Packet: Download ...
2024-06-17 15:56:04 [ INFO ] 	[ SEND ]	Packet: Download ...
2024-06-17 15:56:05 [ INFO ] 	[ SEND ]	Packet: Download ...
2024-06-17 15:56:05 [ INFO ] 	[ SEND ]	Packet: Download ...
2024-06-17 15:56:06 [ INFO ] 	[ SEND ]	Packet: Download ...
2024-06-17 15:56:06 [ INFO ] 	[ SEND ]	Packet: Download ...
2024-06-17 15:56:07 [ INFO ] 	[ SEND ]	Packet: Download ...
2024-06-17 15:56:07 [ INFO ] 	[ SEND ]	Packet: Download ...
2024-06-17 15:56:08 [ INFO ] 	[ SEND ]	Packet: Download ...
2024-06-17 15:56:08 [ INFO ] 	[ SEND ]	Packet: Download ...
2024-06-17 15:56:09 [ INFO ] 	[ SEND ]	Packet: Download ...
2024-06-17 15:56:09 [ INFO ] 	[ SEND ]	Packet: Download ...
2024-06-17 15:56:10 [ INFO ] 	[ SEND ]	Packet: Download ...
2024-06-17 15:56:10 [ INFO ] 	[ SEND ]	Packet: Download ...
2024-06-17 15:56:11 [ INFO ] 	[ SEND ]	Packet: Download ...
2024-06-17 15:56:11 [ INFO ] 	[ SEND ]	Packet: Download ...
2024-06-17 15:56:12 [ INFO ] 	[ SEND ]	Packet: Download ...
2024-06-17 15:56:12 [ INFO ] 	[ SEND ]	Packet: Download ...
2024-06-17 15:56:13 [ INFO ] 	[ SEND ]	Packet: Download ...
2024-06-17 15:56:13 [ INFO ] 	[ SEND ]	Packet: Download ...
2024-06-17 15:56:14 [ INFO ] 	[ SEND ]	Packet: Download ...
2024-06-17 15:56:14 [ INFO ] 	[ SEND ]	Packet: Download ...
2024-06-17 15:56:15 [ INFO ] 	[ SEND ]	Packet: Download ...
2024-06-17 15:56:15 [ INFO ] 	[ SEND ]	Packet: Download ...
2024-06-17 15:56:16 [ INFO ] 	[ SEND ]	Packet: Download ...
2024-06-17 15:56:16 [ INFO ] 	[ SEND ]	Packet: Not Found
2024-06-17 16:09:16 [ INFO ] 	[ SERVER ]	Starting ...
2024-06-17 16:09:17 [ INFO ] 	[ PARAMS ]	Server received arguments
2024-06-17 16:09:18 [ INFO ] 	[ SOCKET ]	Socket was created
2024-06-17 16:09:19 [ INFO ] 	[ HDRINCL ]	Setting IP_HDRINCL successfully
2024-06-17 16:09:34 [ INFO ] 	[ RECV ]	Packet: utils.cpp
2024-06-17 16:09:34 [ INFO ] 	[ SEND ]	Packet: Download ...
2024-06-17 16:09:34 [ INFO ] 	[ SEND ]	Packet: Download ...
2024-06-17 16:09:35 [ INFO ] 	[ SEND ]	Packet: Download ...
2024-06-17 16:09:35 [ INFO ] 	[ SEND ]	Packet: /home/iplugin/Code/Github/socket_raw/tools/utils.cpp
2024-06-17 16:16:04 [ INFO ] 	[ SERVER ]	Starting ...
2024-06-17 16:16:05 [ INFO ] 	[ PARAMS ]	Server received arguments
2024-06-17 16:16:06 [ INFO ] 	[ SOCKET ]	Socket was created
2024-06-17 16:16:07 [ INFO ] 	[ HDRINCL ]	Setting IP_HDRINCL successfully
2024-06-17 16:16:28 [ INFO ] 	[ RECV ]	Packet: utils.cpp
2024-06-17 16:16:28 [ INFO ] 	[ SEND ]	Packet: Download ...
2024-06-17 16:16:28 [ INFO ] 	[ SEND ]	Packet: Download ...
2024-06-17 16:16:29 [ INFO ] 	[ SEND ]	Packet: Download ...
2024-06-17 16:16:29 [ INFO ] 	[ SEND ]	Packet: /home/iplugin/Code/Github/socket_raw/tools/utils.cpp
2024-06-17 16:25:27 [ INFO ] 	[ SERVER ]	Starting ...
2024-06-17 16:25:28 [ INFO ] 	[ PARAMS ]	Server received arguments
2024-06-17 16:25:29 [ INFO ] 	[ SOCKET ]	Socket was created
2024-06-17 16:25:30 [ INFO ] 	[ HDRINCL ]	Setting IP_HDRINCL successfully
2024-06-17 16:25:37 [ INFO ] 	[ RECV ]	Packet: utils.cpp
2024-06-17 16:25:37 [ INFO ] 	[ SEND ]	Packet: Download ...
2024-06-17 16:25:37 [ INFO ] 	[ SEND ]	Packet: Download ...
2024-06-17 16:25:38 [ INFO ] 	[ SEND ]	Packet: Download ...
2024-06-17 16:25:38 [ INFO ] 	[ SEND ]	Packet: Download ...
2024-06-17 16:25:38 [ INFO ] 	[ SEND ]	Packet: /home/iplugin/Code/Github/socket_raw/tools/utils.cpp
2024-06-17 16:32:19 [ INFO ] 	[ SERVER ]	Starting ...
2024-06-17 16:32:20 [ INFO ] 	[ PARAMS ]	Server received arguments
2024-06-17 16:32:21 [ INFO ] 	[ SOCKET ]	Socket was created
2024-06-17 16:32:22 [ INFO ] 	[ HDRINCL ]	Setting IP_HDRINCL successfully
2024-06-17 16:32:28 [ INFO ] 	[ RECV ]	Packet: utils.cpp
2024-06-17 16:32:28 [ INFO ] 	[ SEND ]	Packet: Download ...
2024-06-17 16:32:28 [ INFO ] 	[ SEND ]	Packet: Download ...
2024-06-17 16:32:29 [ INFO ] 	[ SEND ]	Packet: Download ...
2024-06-17 16:32:29 [ INFO ] 	[ SEND ]	Packet: Download ...
2024-06-17 16:32:29 [ INFO ] 	[ SEND ]	Packet: /home/iplugin/Code/Github/socket_raw/tools/utils.cpp
2024-06-17 16:32:39 [ INFO ] 	[ SERVER ]	Starting ...
2024-06-17 16:32:40 [ INFO ] 	[ PARAMS ]	Server received arguments
2024-06-17 16:32:41 [ INFO ] 	[ SOCKET ]	Socket was created
2024-06-17 16:32:42 [ INFO ] 	[ HDRINCL ]	Setting IP_HDRINCL successfully
2024-06-17 16:32:52 [ INFO ] 	[ RECV ]	Packet: utils.cpp
2024-06-17 16:32:52 [ INFO ] 	[ SEND ]	Packet: Download ...
2024-06-17 16:32:53 [ INFO ] 	[ SEND ]	Packet: Download ...
2024-06-17 16:32:53 [ INFO ] 	[ SEND ]	Packet: Download ...
2024-06-17 16:32:54 [ INFO ] 	[ SEND ]	Packet: Download ...
2024-06-17 16:32:54 [ INFO ] 	[ SEND ]	Packet: /home/iplugin/Code/Github/socket_raw/tools/utils.cpp
2024-06-17 16:38:45 [ INFO ] 	[ SERVER ]	Starting ...
2024-06-17 16:38:46 [ INFO ] 	[ PARAMS ]	Server received arguments
2024-06-17 16:38:47 [ INFO ] 	[ SOCKET ]	Socket was created
2024-06-17 16:38:48 [ INFO ] 	[ HDRINCL ]	Setting IP_HDRINCL successfully
2024-06-17 16:39:04 [ INFO ] 	[ RECV ]	Packet: utils.cppcpp
2024-06-17 16:39:04 [ INFO ] 	[ SEND ]	Packet: Download ...
2024-06-17 16:39:05 [ INFO ] 	[ SEND ]	Packet: Download ...
2024-06-17 16:39:05 [ INFO ] 	[ SEND ]	Packet: Download ...
2024-06-17 16:39:06 [ INFO ] 	[ SEND ]	Packet: Download ...
2024-06-17 16:39:06 [ INFO ] 	[ SEND ]	Packet: Download ...
2024-06-17 16:39:07 [ INFO ] 	[ SEND ]	Packet: Download ...
2024-06-17 16:39:07 [ INFO ] 	[ SEND ]	Packet: Download ...
2024-06-17 16:39:07 [ INFO ] 	[ SEND ]	Packet: Not Found
2024-06-17 16:45:33 [ INFO ] 	[ SERVER ]	Starting ...
2024-06-17 16:45:34 [ INFO ] 	[ PARAMS ]	Server received arguments
2024-06-17 16:45:35 [ INFO ] 	[ SOCKET ]	Socket was created
2024-06-17 16:45:36 [ INFO ] 	[ HDRINCL ]	Setting IP_HDRINCL successfully
2024-06-17 16:45:46 [ INFO ] 	[ RECV ]	Packet: utils.cppcpp
2024-06-17 16:45:46 [ INFO ] 	[ SEND ]	Packet: Download ...
2024-06-17 16:45:47 [ INFO ] 	[ SEND ]	Packet: Download ...
2024-06-17 16:45:47 [ INFO ] 	[ SEND ]	Packet: Download ...
2024-06-17 16:45:48 [ INFO ] 	[ SEND ]	Packet: Download ...
2024-06-17 16:45:48 [ INFO ] 	[ SEND ]	Packet: Download ...
2024-06-17 16:45:49 [ INFO ] 	[ SEND ]	Packet: Download ...
2024-06-17 16:45:49 [ INFO ] 	[ SEND ]	Packet: Not Found
2024-06-17 16:48:26 [ INFO ] 	[ SERVER ]	Starting ...
2024-06-17 16:48:27 [ INFO ] 	[ PARAMS ]	Server received arguments
2024-06-17 16:48:28 [ INFO ] 	[ SOCKET ]	Socket was created
2024-06-17 16:48:29 [ INFO ] 	[ HDRINCL ]	Setting IP_HDRINCL successfully
2024-06-17 16:48:39 [ INFO ] 	[ RECV ]	Packet: utils.cppcpp
2024-06-17 16:48:39 [ INFO ] 	[ SEND ]	Packet: Download ...
2024-06-17 16:48:39 [ INFO ] 	[ SEND ]	Packet: Download ...
2024-06-17 16:48:40 [ INFO ] 	[ SEND ]	Packet: Download ...
2024-06-17 16:48:40 [ INFO ] 	[ SEND ]	Packet: Download ...
2024-06-17 16:48:41 [ INFO ] 	[ SEND ]	Packet: Download ...
2024-06-17 16:48:41 [ INFO ] 	[ SEND ]	Packet: Download ...
2024-06-17 16:48:41 [ INFO ] 	[ SEND ]	Packet: Not Found
2024-06-17 16:56:28 [ INFO ] 	[ SERVER ]	Starting ...
2024-06-17 16:56:29 [ INFO ] 	[ PARAMS ]	Server received arguments
2024-06-17 16:56:30 [ INFO ] 	[ SOCKET ]	Socket was created
2024-06-17 16:56:31 [ INFO ] 	[ HDRINCL ]	Setting IP_HDRINCL successfully
2024-06-17 16:56:39 [ INFO ] 	[ RECV ]	Packet: utils.cpp
2024-06-17 16:56:39 [ INFO ] 	[ SEND ]	Packet: Download ...
2024-06-17 16:56:39 [ INFO ] 	[ SEND ]	Packet: Download ...
2024-06-17 16:56:40 [ INFO ] 	[ SEND ]	Packet: Download ...
2024-06-17 16:56:40 [ INFO ] 	[ SEND ]	Packet: /home/iplugin/Code/Github/socket_raw/tools/utils.cpp
2024-06-17 17:00:17 [ INFO ] 	[ SERVER ]	Starting ...
2024-06-17 17:00:18 [ INFO ] 	[ PARAMS ]	Server received arguments
2024-06-17 17:00:19 [ INFO ] 	[ SOCKET ]	Socket was created
2024-06-17 17:00:20 [ INFO ] 	[ HDRINCL ]	Setting IP_HDRINCL successfully
2024-06-17 17:00:31 [ INFO ] 	[ RECV ]	Packet: utils.cppcpp
2024-06-17 17:00:31 [ INFO ] 	[ SEND ]	Packet: Download ...
2024-06-17 17:00:31 [ INFO ] 	[ SEND ]	Packet: Download ...
2024-06-17 17:00:32 [ INFO ] 	[ SEND ]	Packet: Download ...
2024-06-17 17:00:32 [ INFO ] 	[ SEND ]	Packet: Download ...
2024-06-17 17:00:33 [ INFO ] 	[ SEND ]	Packet: Download ...
2024-06-17 17:00:33 [ INFO ] 	[ SEND ]	Packet: Download ...
2024-06-17 17:00:33 [ INFO ] 	[ SEND ]	Packet: Not Found
2024-06-17 17:01:33 [ INFO ] 	[ SERVER ]	Starting ...
2024-06-17 17:01:34 [ INFO ] 	[ PARAMS ]	Server received arguments
2024-06-17 17:01:35 [ INFO ] 	[ SOCKET ]	Socket was created
2024-06-17 17:01:36 [ INFO ] 	[ HDRINCL ]	Setting IP_HDRINCL successfully
2024-06-17 17:01:46 [ INFO ] 	[ RECV ]	Packet: utils.cpp
2024-06-17 17:01:46 [ INFO ] 	[ SEND ]	Packet: Download ...
2024-06-17 17:01:47 [ INFO ] 	[ SEND ]	Packet: Download ...
2024-06-17 17:01:47 [ INFO ] 	[ SEND ]	Packet: Download ...
2024-06-17 17:01:48 [ INFO ] 	[ SEND ]	Packet: /home/iplugin/Code/Github/socket_raw/tools/utils.cpp
2024-06-17 17:05:24 [ INFO ] 	[ SERVER ]	Starting ...
2024-06-17 17:05:25 [ INFO ] 	[ PARAMS ]	Server received arguments
2024-06-17 17:05:26 [ INFO ] 	[ SOCKET ]	Socket was created
2024-06-17 17:05:27 [ INFO ] 	[ HDRINCL ]	Setting IP_HDRINCL successfully
2024-06-17 17:08:10 [ INFO ] 	[ SERVER ]	Starting ...
2024-06-17 17:08:11 [ INFO ] 	[ PARAMS ]	Server received arguments
2024-06-17 17:08:24 [ INFO ] 	[ SERVER ]	Starting ...
2024-06-17 17:08:25 [ INFO ] 	[ PARAMS ]	Server received arguments
2024-06-17 17:08:26 [ INFO ] 	[ SOCKET ]	Socket was created
2024-06-17 17:08:27 [ INFO ] 	[ HDRINCL ]	Setting IP_HDRINCL successfully
2024-06-17 17:09:49 [ INFO ] 	[ SERVER ]	Starting ...
2024-06-17 17:09:50 [ INFO ] 	[ PARAMS ]	Server received arguments
2024-06-17 17:09:51 [ INFO ] 	[ SOCKET ]	Socket was created
2024-06-17 17:09:52 [ INFO ] 	[ HDRINCL ]	Setting IP_HDRINCL successfully
2024-06-17 17:10:00 [ INFO ] 	[ RECV ]	Packet: utils.cpp
2024-06-17 17:10:00 [ INFO ] 	[ SEND ]	Packet: Download ...
2024-06-17 17:10:01 [ INFO ] 	[ SEND ]	Packet: Download ...
2024-06-17 17:10:01 [ INFO ] 	[ SEND ]	Packet: Download ...
2024-06-17 17:10:02 [ INFO ] 	[ SEND ]	Packet: /home/iplugin/Code/Github/socket_raw/tools/utils.cpp
2024-06-17 17:12:05 [ INFO ] 	[ SERVER ]	Starting ...
2024-06-17 17:12:06 [ INFO ] 	[ PARAMS ]	Server received arguments
2024-06-17 17:12:07 [ INFO ] 	[ SOCKET ]	Socket was created
2024-06-17 17:12:08 [ INFO ] 	[ HDRINCL ]	Setting IP_HDRINCL successfully
2024-06-17 17:12:21 [ INFO ] 	[ RECV ]	Packet: utils.cpp
2024-06-17 17:12:21 [ INFO ] 	[ SEND ]	Packet: Download ...
2024-06-17 17:12:22 [ INFO ] 	[ SEND ]	Packet: Download ...
2024-06-17 17:12:22 [ INFO ] 	[ SEND ]	Packet: Download ...
2024-06-17 17:12:23 [ INFO ] 	[ SEND ]	Packet: /home/iplugin/Code/Github/socket_raw/tools/utils.cpp
2024-06-17 17:16:12 [ INFO ] 	[ SERVER ]	Starting ...
2024-06-17 17:16:13 [ INFO ] 	[ PARAMS ]	Server received arguments
2024-06-17 17:16:14 [ INFO ] 	[ SOCKET ]	Socket was created
2024-06-17 17:16:15 [ INFO ] 	[ HDRINCL ]	Setting IP_HDRINCL successfully
2024-06-17 17:16:26 [ INFO ] 	[ RECV ]	Packet: utils.cpp
2024-06-17 17:16:26 [ INFO ] 	[ SEND ]	Packet: Download ...
2024-06-17 17:16:26 [ INFO ] 	[ SEND ]	Packet: Download ...
2024-06-17 17:16:27 [ INFO ] 	[ SEND ]	Packet: Download ...
2024-06-17 17:16:27 [ INFO ] 	[ SEND ]	Packet: /home/iplugin/Code/Github/socket_raw/tools/utils.cpp
2024-06-17 17:16:35 [ INFO ] 	[ SERVER ]	Starting ...
2024-06-17 17:16:36 [ INFO ] 	[ PARAMS ]	Server received arguments
2024-06-17 17:16:37 [ INFO ] 	[ SOCKET ]	Socket was created
2024-06-17 17:16:38 [ INFO ] 	[ HDRINCL ]	Setting IP_HDRINCL successfully
2024-06-17 17:16:46 [ INFO ] 	[ RECV ]	Packet: utils.cppcpp
2024-06-17 17:16:46 [ INFO ] 	[ SEND ]	Packet: Download ...
2024-06-17 17:16:47 [ INFO ] 	[ SEND ]	Packet: Download ...
2024-06-17 17:16:47 [ INFO ] 	[ SEND ]	Packet: Download ...
2024-06-17 17:16:48 [ INFO ] 	[ SEND ]	Packet: Download ...
2024-06-17 17:16:48 [ INFO ] 	[ SEND ]	Packet: Download ...
2024-06-17 17:16:49 [ INFO ] 	[ SEND ]	Packet: Download ...
2024-06-17 17:16:49 [ INFO ] 	[ SEND ]	Packet: Not Found
2024-06-17 17:34:42 [ INFO ] 	[ SERVER ]	Starting ...
2024-06-17 17:34:43 [ INFO ] 	[ PARAMS ]	Server received arguments
2024-06-17 17:34:44 [ INFO ] 	[ SOCKET ]	Socket was created
2024-06-17 17:34:45 [ INFO ] 	[ HDRINCL ]	Setting IP_HDRINCL successfully
2024-06-17 17:34:59 [ INFO ] 	[ RECV ]	Packet: utils.cpp
2024-06-17 17:34:59 [ INFO ] 	[ SEND ]	Packet: Download ...
2024-06-17 17:34:59 [ INFO ] 	[ SEND ]	Packet: Download ...
2024-06-17 17:35:00 [ INFO ] 	[ SEND ]	Packet: Download ...
2024-06-17 17:35:00 [ INFO ] 	[ SEND ]	Packet: /home/iplugin/Code/Github/socket_raw/tools/utils.cpp
2024-06-17 17:44:48 [ INFO ] 	[ SERVER ]	Starting ...
2024-06-17 17:44:49 [ INFO ] 	[ PARAMS ]	Server received arguments
2024-06-17 17:44:50 [ INFO ] 	[ SOCKET ]	Socket was created
2024-06-17 17:44:51 [ INFO ] 	[ HDRINCL ]	Setting IP_HDRINCL successfully
2024-06-17 17:45:00 [ INFO ] 	[ RECV ]	Packet: utils.cppcpp
2024-06-17 17:45:00 [ INFO ] 	[ SEND ]	Packet: Download ...
2024-06-17 17:45:00 [ INFO ] 	[ SEND ]	Packet: Download ...
2024-06-17 17:45:01 [ INFO ] 	[ SEND ]	Packet: Download ...
2024-06-17 17:45:01 [ INFO ] 	[ SEND ]	Packet: Download ...
2024-06-17 17:45:02 [ INFO ] 	[ SEND ]	Packet: Download ...
2024-06-17 17:45:02 [ INFO ] 	[ SEND ]	Packet: Download ...
2024-06-17 17:45:03 [ INFO ] 	[ SEND ]	Packet: Not Found
2024-06-17 17:51:48 [ INFO ] 	[ SERVER ]	Starting ...
2024-06-17 17:51:49 [ INFO ] 	[ PARAMS ]	Server received arguments
2024-06-17 17:51:50 [ INFO ] 	[ SOCKET ]	Socket was created
2024-06-17 17:51:51 [ INFO ] 	[ HDRINCL ]	Setting IP_HDRINCL successfully
2024-06-17 17:51:57 [WARNING] 	[ RECV ]	Packet: utils.cppcpp
2024-06-17 17:52:21 [WARNING] 	[ RECV ]	Packet: utils.cpp
2024-06-17 17:56:10 [ INFO ] 	[ SERVER ]	Starting ...
2024-06-17 17:56:11 [ INFO ] 	[ PARAMS ]	Server received arguments
2024-06-17 17:56:12 [ INFO ] 	[ SOCKET ]	Socket was created
2024-06-17 17:56:13 [ INFO ] 	[ HDRINCL ]	Setting IP_HDRINCL successfully
2024-06-17 17:56:24 [WARNING] 	[ RECV ]	Packet: utils.cppcpp
2024-06-17 17:56:42 [WARNING] 	[ RECV ]	Packet: utils.cpp
2024-06-17 18:05:29 [ INFO ] 	[ SERVER ]	Starting ...
2024-06-17 18:05:30 [ INFO ] 	[ PARAMS ]	Server received arguments
2024-06-17 18:05:31 [ INFO ] 	[ SOCKET ]	Socket was created
2024-06-17 18:05:32 [ INFO ] 	[ HDRINCL ]	Setting IP_HDRINCL successfully
2024-06-17 18:05:43 [WARNING] 	[ RECV ]	Packet: utils.cpp
2024-06-17 18:15:19 [ INFO ] 	[ SERVER ]	Starting ...
2024-06-17 18:15:20 [ INFO ] 	[ PARAMS ]	Server received arguments
2024-06-17 18:15:21 [ INFO ] 	[ SOCKET ]	Socket was created
2024-06-17 18:15:22 [ INFO ] 	[ HDRINCL ]	Setting IP_HDRINCL successfully
2024-06-17 18:15:30 [ INFO ] 	[ RECV ]	Packet: utils.cpp
2024-06-17 18:15:30 [ INFO ] 	[ SEND ]	Packet: Download ...
2024-06-17 18:15:31 [ INFO ] 	[ SEND ]	Packet: Download ...
2024-06-17 18:15:31 [ INFO ] 	[ SEND ]	Packet: Download ...
2024-06-17 18:15:31 [ INFO ] 	[ SEND ]	Packet: /home/iplugin/Code/Github/socket_raw/tools/utils.cpp
2024-06-17 18:15:38 [ INFO ] 	[ SERVER ]	Starting ...
2024-06-17 18:15:39 [ INFO ] 	[ PARAMS ]	Server received arguments
2024-06-17 18:15:40 [ INFO ] 	[ SOCKET ]	Socket was created
2024-06-17 18:15:41 [ INFO ] 	[ HDRINCL ]	Setting IP_HDRINCL successfully
2024-06-17 18:15:49 [ INFO ] 	[ RECV ]	Packet: utils.cpp
2024-06-17 18:15:49 [ INFO ] 	[ SEND ]	Packet: Download ...
2024-06-17 18:15:50 [ INFO ] 	[ SEND ]	Packet: Download ...
2024-06-17 18:15:50 [ INFO ] 	[ SEND ]	Packet: Download ...
2024-06-17 18:15:51 [ INFO ] 	[ SEND ]	Packet: /home/iplugin/Code/Github/socket_raw/tools/utils.cpp
2024-06-17 18:16:04 [ INFO ] 	[ SERVER ]	Starting ...
2024-06-17 18:16:05 [ INFO ] 	[ PARAMS ]	Server received arguments
2024-06-17 18:16:06 [ INFO ] 	[ SOCKET ]	Socket was created
2024-06-17 18:16:07 [ INFO ] 	[ HDRINCL ]	Setting IP_HDRINCL successfully
2024-06-17 18:16:15 [ INFO ] 	[ RECV ]	Packet: utils.cppcpp
2024-06-17 18:16:15 [ INFO ] 	[ SEND ]	Packet: Download ...
2024-06-17 18:16:16 [ INFO ] 	[ SEND ]	Packet: Download ...
2024-06-17 18:16:16 [ INFO ] 	[ SEND ]	Packet: Download ...
2024-06-17 18:16:17 [ INFO ] 	[ SEND ]	Packet: Download ...
2024-06-17 18:16:17 [ INFO ] 	[ SEND ]	Packet: Download ...
2024-06-17 18:16:18 [ INFO ] 	[ SEND ]	Packet: Download ...
2024-06-17 18:16:18 [ INFO ] 	[ SEND ]	Packet: Not Found
2024-06-17 18:16:44 [ INFO ] 	[ SERVER ]	Starting ...
2024-06-17 18:16:45 [ INFO ] 	[ PARAMS ]	Server received arguments
2024-06-17 18:16:46 [ INFO ] 	[ SOCKET ]	Socket was created
2024-06-17 18:16:47 [ INFO ] 	[ HDRINCL ]	Setting IP_HDRINCL successfully
2024-06-17 18:17:00 [WARNING] 	[ RECV ]	Packet: utils.cpp
2024-06-17 18:18:32 [ INFO ] 	[ SERVER ]	Starting ...
2024-06-17 18:18:33 [ INFO ] 	[ PARAMS ]	Server received arguments
2024-06-17 18:18:34 [ INFO ] 	[ SOCKET ]	Socket was created
2024-06-17 18:18:35 [ INFO ] 	[ HDRINCL ]	Setting IP_HDRINCL successfully
2024-06-17 18:18:46 [WARNING] 	[ RECV ]	Packet: utils.cpp
2024-06-17 18:18:59 [WARNING] 	[ RECV ]	Packet: utils.cppcpp
2024-06-17 18:20:06 [ INFO ] 	[ SERVER ]	Starting ...
2024-06-17 18:20:07 [ INFO ] 	[ PARAMS ]	Server received arguments
2024-06-17 18:20:08 [ INFO ] 	[ SOCKET ]	Socket was created
2024-06-17 18:20:09 [ INFO ] 	[ HDRINCL ]	Setting IP_HDRINCL successfully
2024-06-17 18:20:22 [WARNING] 	[ RECV ]	Packet: utils.cpp
2024-06-17 18:22:05 [ INFO ] 	[ SERVER ]	Starting ...
2024-06-17 18:22:06 [ INFO ] 	[ PARAMS ]	Server received arguments
2024-06-17 18:22:07 [ INFO ] 	[ SOCKET ]	Socket was created
2024-06-17 18:22:08 [ INFO ] 	[ HDRINCL ]	Setting IP_HDRINCL successfully
2024-06-17 18:22:16 [ INFO ] 	[ RECV ]	Packet: utils.cpp
2024-06-17 18:22:16 [ INFO ] 	[ SEND ]	Packet: Download ...
2024-06-17 18:22:17 [ INFO ] 	[ SEND ]	Packet: Download ...
2024-06-17 18:22:17 [ INFO ] 	[ SEND ]	Packet: Download ...
2024-06-17 18:22:17 [ INFO ] 	[ SEND ]	Packet: /home/iplugin/Code/Github/socket_raw/tools/utils.cpp
2024-06-17 18:29:37 [ INFO ] 	[ SERVER ]	Starting ...
2024-06-17 18:29:38 [ INFO ] 	[ PARAMS ]	Server received arguments
2024-06-17 18:29:39 [ INFO ] 	[ SOCKET ]	Socket was created
2024-06-17 18:29:40 [ INFO ] 	[ HDRINCL ]	Setting IP_HDRINCL successfully
2024-06-17 18:29:55 [WARNING] 	[ RECV ]	Packet: utils.cpp
2024-06-17 18:31:07 [ INFO ] 	[ SERVER ]	Starting ...
2024-06-17 18:31:08 [ INFO ] 	[ PARAMS ]	Server received arguments
2024-06-17 18:31:09 [ INFO ] 	[ SOCKET ]	Socket was created
2024-06-17 18:31:10 [ INFO ] 	[ HDRINCL ]	Setting IP_HDRINCL successfully
2024-06-17 18:31:25 [WARNING] 	[ RECV ]	Packet: utils.cpp
2024-06-17 18:31:49 [ INFO ] 	[ SERVER ]	Starting ...
2024-06-17 18:31:50 [ INFO ] 	[ PARAMS ]	Server received arguments
2024-06-17 18:31:51 [ INFO ] 	[ SOCKET ]	Socket was created
2024-06-17 18:31:52 [ INFO ] 	[ HDRINCL ]	Setting IP_HDRINCL successfully
2024-06-17 18:31:59 [WARNING] 	[ RECV ]	Packet: utils.cpp
2024-06-17 18:35:23 [ INFO ] 	[ SERVER ]	Starting ...
2024-06-17 18:35:24 [ INFO ] 	[ PARAMS ]	Server received arguments
2024-06-17 18:35:25 [ INFO ] 	[ SOCKET ]	Socket was created
2024-06-17 18:35:26 [ INFO ] 	[ HDRINCL ]	Setting IP_HDRINCL successfully
2024-06-17 18:35:35 [WARNING] 	[ RECV ]	Packet: utils.cpp
2024-06-17 18:39:24 [ INFO ] 	[ SERVER ]	Starting ...
2024-06-17 18:39:25 [ INFO ] 	[ PARAMS ]	Server received arguments
2024-06-17 18:39:26 [ INFO ] 	[ SOCKET ]	Socket was created
2024-06-17 18:39:27 [ INFO ] 	[ HDRINCL ]	Setting IP_HDRINCL successfully
2024-06-17 18:39:34 [WARNING] 	[ RECV ]	Packet: utils.cpp
2024-06-17 18:42:16 [ INFO ] 	[ SERVER ]	Starting ...
2024-06-17 18:42:17 [ INFO ] 	[ PARAMS ]	Server received arguments
2024-06-17 18:42:18 [ INFO ] 	[ SOCKET ]	Socket was created
2024-06-17 18:42:19 [ INFO ] 	[ HDRINCL ]	Setting IP_HDRINCL successfully
2024-06-17 18:42:25 [WARNING] 	[ RECV ]	Packet: utils.cpp
2024-06-17 18:43:02 [ INFO ] 	[ SERVER ]	Starting ...
2024-06-17 18:43:03 [ INFO ] 	[ PARAMS ]	Server received arguments
2024-06-17 18:43:04 [ INFO ] 	[ SOCKET ]	Socket was created
2024-06-17 18:43:05 [ INFO ] 	[ HDRINCL ]	Setting IP_HDRINCL successfully
2024-06-17 18:43:17 [WARNING] 	[ RECV ]	Packet: utils.cpp
2024-06-17 18:44:30 [ INFO ] 	[ SERVER ]	Starting ...
2024-06-17 18:44:31 [ INFO ] 	[ PARAMS ]	Server received arguments
2024-06-17 18:44:32 [ INFO ] 	[ SOCKET ]	Socket was created
2024-06-17 18:44:33 [ INFO ] 	[ HDRINCL ]	Setting IP_HDRINCL successfully
2024-06-17 18:44:38 [WARNING] 	[ RECV ]	Packet: utils.cpp
2024-06-17 18:45:05 [ INFO ] 	[ SERVER ]	Starting ...
2024-06-17 18:45:06 [ INFO ] 	[ PARAMS ]	Server received arguments
2024-06-17 18:45:07 [ INFO ] 	[ SOCKET ]	Socket was created
2024-06-17 18:45:08 [ INFO ] 	[ HDRINCL ]	Setting IP_HDRINCL successfully
2024-06-17 18:45:13 [WARNING] 	[ RECV ]	Packet: utils.cpp
2024-06-17 18:45:37 [ INFO ] 	[ SERVER ]	Starting ...
2024-06-17 18:45:38 [ INFO ] 	[ PARAMS ]	Server received arguments
2024-06-17 18:45:39 [ INFO ] 	[ SOCKET ]	Socket was created
2024-06-17 18:45:40 [ INFO ] 	[ HDRINCL ]	Setting IP_HDRINCL successfully
2024-06-17 18:45:45 [WARNING] 	[ RECV ]	Packet: utils.cpp
2024-06-17 18:48:54 [ INFO ] 	[ SERVER ]	Starting ...
2024-06-17 18:48:55 [ INFO ] 	[ PARAMS ]	Server received arguments
2024-06-17 18:48:56 [ INFO ] 	[ SOCKET ]	Socket was created
2024-06-17 18:48:57 [ INFO ] 	[ HDRINCL ]	Setting IP_HDRINCL successfully
2024-06-17 18:49:05 [WARNING] 	[ RECV ]	Packet: utils.cpp
2024-06-17 19:36:12 [ INFO ] 	[ SERVER ]	Starting ...
2024-06-17 19:36:13 [ INFO ] 	[ PARAMS ]	Server received arguments
2024-06-17 19:36:14 [ INFO ] 	[ SOCKET ]	Socket was created
2024-06-17 19:36:15 [ INFO ] 	[ HDRINCL ]	Setting IP_HDRINCL successfully
2024-06-17 19:36:29 [WARNING] 	[ RECV ]	Packet: utils.cpp
2024-06-17 19:37:25 [ INFO ] 	[ SERVER ]	Starting ...
2024-06-17 19:37:26 [ INFO ] 	[ PARAMS ]	Server received arguments
2024-06-17 19:37:27 [ INFO ] 	[ SOCKET ]	Socket was created
2024-06-17 19:37:28 [ INFO ] 	[ HDRINCL ]	Setting IP_HDRINCL successfully
2024-06-17 19:37:39 [WARNING] 	[ RECV ]	Packet: utils.cpp
2024-06-17 19:44:02 [ INFO ] 	[ SERVER ]	Starting ...
2024-06-17 19:44:03 [ INFO ] 	[ PARAMS ]	Server received arguments
2024-06-17 19:44:04 [ INFO ] 	[ SOCKET ]	Socket was created
2024-06-17 19:44:05 [ INFO ] 	[ HDRINCL ]	Setting IP_HDRINCL successfully
2024-06-17 19:44:11 [WARNING] 	[ RECV ]	Packet: utils.cpp
2024-06-17 19:47:21 [ INFO ] 	[ SERVER ]	Starting ...
2024-06-17 19:47:22 [ INFO ] 	[ PARAMS ]	Server received arguments
2024-06-17 19:47:23 [ INFO ] 	[ SOCKET ]	Socket was created
2024-06-17 19:47:24 [ INFO ] 	[ HDRINCL ]	Setting IP_HDRINCL successfully
2024-06-17 19:47:35 [WARNING] 	[ RECV ]	Packet: utils.cpp
2024-06-17 19:48:34 [ INFO ] 	[ SERVER ]	Starting ...
2024-06-17 19:48:35 [ INFO ] 	[ PARAMS ]	Server received arguments
2024-06-17 19:48:36 [ INFO ] 	[ SOCKET ]	Socket was created
2024-06-17 19:48:37 [ INFO ] 	[ HDRINCL ]	Setting IP_HDRINCL successfully
2024-06-17 19:48:41 [WARNING] 	[ RECV ]	Packet: utils.cpp
2024-06-17 19:51:10 [ INFO ] 	[ SERVER ]	Starting ...
2024-06-17 19:51:11 [ INFO ] 	[ PARAMS ]	Server received arguments
2024-06-17 19:51:12 [ INFO ] 	[ SOCKET ]	Socket was created
2024-06-17 19:51:13 [ INFO ] 	[ HDRINCL ]	Setting IP_HDRINCL successfully
2024-06-17 19:52:05 [WARNING] 	[ RECV ]	Packet: utils.cpp
2024-06-17 20:03:30 [ INFO ] 	[ SERVER ]	Starting ...
2024-06-17 20:03:31 [ INFO ] 	[ PARAMS ]	Server received arguments
2024-06-17 20:03:32 [ INFO ] 	[ SOCKET ]	Socket was created
2024-06-17 20:03:33 [ INFO ] 	[ HDRINCL ]	Setting IP_HDRINCL successfully
2024-06-17 20:03:50 [WARNING] 	[ RECV ]	Packet: utils.cpp
2024-06-17 20:06:15 [ INFO ] 	[ SERVER ]	Starting ...
2024-06-17 20:06:16 [ INFO ] 	[ PARAMS ]	Server received arguments
2024-06-17 20:06:17 [ INFO ] 	[ SOCKET ]	Socket was created
2024-06-17 20:06:18 [ INFO ] 	[ HDRINCL ]	Setting IP_HDRINCL successfully
2024-06-17 20:06:26 [WARNING] 	[ RECV ]	Packet: utils.cpp
2024-06-17 20:08:04 [ INFO ] 	[ SERVER ]	Starting ...
2024-06-17 20:08:05 [ INFO ] 	[ PARAMS ]	Server received arguments
2024-06-17 20:08:06 [ INFO ] 	[ SOCKET ]	Socket was created
2024-06-17 20:08:07 [ INFO ] 	[ HDRINCL ]	Setting IP_HDRINCL successfully
2024-06-17 20:08:17 [WARNING] 	[ RECV ]	Packet: utils.cpp
2024-06-17 20:09:25 [ INFO ] 	[ SERVER ]	Starting ...
2024-06-17 20:09:26 [ INFO ] 	[ PARAMS ]	Server received arguments
2024-06-17 20:09:27 [ INFO ] 	[ SOCKET ]	Socket was created
2024-06-17 20:09:28 [ INFO ] 	[ HDRINCL ]	Setting IP_HDRINCL successfully
2024-06-17 20:09:49 [WARNING] 	[ RECV ]	Packet: utils.cpp
2024-06-17 20:12:21 [ INFO ] 	[ SERVER ]	Starting ...
2024-06-17 20:12:22 [ INFO ] 	[ PARAMS ]	Server received arguments
2024-06-17 20:12:23 [ INFO ] 	[ SOCKET ]	Socket was created
2024-06-17 20:12:24 [ INFO ] 	[ HDRINCL ]	Setting IP_HDRINCL successfully
2024-06-17 20:13:11 [WARNING] 	[ RECV ]	Packet: utils.cpp
2024-06-17 20:22:05 [ INFO ] 	[ SERVER ]	Starting ...
2024-06-17 20:22:06 [ INFO ] 	[ PARAMS ]	Server received arguments
2024-06-17 20:22:07 [ INFO ] 	[ SOCKET ]	Socket was created
2024-06-17 20:22:08 [ INFO ] 	[ HDRINCL ]	Setting IP_HDRINCL successfully
2024-06-17 20:24:56 [ INFO ] 	[ SERVER ]	Starting ...
2024-06-17 20:24:57 [ INFO ] 	[ PARAMS ]	Server received arguments
2024-06-17 20:24:58 [ INFO ] 	[ SOCKET ]	Socket was created
2024-06-17 20:24:59 [ INFO ] 	[ HDRINCL ]	Setting IP_HDRINCL successfully
2024-06-17 20:33:48 [ INFO ] 	[ SERVER ]	Starting ...
2024-06-17 20:33:49 [ INFO ] 	[ PARAMS ]	Server received arguments
2024-06-17 20:33:50 [ INFO ] 	[ SOCKET ]	Socket was created
2024-06-17 20:33:51 [ INFO ] 	[ HDRINCL ]	Setting IP_HDRINCL successfully
2024-06-17 20:34:04 [WARNING] 	[ RECV ]	Packet: utils.cpp
2024-06-17 20:35:33 [ INFO ] 	[ SERVER ]	Starting ...
2024-06-17 20:35:34 [ INFO ] 	[ PARAMS ]	Server received arguments
2024-06-17 20:35:35 [ INFO ] 	[ SOCKET ]	Socket was created
2024-06-17 20:35:36 [ INFO ] 	[ HDRINCL ]	Setting IP_HDRINCL successfully
2024-06-17 20:35:44 [WARNING] 	[ RECV ]	Packet: utils.cpp
2024-06-17 20:38:25 [ INFO ] 	[ SERVER ]	Starting ...
2024-06-17 20:38:26 [ INFO ] 	[ PARAMS ]	Server received arguments
2024-06-17 20:38:27 [ INFO ] 	[ SOCKET ]	Socket was created
2024-06-17 20:38:28 [ INFO ] 	[ HDRINCL ]	Setting IP_HDRINCL successfully
2024-06-17 20:38:33 [WARNING] 	[ RECV ]	Packet: utils.cpp
2024-06-17 20:43:25 [ INFO ] 	[ SERVER ]	Starting ...
2024-06-17 20:43:26 [ INFO ] 	[ PARAMS ]	Server received arguments
2024-06-17 20:43:27 [ INFO ] 	[ SOCKET ]	Socket was created
2024-06-17 20:43:28 [ INFO ] 	[ HDRINCL ]	Setting IP_HDRINCL successfully
2024-06-17 20:43:32 [WARNING] 	[ RECV ]	Packet: utils.cpp
2024-06-17 20:52:02 [ INFO ] 	[ SERVER ]	Starting ...
2024-06-17 20:52:03 [ INFO ] 	[ PARAMS ]	Server received arguments
2024-06-17 20:52:04 [ INFO ] 	[ SOCKET ]	Socket was created
2024-06-17 20:52:05 [ INFO ] 	[ HDRINCL ]	Setting IP_HDRINCL successfully
2024-06-17 20:52:15 [WARNING] 	[ RECV ]	Packet: utils.cpp
2024-06-17 20:56:01 [ INFO ] 	[ SERVER ]	Starting ...
2024-06-17 20:56:02 [ INFO ] 	[ PARAMS ]	Server received arguments
2024-06-17 20:56:03 [ INFO ] 	[ SOCKET ]	Socket was created
2024-06-17 20:56:14 [ INFO ] 	[ SERVER ]	Starting ...
2024-06-17 20:56:15 [ INFO ] 	[ PARAMS ]	Server received arguments
2024-06-17 20:56:16 [ INFO ] 	[ SOCKET ]	Socket was created
2024-06-17 20:56:17 [ INFO ] 	[ HDRINCL ]	Setting IP_HDRINCL successfully
2024-06-17 20:56:28 [WARNING] 	[ RECV ]	Packet: utils.cpp
2024-06-17 21:03:22 [ INFO ] 	[ SERVER ]	Starting ...
2024-06-17 21:03:23 [ INFO ] 	[ PARAMS ]	Server received arguments
2024-06-17 21:03:24 [ INFO ] 	[ SOCKET ]	Socket was created
2024-06-17 21:03:25 [ INFO ] 	[ HDRINCL ]	Setting IP_HDRINCL successfully
2024-06-17 21:03:31 [WARNING] 	[ RECV ]	Packet: utils.cpp
2024-06-17 21:16:46 [ INFO ] 	[ SERVER ]	Starting ...
2024-06-17 21:16:47 [ INFO ] 	[ PARAMS ]	Server received arguments
2024-06-17 21:16:48 [ INFO ] 	[ SOCKET ]	Socket was created
2024-06-17 21:16:49 [ INFO ] 	[ HDRINCL ]	Setting IP_HDRINCL successfully
2024-06-17 21:16:57 [WARNING] 	[ RECV ]	Packet: utils.cpp
2024-06-17 21:18:32 [ INFO ] 	[ SERVER ]	Starting ...
2024-06-17 21:18:33 [ INFO ] 	[ PARAMS ]	Server received arguments
2024-06-17 21:18:40 [ INFO ] 	[ SERVER ]	Starting ...
2024-06-17 21:18:41 [ INFO ] 	[ PARAMS ]	Server received arguments
2024-06-17 21:18:42 [ INFO ] 	[ SOCKET ]	Socket was created
2024-06-17 21:18:43 [ INFO ] 	[ HDRINCL ]	Setting IP_HDRINCL successfully
2024-06-17 21:18:47 [WARNING] 	[ RECV ]	Packet: utils.cpp
2024-06-17 21:23:21 [ INFO ] 	[ SERVER ]	Starting ...
2024-06-17 21:23:22 [ INFO ] 	[ PARAMS ]	Server received arguments
2024-06-17 21:23:23 [ INFO ] 	[ SOCKET ]	Socket was created
2024-06-17 21:23:24 [ INFO ] 	[ HDRINCL ]	Setting IP_HDRINCL successfully
2024-06-17 21:23:28 [WARNING] 	[ RECV ]	Packet: utils.cpp
2024-06-17 21:25:03 [ INFO ] 	[ SERVER ]	Starting ...
2024-06-17 21:25:04 [ INFO ] 	[ PARAMS ]	Server received arguments
2024-06-17 21:25:05 [ INFO ] 	[ SOCKET ]	Socket was created
2024-06-17 21:25:06 [ INFO ] 	[ HDRINCL ]	Setting IP_HDRINCL successfully
2024-06-17 21:25:09 [WARNING] 	[ RECV ]	Packet: utils.cpp
2024-06-17 21:29:28 [ INFO ] 	[ SERVER ]	Starting ...
2024-06-17 21:29:29 [ INFO ] 	[ PARAMS ]	Server received arguments
2024-06-17 21:29:30 [ INFO ] 	[ SOCKET ]	Socket was created
2024-06-17 21:29:31 [ INFO ] 	[ HDRINCL ]	Setting IP_HDRINCL successfully
2024-06-17 21:29:38 [WARNING] 	[ RECV ]	Packet: utils.cpp
2024-06-17 21:33:30 [ INFO ] 	[ SERVER ]	Starting ...
2024-06-17 21:33:31 [ INFO ] 	[ PARAMS ]	Server received arguments
2024-06-17 21:33:32 [ INFO ] 	[ SOCKET ]	Socket was created
2024-06-17 21:33:33 [ INFO ] 	[ HDRINCL ]	Setting IP_HDRINCL successfully
2024-06-17 21:33:37 [WARNING] 	[ RECV ]	Packet: utils.cpp
2024-06-17 21:37:22 [ INFO ] 	[ SERVER ]	Starting ...
2024-06-17 21:37:23 [ INFO ] 	[ PARAMS ]	Server received arguments
2024-06-17 21:37:24 [ INFO ] 	[ SOCKET ]	Socket was created
2024-06-17 21:37:25 [ INFO ] 	[ HDRINCL ]	Setting IP_HDRINCL successfully
2024-06-17 21:37:29 [WARNING] 	[ RECV ]	Packet: utils.cpp
2024-06-17 21:38:47 [ INFO ] 	[ SERVER ]	Starting ...
2024-06-17 21:38:48 [ INFO ] 	[ PARAMS ]	Server received arguments
2024-06-17 21:38:49 [ INFO ] 	[ SOCKET ]	Socket was created
2024-06-17 21:38:50 [ INFO ] 	[ HDRINCL ]	Setting IP_HDRINCL successfully
2024-06-17 21:38:54 [WARNING] 	[ RECV ]	Packet: utils.cpp
2024-06-17 21:43:47 [ INFO ] 	[ SERVER ]	Starting ...
2024-06-17 21:43:48 [ INFO ] 	[ PARAMS ]	Server received arguments
2024-06-17 21:43:49 [ INFO ] 	[ SOCKET ]	Socket was created
2024-06-17 21:43:50 [ INFO ] 	[ HDRINCL ]	Setting IP_HDRINCL successfully
2024-06-17 21:43:54 [WARNING] 	[ RECV ]	Packet: utils.cpp
2024-06-17 21:45:10 [ INFO ] 	[ SERVER ]	Starting ...
2024-06-17 21:45:11 [ INFO ] 	[ PARAMS ]	Server received arguments
2024-06-17 21:45:12 [ INFO ] 	[ SOCKET ]	Socket was created
2024-06-17 21:45:13 [ INFO ] 	[ HDRINCL ]	Setting IP_HDRINCL successfully
2024-06-17 21:45:18 [WARNING] 	[ RECV ]	Packet: utils.cpp
2024-06-17 21:50:57 [ INFO ] 	[ SERVER ]	Starting ...
2024-06-17 21:50:58 [ INFO ] 	[ PARAMS ]	Server received arguments
2024-06-17 21:50:59 [ INFO ] 	[ SOCKET ]	Socket was created
2024-06-17 21:51:00 [ INFO ] 	[ HDRINCL ]	Setting IP_HDRINCL successfully
2024-06-17 21:51:04 [WARNING] 	[ RECV ]	Packet: utils.cpp
2024-06-17 21:53:12 [ INFO ] 	[ SERVER ]	Starting ...
2024-06-17 21:53:13 [ INFO ] 	[ PARAMS ]	Server received arguments
2024-06-17 21:53:14 [ INFO ] 	[ SOCKET ]	Socket was created
2024-06-17 21:53:15 [ INFO ] 	[ HDRINCL ]	Setting IP_HDRINCL successfully
2024-06-17 21:53:20 [WARNING] 	[ RECV ]	Packet: utils.cpp
2024-06-17 21:57:15 [ INFO ] 	[ SERVER ]	Starting ...
2024-06-17 21:57:16 [ INFO ] 	[ PARAMS ]	Server received arguments
2024-06-17 21:57:17 [ INFO ] 	[ SOCKET ]	Socket was created
2024-06-17 21:57:18 [ INFO ] 	[ HDRINCL ]	Setting IP_HDRINCL successfully
2024-06-17 21:57:22 [WARNING] 	[ RECV ]	Packet: utils.cpp
2024-06-17 22:01:36 [ INFO ] 	[ SERVER ]	Starting ...
2024-06-17 22:01:37 [ INFO ] 	[ PARAMS ]	Server received arguments
2024-06-17 22:01:38 [ INFO ] 	[ SOCKET ]	Socket was created
2024-06-17 22:01:39 [ INFO ] 	[ HDRINCL ]	Setting IP_HDRINCL successfully
2024-06-17 22:01:44 [WARNING] 	[ RECV ]	Packet: utils.cpp
2024-06-17 22:05:13 [ INFO ] 	[ SERVER ]	Starting ...
2024-06-17 22:05:14 [ INFO ] 	[ PARAMS ]	Server received arguments
2024-06-17 22:05:15 [ INFO ] 	[ SOCKET ]	Socket was created
2024-06-17 22:05:16 [ INFO ] 	[ HDRINCL ]	Setting IP_HDRINCL successfully
2024-06-17 22:05:22 [WARNING] 	[ RECV ]	Packet: utils.cpp
2024-06-17 22:07:14 [ INFO ] 	[ SERVER ]	Starting ...
2024-06-17 22:07:15 [ INFO ] 	[ PARAMS ]	Server received arguments
2024-06-17 22:07:16 [ INFO ] 	[ SOCKET ]	Socket was created
2024-06-17 22:07:17 [ INFO ] 	[ HDRINCL ]	Setting IP_HDRINCL successfully
2024-06-17 22:07:23 [WARNING] 	[ RECV ]	Packet: utils.cpp
2024-06-17 22:09:41 [ INFO ] 	[ SERVER ]	Starting ...
2024-06-17 22:09:42 [ INFO ] 	[ PARAMS ]	Server received arguments
2024-06-17 22:09:43 [ INFO ] 	[ SOCKET ]	Socket was created
2024-06-17 22:09:44 [ INFO ] 	[ HDRINCL ]	Setting IP_HDRINCL successfully
2024-06-17 22:09:49 [WARNING] 	[ RECV ]	Packet: utils.cpp
2024-06-17 22:13:55 [ INFO ] 	[ SERVER ]	Starting ...
2024-06-17 22:13:56 [ INFO ] 	[ PARAMS ]	Server received arguments
2024-06-17 22:13:57 [ INFO ] 	[ SOCKET ]	Socket was created
2024-06-17 22:13:58 [ INFO ] 	[ HDRINCL ]	Setting IP_HDRINCL successfully
2024-06-17 22:14:02 [WARNING] 	[ RECV ]	Packet: utils.cpp
2024-06-17 22:28:02 [ INFO ] 	[ SERVER ]	Starting ...
2024-06-17 22:28:03 [ INFO ] 	[ PARAMS ]	Server received arguments
2024-06-17 22:28:04 [ INFO ] 	[ SOCKET ]	Socket was created
2024-06-17 22:28:05 [ INFO ] 	[ HDRINCL ]	Setting IP_HDRINCL successfully
2024-06-17 22:28:10 [WARNING] 	[ RECV ]	Packet: utils.cpp
2024-06-17 22:32:46 [ INFO ] 	[ SERVER ]	Starting ...
2024-06-17 22:32:47 [ INFO ] 	[ PARAMS ]	Server received arguments
2024-06-17 22:32:48 [ INFO ] 	[ SOCKET ]	Socket was created
2024-06-17 22:32:49 [ INFO ] 	[ HDRINCL ]	Setting IP_HDRINCL successfully
2024-06-17 22:32:57 [ INFO ] 	[ RECV ]	Packet: utils.cpp
2024-06-17 22:32:57 [ INFO ] 	[ SEND ]	Packet: Download ...
2024-06-17 22:32:57 [ INFO ] 	[ SEND ]	Packet: Download ...
2024-06-17 22:32:58 [ INFO ] 	[ SEND ]	Packet: Download ...
2024-06-17 22:32:58 [ INFO ] 	[ SEND ]	Packet: /home/iplugin/Code/Github/socket_raw/tools/utils.cpp
2024-06-17 22:37:02 [ INFO ] 	[ SERVER ]	Starting ...
2024-06-17 22:37:03 [ INFO ] 	[ PARAMS ]	Server received arguments
2024-06-17 22:37:04 [ INFO ] 	[ SOCKET ]	Socket was created
2024-06-17 22:37:05 [ INFO ] 	[ HDRINCL ]	Setting IP_HDRINCL successfully
2024-06-17 22:37:10 [ INFO ] 	[ RECV ]	Packet: utils.cpp
2024-06-17 22:37:10 [ INFO ] 	[ SEND ]	Packet: Download ...
2024-06-17 22:37:10 [ INFO ] 	[ SEND ]	Packet: Download ...
2024-06-17 22:37:11 [ INFO ] 	[ SEND ]	Packet: Download ...
2024-06-17 22:37:11 [ INFO ] 	[ SEND ]	Packet: /home/iplugin/Code/Github/socket_raw/tools/utils.cpp
2024-06-17 22:38:49 [ INFO ] 	[ SERVER ]	Starting ...
2024-06-17 22:38:50 [ INFO ] 	[ PARAMS ]	Server received arguments
2024-06-17 22:38:51 [ INFO ] 	[ SOCKET ]	Socket was created
2024-06-17 22:38:52 [ INFO ] 	[ HDRINCL ]	Setting IP_HDRINCL successfully
2024-06-17 22:38:56 [ INFO ] 	[ RECV ]	Packet: utils.cpp
2024-06-17 22:38:56 [ INFO ] 	[ SEND ]	Packet: Download ...
2024-06-17 22:38:57 [ INFO ] 	[ SEND ]	Packet: Download ...
2024-06-17 22:38:57 [ INFO ] 	[ SEND ]	Packet: Download ...
2024-06-17 22:38:58 [ INFO ] 	[ SEND ]	Packet: /home/iplugin/Code/Github/socket_raw/tools/utils.cpp
2024-06-17 22:40:31 [ INFO ] 	[ SERVER ]	Starting ...
2024-06-17 22:40:32 [ INFO ] 	[ PARAMS ]	Server received arguments
2024-06-17 22:40:47 [ INFO ] 	[ SERVER ]	Starting ...
2024-06-17 22:40:48 [ INFO ] 	[ PARAMS ]	Server received arguments
2024-06-17 22:40:49 [ INFO ] 	[ SOCKET ]	Socket was created
2024-06-17 22:40:50 [ INFO ] 	[ HDRINCL ]	Setting IP_HDRINCL successfully
2024-06-17 22:40:55 [ INFO ] 	[ RECV ]	Packet: utils.cpp
2024-06-17 22:40:55 [ INFO ] 	[ SEND ]	Packet: Download ...
2024-06-17 22:40:55 [ INFO ] 	[ SEND ]	Packet: Download ...
2024-06-17 22:40:56 [ INFO ] 	[ SEND ]	Packet: Download ...
2024-06-17 22:40:56 [ INFO ] 	[ SEND ]	Packet: /home/iplugin/Code/Github/socket_raw/tools/utils.cpp
2024-06-17 22:42:28 [ INFO ] 	[ SERVER ]	Starting ...
2024-06-17 22:42:29 [ INFO ] 	[ PARAMS ]	Server received arguments
2024-06-17 22:42:30 [ INFO ] 	[ SOCKET ]	Socket was created
2024-06-17 22:42:31 [ INFO ] 	[ HDRINCL ]	Setting IP_HDRINCL successfully
2024-06-17 22:42:37 [ INFO ] 	[ RECV ]	Packet: utils.cpp
2024-06-17 22:42:37 [ INFO ] 	[ SEND ]	Packet: Download ...
2024-06-17 22:42:37 [ INFO ] 	[ SEND ]	Packet: Download ...
2024-06-17 22:42:38 [ INFO ] 	[ SEND ]	Packet: Download ...
2024-06-17 22:42:38 [ INFO ] 	[ SEND ]	Packet: /home/iplugin/Code/Github/socket_raw/tools/utils.cpp
2024-06-17 22:42:53 [ INFO ] 	[ RECV ]	Packet: server.cpp
2024-06-17 22:42:54 [ INFO ] 	[ SEND ]	Packet: /home/iplugin/Code/Github/socket_qt/socket_qml/src/utils/server.cpp
2024-06-17 23:46:33 [ INFO ] 	[ SERVER ]	Starting ...
2024-06-17 23:46:34 [ INFO ] 	[ PARAMS ]	Server received arguments
2024-06-17 23:46:35 [ INFO ] 	[ SOCKET ]	Socket was created
2024-06-17 23:46:36 [ INFO ] 	[ HDRINCL ]	Setting IP_HDRINCL successfully
2024-06-17 23:47:48 [ INFO ] 	[ RECV ]	Packet: test.txt
2024-06-17 23:47:48 [ INFO ] 	[ SEND ]	Packet: Download ...
2024-06-17 23:47:48 [ INFO ] 	[ SEND ]	Packet: Download ...
2024-06-17 23:47:49 [ INFO ] 	[ SEND ]	Packet: Download ...
2024-06-17 23:47:49 [ INFO ] 	[ SEND ]	Packet: Download ...
2024-06-17 23:47:50 [ INFO ] 	[ SEND ]	Packet: Download ...
2024-06-17 23:47:50 [ INFO ] 	[ SEND ]	Packet: /home/iplugin/Qt/6.7.1/Src/qtwebengine/src/3rdparty/chromium/net/data/cache_tests/simple_file_enumerator/test.txt
2024-06-18 00:56:46 [ INFO ] 	[ SERVER ]	Starting ...
2024-06-18 00:56:47 [ INFO ] 	[ PARAMS ]	Server received arguments
2024-06-18 00:56:48 [ INFO ] 	[ SOCKET ]	Socket was created
2024-06-18 00:56:49 [ INFO ] 	[ HDRINCL ]	Setting IP_HDRINCL successfully
2024-06-18 00:57:42 [ INFO ] 	[ RECV ]	Packet: utils.cpp
2024-06-18 00:57:42 [ INFO ] 	[ SEND ]	Packet: Download ...
2024-06-18 00:58:51 [ INFO ] 	[ SERVER ]	Starting ...
2024-06-18 00:58:52 [ INFO ] 	[ PARAMS ]	Server received arguments
2024-06-18 00:58:53 [ INFO ] 	[ SOCKET ]	Socket was created
2024-06-18 00:58:54 [ INFO ] 	[ HDRINCL ]	Setting IP_HDRINCL successfully
2024-06-18 00:59:01 [ INFO ] 	[ RECV ]	Packet: utils.cprr
2024-06-18 00:59:01 [ INFO ] 	[ SEND ]	Packet: Download ...
2024-06-18 01:02:10 [ INFO ] 	[ SERVER ]	Starting ...
2024-06-18 01:02:11 [ INFO ] 	[ PARAMS ]	Server received arguments
2024-06-18 01:02:12 [ INFO ] 	[ SOCKET ]	Socket was created
2024-06-18 01:02:13 [ INFO ] 	[ HDRINCL ]	Setting IP_HDRINCL successfully
2024-06-18 01:02:19 [ INFO ] 	[ RECV ]	Packet: utils.cprr
2024-06-18 01:02:19 [ INFO ] 	[ SEND ]	Packet: Download ...
2024-06-18 01:13:03 [ INFO ] 	[ SERVER ]	Starting ...
2024-06-18 01:13:04 [ INFO ] 	[ PARAMS ]	Server received arguments
2024-06-18 01:13:05 [ INFO ] 	[ SOCKET ]	Socket was created
2024-06-18 01:13:06 [ INFO ] 	[ HDRINCL ]	Setting IP_HDRINCL successfully
2024-06-18 01:13:13 [ INFO ] 	[ RECV ]	Packet: utils.cprr
2024-06-18 01:13:13 [ INFO ] 	[ SEND ]	Packet: Download ...
2024-06-18 01:13:13 [ INFO ] 	[ SEND ]	Packet: Download ...
2024-06-18 01:13:14 [ INFO ] 	[ SEND ]	Packet: Download ...
2024-06-18 01:13:14 [ INFO ] 	[ SEND ]	Packet: Download ...
2024-06-18 01:13:15 [ INFO ] 	[ SEND ]	Packet: Download ...
2024-06-18 01:13:15 [ INFO ] 	[ SEND ]	Packet: Download ...
2024-06-18 01:13:15 [ INFO ] 	[ SEND ]	Packet: Not Found
2024-06-18 01:13:35 [ INFO ] 	[ SERVER ]	Starting ...
2024-06-18 01:13:36 [ INFO ] 	[ PARAMS ]	Server received arguments
2024-06-18 01:13:37 [ INFO ] 	[ SOCKET ]	Socket was created
2024-06-18 01:13:38 [ INFO ] 	[ HDRINCL ]	Setting IP_HDRINCL successfully
2024-06-18 01:13:44 [ INFO ] 	[ RECV ]	Packet: utils.cprr
2024-06-18 01:13:44 [ INFO ] 	[ SEND ]	Packet: Download ...
2024-06-18 01:13:44 [ INFO ] 	[ SEND ]	Packet: Download ...
2024-06-18 01:13:45 [ INFO ] 	[ SEND ]	Packet: Download ...
2024-06-18 01:13:45 [ INFO ] 	[ SEND ]	Packet: Download ...
2024-06-18 01:13:46 [ INFO ] 	[ SEND ]	Packet: Download ...
2024-06-18 01:13:46 [ INFO ] 	[ SEND ]	Packet: Download ...
2024-06-18 01:13:46 [ INFO ] 	[ SEND ]	Packet: Not Found
2024-06-18 01:17:08 [ INFO ] 	[ SERVER ]	Starting ...
2024-06-18 01:17:09 [ INFO ] 	[ PARAMS ]	Server received arguments
2024-06-18 01:17:10 [ INFO ] 	[ SOCKET ]	Socket was created
2024-06-18 01:17:11 [ INFO ] 	[ HDRINCL ]	Setting IP_HDRINCL successfully
2024-06-18 01:17:20 [ INFO ] 	[ RECV ]	Packet: utils.cprr
2024-06-18 01:17:20 [ INFO ] 	[ SEND ]	Packet: Download ...
2024-06-18 01:17:21 [ INFO ] 	[ SEND ]	Packet: Download ...
2024-06-18 01:17:21 [ INFO ] 	[ SEND ]	Packet: Download ...
2024-06-18 01:17:22 [ INFO ] 	[ SEND ]	Packet: Download ...
2024-06-18 01:17:22 [ INFO ] 	[ SEND ]	Packet: Download ...
2024-06-18 01:17:23 [ INFO ] 	[ SEND ]	Packet: Download ...
2024-06-18 01:17:23 [ INFO ] 	[ SEND ]	Packet: Not Found
2024-06-18 01:20:43 [ INFO ] 	[ SERVER ]	Starting ...
2024-06-18 01:20:44 [ INFO ] 	[ PARAMS ]	Server received arguments
2024-06-18 01:20:45 [ INFO ] 	[ SOCKET ]	Socket was created
2024-06-18 01:20:46 [ INFO ] 	[ HDRINCL ]	Setting IP_HDRINCL successfully
2024-06-18 01:20:52 [ INFO ] 	[ RECV ]	Packet: utils.cprr
2024-06-18 01:20:52 [ INFO ] 	[ SEND ]	Packet: Download ...
2024-06-18 01:20:52 [ INFO ] 	[ SEND ]	Packet: Download ...
2024-06-18 01:20:53 [ INFO ] 	[ SEND ]	Packet: Download ...
2024-06-18 01:20:53 [ INFO ] 	[ SEND ]	Packet: Download ...
2024-06-18 01:20:54 [ INFO ] 	[ SEND ]	Packet: Download ...
2024-06-18 01:20:54 [ INFO ] 	[ SEND ]	Packet: Download ...
2024-06-18 01:20:54 [ INFO ] 	[ SEND ]	Packet: Not Found
2024-06-18 01:27:34 [ INFO ] 	[ SERVER ]	Starting ...
2024-06-18 01:27:35 [ INFO ] 	[ PARAMS ]	Server received arguments
2024-06-18 01:27:36 [ INFO ] 	[ SOCKET ]	Socket was created
2024-06-18 01:27:37 [ INFO ] 	[ HDRINCL ]	Setting IP_HDRINCL successfully
2024-06-18 01:27:42 [ INFO ] 	[ RECV ]	Packet: utils.cprr
2024-06-18 01:27:42 [ INFO ] 	[ SEND ]	Packet: Download ...
2024-06-18 01:27:42 [ INFO ] 	[ SEND ]	Packet: Download ...
2024-06-18 01:27:43 [ INFO ] 	[ SEND ]	Packet: Download ...
2024-06-18 01:27:43 [ INFO ] 	[ SEND ]	Packet: Download ...
2024-06-18 01:27:44 [ INFO ] 	[ SEND ]	Packet: Download ...
2024-06-18 01:27:44 [ INFO ] 	[ SEND ]	Packet: Download ...
2024-06-18 01:27:44 [ INFO ] 	[ SEND ]	Packet: Not Found
2024-06-18 01:33:16 [ INFO ] 	[ SERVER ]	Starting ...
2024-06-18 01:33:17 [ INFO ] 	[ PARAMS ]	Server received arguments
2024-06-18 01:33:18 [ INFO ] 	[ SOCKET ]	Socket was created
2024-06-18 01:33:19 [ INFO ] 	[ HDRINCL ]	Setting IP_HDRINCL successfully
2024-06-18 01:33:23 [ INFO ] 	[ RECV ]	Packet: utils.cprr
2024-06-18 01:33:23 [ INFO ] 	[ SEND ]	Packet: Download ...
2024-06-18 01:33:24 [ INFO ] 	[ SEND ]	Packet: Download ...
2024-06-18 01:33:24 [ INFO ] 	[ SEND ]	Packet: Download ...
2024-06-18 01:33:25 [ INFO ] 	[ SEND ]	Packet: Download ...
2024-06-18 01:33:25 [ INFO ] 	[ SEND ]	Packet: Download ...
2024-06-18 01:33:26 [ INFO ] 	[ SEND ]	Packet: Download ...
2024-06-18 01:33:26 [ INFO ] 	[ SEND ]	Packet: Not Found
2024-06-18 01:35:07 [ INFO ] 	[ SERVER ]	Starting ...
2024-06-18 01:35:08 [ INFO ] 	[ PARAMS ]	Server received arguments
2024-06-18 01:35:09 [ INFO ] 	[ SOCKET ]	Socket was created
2024-06-18 01:35:10 [ INFO ] 	[ HDRINCL ]	Setting IP_HDRINCL successfully
2024-06-18 01:35:14 [ INFO ] 	[ RECV ]	Packet: utils.cprr
2024-06-18 01:35:14 [ INFO ] 	[ SEND ]	Packet: Download ...
2024-06-18 01:35:15 [ INFO ] 	[ SEND ]	Packet: Download ...
2024-06-18 01:35:15 [ INFO ] 	[ SEND ]	Packet: Download ...
2024-06-18 01:35:16 [ INFO ] 	[ SEND ]	Packet: Download ...
2024-06-18 01:35:16 [ INFO ] 	[ SEND ]	Packet: Download ...
2024-06-18 01:35:17 [ INFO ] 	[ SEND ]	Packet: Download ...
2024-06-18 01:35:17 [ INFO ] 	[ SEND ]	Packet: Not Found
2024-06-18 01:35:44 [ INFO ] 	[ RECV ]	Packet: utils.cprr
2024-06-18 01:35:47 [ INFO ] 	[ SEND ]	Packet: Not Found
2024-06-18 01:37:18 [ INFO ] 	[ SERVER ]	Starting ...
2024-06-18 01:37:19 [ INFO ] 	[ PARAMS ]	Server received arguments
2024-06-18 01:37:20 [ INFO ] 	[ SOCKET ]	Socket was created
2024-06-18 01:37:21 [ INFO ] 	[ HDRINCL ]	Setting IP_HDRINCL successfully
2024-06-18 01:37:25 [ INFO ] 	[ RECV ]	Packet: utils.cprr
2024-06-18 01:37:25 [ INFO ] 	[ SEND ]	Packet: Download ...
2024-06-18 01:37:26 [ INFO ] 	[ SEND ]	Packet: Download ...
2024-06-18 01:37:26 [ INFO ] 	[ SEND ]	Packet: Download ...
2024-06-18 01:37:27 [ INFO ] 	[ SEND ]	Packet: Download ...
2024-06-18 01:37:27 [ INFO ] 	[ SEND ]	Packet: Download ...
2024-06-18 01:37:28 [ INFO ] 	[ SEND ]	Packet: Download ...
2024-06-18 01:37:28 [ INFO ] 	[ SEND ]	Packet: Not Found
2024-06-18 01:37:55 [ INFO ] 	[ SERVER ]	Starting ...
2024-06-18 01:37:56 [ INFO ] 	[ PARAMS ]	Server received arguments
2024-06-18 01:37:57 [ INFO ] 	[ SOCKET ]	Socket was created
2024-06-18 01:37:58 [ INFO ] 	[ HDRINCL ]	Setting IP_HDRINCL successfully
2024-06-18 01:38:02 [ INFO ] 	[ RECV ]	Packet: utils.cprr
2024-06-18 01:38:02 [ INFO ] 	[ SEND ]	Packet: Download ...
2024-06-18 01:38:03 [ INFO ] 	[ SEND ]	Packet: Download ...
2024-06-18 01:38:03 [ INFO ] 	[ SEND ]	Packet: Download ...
2024-06-18 01:38:04 [ INFO ] 	[ SEND ]	Packet: Download ...
2024-06-18 01:38:04 [ INFO ] 	[ SEND ]	Packet: Download ...
2024-06-18 01:38:05 [ INFO ] 	[ SEND ]	Packet: Download ...
2024-06-18 01:38:05 [ INFO ] 	[ SEND ]	Packet: Not Found
2024-06-18 01:39:03 [ INFO ] 	[ SERVER ]	Starting ...
2024-06-18 01:39:04 [ INFO ] 	[ PARAMS ]	Server received arguments
2024-06-18 01:39:05 [ INFO ] 	[ SOCKET ]	Socket was created
2024-06-18 01:39:06 [ INFO ] 	[ HDRINCL ]	Setting IP_HDRINCL successfully
2024-06-18 01:39:10 [ INFO ] 	[ RECV ]	Packet: utils.cprr
2024-06-18 01:39:10 [ INFO ] 	[ SEND ]	Packet: Download ...
2024-06-18 01:39:10 [ INFO ] 	[ SEND ]	Packet: Download ...
2024-06-18 01:39:11 [ INFO ] 	[ SEND ]	Packet: Download ...
2024-06-18 01:39:11 [ INFO ] 	[ SEND ]	Packet: Download ...
2024-06-18 01:39:12 [ INFO ] 	[ SEND ]	Packet: Download ...
2024-06-18 01:39:12 [ INFO ] 	[ SEND ]	Packet: Download ...
2024-06-18 01:39:12 [ INFO ] 	[ SEND ]	Packet: Not Found
2024-06-18 01:40:01 [ INFO ] 	[ SERVER ]	Starting ...
2024-06-18 01:40:02 [ INFO ] 	[ PARAMS ]	Server received arguments
2024-06-18 01:40:03 [ INFO ] 	[ SOCKET ]	Socket was created
2024-06-18 01:40:04 [ INFO ] 	[ HDRINCL ]	Setting IP_HDRINCL successfully
2024-06-18 01:40:10 [ INFO ] 	[ RECV ]	Packet: utils.cprr
2024-06-18 01:40:10 [ INFO ] 	[ SEND ]	Packet: Download ...
2024-06-18 01:40:10 [ INFO ] 	[ SEND ]	Packet: Download ...
2024-06-18 01:40:11 [ INFO ] 	[ SEND ]	Packet: Download ...
2024-06-18 01:40:11 [ INFO ] 	[ SEND ]	Packet: Download ...
2024-06-18 01:40:12 [ INFO ] 	[ SEND ]	Packet: Download ...
2024-06-18 01:40:12 [ INFO ] 	[ SEND ]	Packet: Download ...
2024-06-18 01:40:13 [ INFO ] 	[ SEND ]	Packet: Not Found
2024-06-18 01:41:07 [ INFO ] 	[ SERVER ]	Starting ...
2024-06-18 01:41:08 [ INFO ] 	[ PARAMS ]	Server received arguments
2024-06-18 01:41:09 [ INFO ] 	[ SOCKET ]	Socket was created
2024-06-18 01:41:10 [ INFO ] 	[ HDRINCL ]	Setting IP_HDRINCL successfully
2024-06-18 01:41:21 [ INFO ] 	[ RECV ]	Packet: utils.cprr
2024-06-18 01:41:21 [ INFO ] 	[ SEND ]	Packet: Download ...
2024-06-18 01:41:21 [ INFO ] 	[ SEND ]	Packet: Download ...
2024-06-18 01:41:22 [ INFO ] 	[ SEND ]	Packet: Download ...
2024-06-18 01:41:22 [ INFO ] 	[ SEND ]	Packet: Download ...
2024-06-18 01:41:23 [ INFO ] 	[ SEND ]	Packet: Download ...
2024-06-18 01:41:23 [ INFO ] 	[ SEND ]	Packet: Download ...
2024-06-18 01:41:23 [ INFO ] 	[ SEND ]	Packet: Not Found
2024-06-18 01:43:52 [ INFO ] 	[ SERVER ]	Starting ...
2024-06-18 01:43:53 [ INFO ] 	[ PARAMS ]	Server received arguments
2024-06-18 01:43:54 [ INFO ] 	[ SOCKET ]	Socket was created
2024-06-18 01:43:55 [ INFO ] 	[ HDRINCL ]	Setting IP_HDRINCL successfully
2024-06-18 01:43:59 [ INFO ] 	[ RECV ]	Packet: utils.cprr
2024-06-18 01:43:59 [ INFO ] 	[ SEND ]	Packet: Download ...
2024-06-18 01:44:00 [ INFO ] 	[ SEND ]	Packet: Download ...
2024-06-18 01:44:00 [ INFO ] 	[ SEND ]	Packet: Download ...
2024-06-18 01:44:01 [ INFO ] 	[ SEND ]	Packet: Download ...
2024-06-18 01:44:01 [ INFO ] 	[ SEND ]	Packet: Download ...
2024-06-18 01:44:02 [ INFO ] 	[ SEND ]	Packet: Download ...
2024-06-18 01:44:02 [ INFO ] 	[ SEND ]	Packet: Not Found
2024-06-18 01:44:58 [ INFO ] 	[ SERVER ]	Starting ...
2024-06-18 01:44:59 [ INFO ] 	[ PARAMS ]	Server received arguments
2024-06-18 01:45:10 [ INFO ] 	[ SERVER ]	Starting ...
2024-06-18 01:45:11 [ INFO ] 	[ PARAMS ]	Server received arguments
2024-06-18 01:45:12 [ INFO ] 	[ SOCKET ]	Socket was created
2024-06-18 01:45:13 [ INFO ] 	[ HDRINCL ]	Setting IP_HDRINCL successfully
2024-06-18 01:45:18 [ INFO ] 	[ RECV ]	Packet: utils.cprr
2024-06-18 01:45:18 [ INFO ] 	[ SEND ]	Packet: Download ...
2024-06-18 01:45:18 [ INFO ] 	[ SEND ]	Packet: Download ...
2024-06-18 01:45:19 [ INFO ] 	[ SEND ]	Packet: Download ...
2024-06-18 01:45:19 [ INFO ] 	[ SEND ]	Packet: Download ...
2024-06-18 01:45:20 [ INFO ] 	[ SEND ]	Packet: Download ...
2024-06-18 01:45:20 [ INFO ] 	[ SEND ]	Packet: Download ...
2024-06-18 01:45:20 [ INFO ] 	[ SEND ]	Packet: Not Found
2024-06-18 01:46:41 [ INFO ] 	[ SERVER ]	Starting ...
2024-06-18 01:46:42 [ INFO ] 	[ PARAMS ]	Server received arguments
2024-06-18 01:46:43 [ INFO ] 	[ SOCKET ]	Socket was created
2024-06-18 01:46:44 [ INFO ] 	[ HDRINCL ]	Setting IP_HDRINCL successfully
2024-06-18 01:46:48 [ INFO ] 	[ RECV ]	Packet: utils.cprr
2024-06-18 01:46:48 [ INFO ] 	[ SEND ]	Packet: Download ...
2024-06-18 01:46:48 [ INFO ] 	[ SEND ]	Packet: Download ...
2024-06-18 01:46:49 [ INFO ] 	[ SEND ]	Packet: Download ...
2024-06-18 01:46:49 [ INFO ] 	[ SEND ]	Packet: Download ...
2024-06-18 01:46:50 [ INFO ] 	[ SEND ]	Packet: Download ...
2024-06-18 01:46:50 [ INFO ] 	[ SEND ]	Packet: Download ...
2024-06-18 01:46:50 [ INFO ] 	[ SEND ]	Packet: Not Found
2024-06-18 01:55:17 [ INFO ] 	[ SERVER ]	Starting ...
2024-06-18 01:55:18 [ INFO ] 	[ PARAMS ]	Server received arguments
2024-06-18 01:55:19 [ INFO ] 	[ SOCKET ]	Socket was created
2024-06-18 01:55:20 [ INFO ] 	[ HDRINCL ]	Setting IP_HDRINCL successfully
2024-06-18 01:55:24 [ INFO ] 	[ RECV ]	Packet: utils.cprr
2024-06-18 01:55:24 [ INFO ] 	[ SEND ]	Packet: Download ...
2024-06-18 01:55:25 [ INFO ] 	[ SEND ]	Packet: Download ...
2024-06-18 01:55:25 [ INFO ] 	[ SEND ]	Packet: Download ...
2024-06-18 01:55:26 [ INFO ] 	[ SEND ]	Packet: Download ...
2024-06-18 01:55:26 [ INFO ] 	[ SEND ]	Packet: Download ...
2024-06-18 01:55:27 [ INFO ] 	[ SEND ]	Packet: Download ...
2024-06-18 01:55:27 [ INFO ] 	[ SEND ]	Packet: Not Found
2024-06-18 01:56:03 [ INFO ] 	[ RECV ]	Packet: utils.cprr
2024-06-18 01:56:06 [ INFO ] 	[ SEND ]	Packet: Not Found
2024-06-18 12:06:18 [ INFO ] 	[ SERVER ]	Starting ...
2024-06-18 12:06:19 [ INFO ] 	[ PARAMS ]	Server received arguments
2024-06-18 12:06:20 [ INFO ] 	[ SOCKET ]	Socket was created
2024-06-18 12:06:21 [ INFO ] 	[ HDRINCL ]	Setting IP_HDRINCL successfully
2024-06-18 12:07:32 [ INFO ] 	[ RECV ]	Packet: test.txt
2024-06-18 12:07:32 [ INFO ] 	[ SEND ]	Packet: Download ...
2024-06-18 12:07:33 [ INFO ] 	[ SEND ]	Packet: Download ...
2024-06-18 12:07:33 [ INFO ] 	[ SEND ]	Packet: Download ...
2024-06-18 12:07:34 [ INFO ] 	[ SEND ]	Packet: Download ...
2024-06-18 12:07:34 [ INFO ] 	[ SEND ]	Packet: Download ...
2024-06-18 12:07:35 [ INFO ] 	[ SEND ]	Packet: Download ...
2024-06-18 12:07:35 [ INFO ] 	[ SEND ]	Packet: Download ...
2024-06-18 12:07:36 [ INFO ] 	[ SEND ]	Packet: Download ...
2024-06-18 12:07:36 [ INFO ] 	[ SEND ]	Packet: Download ...
2024-06-18 12:07:37 [ INFO ] 	[ SEND ]	Packet: Download ...
2024-06-18 12:07:37 [ INFO ] 	[ SEND ]	Packet: Download ...
2024-06-18 12:07:38 [ INFO ] 	[ SEND ]	Packet: Download ...
2024-06-18 12:07:38 [ INFO ] 	[ SEND ]	Packet: Download ...
2024-06-18 12:07:39 [ INFO ] 	[ SEND ]	Packet: Download ...
2024-06-18 12:07:39 [ INFO ] 	[ SEND ]	Packet: Download ...
2024-06-18 12:07:40 [ INFO ] 	[ SEND ]	Packet: Download ...
2024-06-18 12:07:40 [ INFO ] 	[ SEND ]	Packet: Download ...
2024-06-18 12:07:41 [ INFO ] 	[ SEND ]	Packet: Download ...
2024-06-18 12:07:41 [ INFO ] 	[ SEND ]	Packet: Download ...
2024-06-18 12:07:42 [ INFO ] 	[ SEND ]	Packet: Download ...
2024-06-18 12:07:42 [ INFO ] 	[ SEND ]	Packet: Download ...
2024-06-18 12:07:43 [ INFO ] 	[ SEND ]	Packet: Download ...
2024-06-18 12:07:43 [ INFO ] 	[ SEND ]	Packet: Download ...
2024-06-18 12:07:44 [ INFO ] 	[ SEND ]	Packet: Download ...
2024-06-18 12:07:44 [ INFO ] 	[ SEND ]	Packet: Download ...
2024-06-18 12:07:45 [ INFO ] 	[ SEND ]	Packet: Download ...
2024-06-18 12:07:45 [ INFO ] 	[ SEND ]	Packet: Download ...
2024-06-18 12:07:46 [ INFO ] 	[ SEND ]	Packet: Download ...
2024-06-18 12:07:46 [ INFO ] 	[ SEND ]	Packet: Download ...
2024-06-18 12:07:47 [ INFO ] 	[ SEND ]	Packet: Download ...
2024-06-18 12:07:47 [ INFO ] 	[ SEND ]	Packet: Download ...
2024-06-18 12:07:48 [ INFO ] 	[ SEND ]	Packet: Download ...
2024-06-18 12:07:48 [ INFO ] 	[ SEND ]	Packet: Download ...
2024-06-18 12:07:49 [ INFO ] 	[ SEND ]	Packet: Download ...
2024-06-18 12:07:49 [ INFO ] 	[ SEND ]	Packet: Download ...
2024-06-18 12:07:50 [ INFO ] 	[ SEND ]	Packet: Download ...
2024-06-18 12:07:50 [ INFO ] 	[ SEND ]	Packet: Download ...
2024-06-18 12:07:51 [ INFO ] 	[ SEND ]	Packet: Download ...
2024-06-18 12:07:51 [ INFO ] 	[ SEND ]	Packet: Download ...
2024-06-18 12:07:52 [ INFO ] 	[ SEND ]	Packet: Download ...
2024-06-18 12:07:52 [ INFO ] 	[ SEND ]	Packet: /home/iplugin/Qt/6.7.1/Src/qtwebengine/src/3rdparty/chromium/net/data/cache_tests/simple_file_enumerator/test.txt
2024-06-18 12:08:32 [ INFO ] 	[ SERVER ]	Starting ...
2024-06-18 12:08:33 [ INFO ] 	[ PARAMS ]	Server received arguments
2024-06-18 12:08:34 [ INFO ] 	[ SOCKET ]	Socket was created
2024-06-18 12:08:35 [ INFO ] 	[ HDRINCL ]	Setting IP_HDRINCL successfully
2024-06-18 12:08:58 [ INFO ] 	[ RECV ]	Packet: test.txt
2024-06-18 12:08:58 [ INFO ] 	[ SEND ]	Packet: Download ...
2024-06-18 12:08:58 [ INFO ] 	[ SEND ]	Packet: Download ...
2024-06-18 12:08:59 [ INFO ] 	[ SEND ]	Packet: Download ...
2024-06-18 12:08:59 [ INFO ] 	[ SEND ]	Packet: Download ...
2024-06-18 12:09:00 [ INFO ] 	[ SEND ]	Packet: Download ...
2024-06-18 12:09:00 [ INFO ] 	[ SEND ]	Packet: /home/iplugin/Qt/6.7.1/Src/qtwebengine/src/3rdparty/chromium/net/data/cache_tests/simple_file_enumerator/test.txt
2024-06-18 12:09:18 [ INFO ] 	[ SERVER ]	Starting ...
2024-06-18 12:09:19 [ INFO ] 	[ PARAMS ]	Server received arguments
2024-06-18 12:09:20 [ INFO ] 	[ SOCKET ]	Socket was created
2024-06-18 12:09:21 [ INFO ] 	[ HDRINCL ]	Setting IP_HDRINCL successfully
2024-06-18 12:09:26 [ INFO ] 	[ RECV ]	Packet: test.txt
2024-06-18 12:09:26 [ INFO ] 	[ SEND ]	Packet: Download ...
2024-06-18 12:09:27 [ INFO ] 	[ SEND ]	Packet: Download ...
2024-06-18 12:09:27 [ INFO ] 	[ SEND ]	Packet: Download ...
2024-06-18 12:09:28 [ INFO ] 	[ SEND ]	Packet: Download ...
2024-06-18 12:09:28 [ INFO ] 	[ SEND ]	Packet: Download ...
2024-06-18 12:09:28 [ INFO ] 	[ SEND ]	Packet: /home/iplugin/Qt/6.7.1/Src/qtwebengine/src/3rdparty/chromium/net/data/cache_tests/simple_file_enumerator/test.txt
2024-06-18 12:10:13 [ INFO ] 	[ SERVER ]	Starting ...
2024-06-18 12:10:14 [ INFO ] 	[ PARAMS ]	Server received arguments
2024-06-18 12:10:15 [ INFO ] 	[ SOCKET ]	Socket was created
2024-06-18 12:10:16 [ INFO ] 	[ HDRINCL ]	Setting IP_HDRINCL successfully
2024-06-18 12:10:27 [ INFO ] 	[ RECV ]	Packet: test.tmxt
2024-06-18 12:10:27 [ INFO ] 	[ SEND ]	Packet: Download ...
2024-06-18 12:10:27 [ INFO ] 	[ SEND ]	Packet: Download ...
2024-06-18 12:10:28 [ INFO ] 	[ SEND ]	Packet: Download ...
2024-06-18 12:10:28 [ INFO ] 	[ SEND ]	Packet: Download ...
2024-06-18 12:10:29 [ INFO ] 	[ SEND ]	Packet: Download ...
2024-06-18 12:10:29 [ INFO ] 	[ SEND ]	Packet: Download ...
2024-06-18 12:10:30 [ INFO ] 	[ SEND ]	Packet: Download ...
2024-06-18 12:10:30 [ INFO ] 	[ SEND ]	Packet: Download ...
2024-06-18 12:10:31 [ INFO ] 	[ SEND ]	Packet: Download ...
2024-06-18 12:10:31 [ INFO ] 	[ SEND ]	Packet: Download ...
2024-06-18 12:10:32 [ INFO ] 	[ SEND ]	Packet: Download ...
2024-06-18 12:10:32 [ INFO ] 	[ SEND ]	Packet: Download ...
2024-06-18 12:10:33 [ INFO ] 	[ SEND ]	Packet: Download ...
2024-06-18 12:10:33 [ INFO ] 	[ SEND ]	Packet: Download ...
2024-06-18 12:10:34 [ INFO ] 	[ SEND ]	Packet: Download ...
2024-06-18 12:10:34 [ INFO ] 	[ SEND ]	Packet: Download ...
2024-06-18 12:10:34 [ INFO ] 	[ SEND ]	Packet: Not Found
2024-06-18 12:19:50 [ INFO ] 	[ RECV ]	Packet: test.tmxt
2024-06-18 12:19:52 [ INFO ] 	[ SEND ]	Packet: Not Found
2024-06-18 12:20:23 [ INFO ] 	[ RECV ]	Packet: test.tmxdt
2024-06-18 12:20:26 [ INFO ] 	[ SEND ]	Packet: Not Found
2024-06-18 12:21:25 [ INFO ] 	[ SERVER ]	Starting ...
2024-06-18 12:21:26 [ INFO ] 	[ PARAMS ]	Server received arguments
2024-06-18 12:21:27 [ INFO ] 	[ SOCKET ]	Socket was created
2024-06-18 12:21:28 [ INFO ] 	[ HDRINCL ]	Setting IP_HDRINCL successfully
2024-06-18 12:21:48 [ INFO ] 	[ RECV ]	Packet: test.tmxdt
2024-06-18 12:21:48 [ INFO ] 	[ SEND ]	Packet: Download ...
2024-06-18 12:21:48 [ INFO ] 	[ SEND ]	Packet: Download ...
2024-06-18 12:21:49 [ INFO ] 	[ SEND ]	Packet: Download ...
2024-06-18 12:21:49 [ INFO ] 	[ SEND ]	Packet: Download ...
2024-06-18 12:21:50 [ INFO ] 	[ SEND ]	Packet: Download ...
2024-06-18 12:21:50 [ INFO ] 	[ SEND ]	Packet: Download ...
2024-06-18 12:21:50 [ INFO ] 	[ SEND ]	Packet: Not Found
2024-06-18 12:36:04 [ INFO ] 	[ RECV ]	Packet: test.tmxdt
2024-06-18 12:36:07 [ INFO ] 	[ SEND ]	Packet: Not Found
2024-06-18 12:36:38 [ INFO ] 	[ RECV ]	Packet: test.tmxdt
2024-06-18 12:36:40 [ INFO ] 	[ SEND ]	Packet: Not Found
