2024-05-14 18:53:36 [ INFO ] 	[ VALID ]	Valid argumants
2024-05-14 18:53:36 [ INFO ] 	[ SOCKET ]	Socket created successfully
2024-05-14 18:53:36 [ INFO ] 	[ BIND ]	Connection was successfully
2024-05-14 18:53:36 [ INFO ] 	[ LISTEN ]	Listening successfully
2024-05-14 18:53:57 [ INFO ] 	[ ACCEPT ]	Accept created successfully
2024-05-14 18:53:57 [ INFO ] 	[ RECV ]	[ FileName ]	Received message
2024-05-14 18:53:57 [ INFO ] 	[ SEND ]	Sent message
2024-05-14 18:53:57 [ INFO ] 	[ SEND ]	Sent message
2024-05-14 18:53:58 [ INFO ] 	[ SEND ]	Sent message
2024-05-14 18:53:58 [ INFO ] 	[ SEND ]	Sent message
2024-05-14 18:53:59 [ INFO ] 	[ SEND ]	Sent message
2024-05-14 18:53:59 [ INFO ] 	[ SEND ]	Sent message
2024-05-14 18:54:00 [ INFO ] 	[ SEND ]	Sent message
2024-05-14 18:54:00 [ INFO ] 	[ SEND ]	Sent message
2024-05-14 18:54:01 [ INFO ] 	[ SEND ]	Sent message
2024-05-14 18:54:01 [ INFO ] 	[ SEND ]	Sent message
2024-05-14 18:54:02 [ INFO ] 	[ SEND ]	Sent message
2024-05-14 18:54:02 [ INFO ] 	[ SEND ]	Sent message
2024-05-14 18:54:02 [ INFO ] 	[ SEND ]	Sent message
2024-05-14 18:54:14 [ INFO ] 	[ VALID ]	Valid argumants
2024-05-14 18:54:14 [ INFO ] 	[ SOCKET ]	Socket created successfully
2024-05-14 18:54:14 [ INFO ] 	[ BIND ]	Connection was successfully
2024-05-14 18:54:14 [ INFO ] 	[ LISTEN ]	Listening successfully
2024-05-14 18:54:17 [ INFO ] 	[ ACCEPT ]	Accept created successfully
2024-05-14 18:54:17 [ INFO ] 	[ RECV ]	[ FileName ]	Received message
2024-05-14 18:54:17 [ INFO ] 	[ SEND ]	Sent message
2024-05-14 18:54:17 [ INFO ] 	[ SEND ]	Sent message
2024-05-14 18:54:17 [ INFO ] 	[ SEND ]	Sent message
2024-05-14 18:54:18 [ INFO ] 	[ SEND ]	Sent message
2024-05-14 18:54:18 [ INFO ] 	[ SEND ]	Sent message
2024-05-14 18:58:41 [ INFO ] 	[ VALID ]	Valid argumants
2024-05-14 18:58:41 [ INFO ] 	[ SOCKET ]	Socket created successfully
2024-05-14 18:58:41 [ INFO ] 	[ BIND ]	Connection was successfully
2024-05-14 18:58:41 [ INFO ] 	[ LISTEN ]	Listening successfully
2024-05-14 18:58:45 [ INFO ] 	[ ACCEPT ]	Accept created successfully
2024-05-14 18:58:45 [ INFO ] 	[ RECV ]	[ FileName ]	Received message
2024-05-14 18:58:45 [ INFO ] 	[ SEND ]	Sent message
2024-05-14 18:58:45 [ INFO ] 	[ SEND ]	Sent message
2024-05-14 18:58:46 [ INFO ] 	[ SEND ]	Sent message
2024-05-14 18:58:46 [ INFO ] 	[ SEND ]	Sent message
2024-05-14 18:58:46 [ INFO ] 	[ SEND ]	Sent message
2024-05-14 18:59:11 [ INFO ] 	[ VALID ]	Valid argumants
2024-05-14 18:59:11 [ INFO ] 	[ SOCKET ]	Socket created successfully
2024-05-14 18:59:11 [ INFO ] 	[ BIND ]	Connection was successfully
2024-05-14 18:59:11 [ INFO ] 	[ LISTEN ]	Listening successfully
2024-05-14 18:59:13 [ INFO ] 	[ ACCEPT ]	Accept created successfully
2024-05-14 18:59:13 [ INFO ] 	[ RECV ]	[ FileName ]	Received message
2024-05-14 18:59:13 [ INFO ] 	[ SEND ]	Sent message
2024-05-14 18:59:13 [ INFO ] 	[ SEND ]	Sent message
2024-05-14 18:59:13 [ INFO ] 	[ SEND ]	Sent message
2024-05-14 18:59:13 [ INFO ] 	[ SEND ]	Sent message
2024-05-14 18:59:14 [ INFO ] 	[ SEND ]	Sent message
2024-05-14 18:59:40 [ INFO ] 	[ VALID ]	Valid argumants
2024-05-14 18:59:40 [ INFO ] 	[ SOCKET ]	Socket created successfully
2024-05-14 18:59:40 [ INFO ] 	[ BIND ]	Connection was successfully
2024-05-14 18:59:40 [ INFO ] 	[ LISTEN ]	Listening successfully
2024-05-14 18:59:42 [ INFO ] 	[ ACCEPT ]	Accept created successfully
2024-05-14 18:59:42 [ INFO ] 	[ RECV ]	[ FileName ]	Received message
2024-05-14 18:59:42 [ INFO ] 	[ SEND ]	Sent message
2024-05-14 18:59:42 [ INFO ] 	[ SEND ]	Sent message
2024-05-14 18:59:42 [ INFO ] 	[ SEND ]	Sent message
2024-05-14 18:59:42 [ INFO ] 	[ SEND ]	Sent message
2024-05-14 18:59:43 [ INFO ] 	[ SEND ]	Sent message
2024-05-14 18:59:57 [ INFO ] 	[ VALID ]	Valid argumants
2024-05-14 18:59:57 [ INFO ] 	[ SOCKET ]	Socket created successfully
2024-05-14 18:59:57 [ ERROR ] 	[ BIND ]	Connect was`t created: Address already in use
2024-05-14 18:59:59 [ INFO ] 	[ VALID ]	Valid argumants
2024-05-14 18:59:59 [ INFO ] 	[ SOCKET ]	Socket created successfully
2024-05-14 18:59:59 [ INFO ] 	[ BIND ]	Connection was successfully
2024-05-14 18:59:59 [ INFO ] 	[ LISTEN ]	Listening successfully
2024-05-14 19:00:05 [ INFO ] 	[ ACCEPT ]	Accept created successfully
2024-05-14 19:00:05 [ INFO ] 	[ RECV ]	[ FileName ]	Received message
2024-05-14 19:00:05 [ INFO ] 	[ SEND ]	Sent message
2024-05-14 19:00:05 [ INFO ] 	[ SEND ]	Sent message
2024-05-14 19:00:05 [ INFO ] 	[ SEND ]	Sent message
2024-05-14 19:00:05 [ INFO ] 	[ SEND ]	Sent message
2024-05-14 19:00:06 [ INFO ] 	[ SEND ]	Sent message
2024-05-14 19:03:31 [ INFO ] 	[ VALID ]	Valid argumants
2024-05-14 19:03:31 [ INFO ] 	[ SOCKET ]	Socket created successfully
2024-05-14 19:03:31 [ INFO ] 	[ BIND ]	Connection was successfully
2024-05-14 19:03:31 [ INFO ] 	[ LISTEN ]	Listening successfully
2024-05-14 19:03:35 [ INFO ] 	[ ACCEPT ]	Accept created successfully
2024-05-14 19:03:35 [ INFO ] 	[ RECV ]	[ FileName ]	Received message
2024-05-14 19:03:35 [ INFO ] 	[ SEND ]	Sent message
2024-05-14 19:03:35 [ INFO ] 	[ SEND ]	Sent message
2024-05-14 19:03:35 [ INFO ] 	[ SEND ]	Sent message
2024-05-14 19:03:35 [ INFO ] 	[ SEND ]	Sent message
2024-05-14 19:03:36 [ INFO ] 	[ SEND ]	Sent message
2024-05-14 19:04:16 [ INFO ] 	[ VALID ]	Valid argumants
2024-05-14 19:04:16 [ INFO ] 	[ SOCKET ]	Socket created successfully
2024-05-14 19:04:16 [ ERROR ] 	[ BIND ]	Connect was`t created: Address already in use
2024-05-14 19:04:18 [ INFO ] 	[ VALID ]	Valid argumants
2024-05-14 19:04:18 [ INFO ] 	[ SOCKET ]	Socket created successfully
2024-05-14 19:04:18 [ INFO ] 	[ BIND ]	Connection was successfully
2024-05-14 19:04:18 [ INFO ] 	[ LISTEN ]	Listening successfully
2024-05-14 19:04:22 [ INFO ] 	[ ACCEPT ]	Accept created successfully
2024-05-14 19:04:22 [ INFO ] 	[ RECV ]	[ FileName ]	Received message
2024-05-14 19:04:22 [ INFO ] 	[ SEND ]	Sent message
2024-05-14 19:04:22 [ INFO ] 	[ SEND ]	Sent message
2024-05-14 19:04:23 [ INFO ] 	[ SEND ]	Sent message
2024-05-14 19:04:23 [ INFO ] 	[ SEND ]	Sent message
2024-05-14 19:04:23 [ INFO ] 	[ SEND ]	Sent message
2024-05-14 19:05:52 [ INFO ] 	[ VALID ]	Valid argumants
2024-05-14 19:05:52 [ INFO ] 	[ SOCKET ]	Socket created successfully
2024-05-14 19:05:52 [ INFO ] 	[ BIND ]	Connection was successfully
2024-05-14 19:05:52 [ INFO ] 	[ LISTEN ]	Listening successfully
2024-05-14 19:05:55 [ INFO ] 	[ ACCEPT ]	Accept created successfully
2024-05-14 19:05:55 [ INFO ] 	[ RECV ]	[ FileName ]	Received message
2024-05-14 19:05:55 [ INFO ] 	[ SEND ]	Sent message
2024-05-14 19:05:55 [ INFO ] 	[ SEND ]	Sent message
2024-05-14 19:05:55 [ INFO ] 	[ SEND ]	Sent message
2024-05-14 19:05:55 [ INFO ] 	[ SEND ]	Sent message
2024-05-14 19:05:56 [ INFO ] 	[ SEND ]	Sent message
2024-05-14 19:31:13 [ INFO ] 	[ VALID ]	Valid argumants
2024-05-14 19:31:13 [ INFO ] 	[ SOCKET ]	Socket created successfully
2024-05-14 19:31:13 [ INFO ] 	[ BIND ]	Connection was successfully
2024-05-14 19:31:13 [ INFO ] 	[ LISTEN ]	Listening successfully
2024-05-14 19:31:16 [ INFO ] 	[ ACCEPT ]	Accept created successfully
2024-05-14 19:31:16 [ INFO ] 	[ RECV ]	[ FileName ]	Received message
2024-05-14 19:31:16 [ INFO ] 	[ SEND ]	Sent message
2024-05-14 19:31:16 [ INFO ] 	[ SEND ]	Sent message
2024-05-14 19:31:17 [ INFO ] 	[ SEND ]	Sent message
2024-05-14 19:31:17 [ INFO ] 	[ SEND ]	Sent message
2024-05-14 19:31:17 [ INFO ] 	[ SEND ]	Sent message
2024-05-14 19:36:57 [ INFO ] 	[ VALID ]	Valid argumants
2024-05-14 19:36:57 [ INFO ] 	[ SOCKET ]	Socket created successfully
2024-05-14 19:36:57 [ INFO ] 	[ BIND ]	Connection was successfully
2024-05-14 19:36:57 [ INFO ] 	[ LISTEN ]	Listening successfully
2024-05-14 19:37:00 [ INFO ] 	[ ACCEPT ]	Accept created successfully
2024-05-14 19:37:00 [ INFO ] 	[ RECV ]	[ FileName ]	Received message
2024-05-14 19:37:00 [ INFO ] 	[ SEND ]	Sent message
2024-05-14 19:37:00 [ INFO ] 	[ SEND ]	Sent message
2024-05-14 19:37:01 [ INFO ] 	[ SEND ]	Sent message
2024-05-14 19:37:01 [ INFO ] 	[ SEND ]	Sent message
2024-05-14 19:37:01 [ INFO ] 	[ SEND ]	Sent message
2024-05-14 19:44:25 [ INFO ] 	[ VALID ]	Valid argumants
2024-05-14 19:44:25 [ INFO ] 	[ SOCKET ]	Socket created successfully
2024-05-14 19:44:25 [ INFO ] 	[ BIND ]	Connection was successfully
2024-05-14 19:44:25 [ INFO ] 	[ LISTEN ]	Listening successfully
2024-05-14 19:44:30 [ INFO ] 	[ ACCEPT ]	Accept created successfully
2024-05-14 19:44:30 [ INFO ] 	[ RECV ]	[ FileName ]	Received message
2024-05-14 19:44:30 [ INFO ] 	[ SEND ]	Sent message
2024-05-14 19:44:30 [ INFO ] 	[ SEND ]	Sent message
2024-05-14 19:44:31 [ INFO ] 	[ SEND ]	Sent message
2024-05-14 19:44:31 [ INFO ] 	[ SEND ]	Sent message
2024-05-14 20:07:17 [ INFO ] 	[ VALID ]	Valid argumants
2024-05-14 20:07:17 [ INFO ] 	[ SOCKET ]	Socket created successfully
2024-05-14 20:07:17 [ INFO ] 	[ BIND ]	Connection was successfully
2024-05-14 20:07:17 [ INFO ] 	[ LISTEN ]	Listening successfully
2024-05-14 20:07:20 [ INFO ] 	[ ACCEPT ]	Accept created successfully
2024-05-14 20:07:20 [ INFO ] 	[ RECV ]	[ FileName ]	Received message
2024-05-14 20:07:20 [ INFO ] 	[ SEND ]	Sent message
2024-05-14 20:07:20 [ INFO ] 	[ SEND ]	Sent message
2024-05-14 20:07:21 [ INFO ] 	[ SEND ]	Sent message
2024-05-14 20:07:21 [ INFO ] 	[ SEND ]	Sent message
2024-05-15 23:05:53 [ INFO ] 	[ VALID ]	Valid argumants
2024-05-15 23:05:53 [ INFO ] 	[ SOCKET ]	Socket created successfully
2024-05-15 23:05:53 [ INFO ] 	[ BIND ]	Connection was successfully
2024-05-15 23:05:53 [ INFO ] 	[ LISTEN ]	Listening successfully
2024-05-15 23:06:38 [ INFO ] 	[ ACCEPT ]	Accept created successfully
2024-05-15 23:06:38 [ INFO ] 	[ RECV ]	[ FileName ]	Received message
2024-05-15 23:06:38 [ INFO ] 	[ SEND ]	Sent message
2024-05-15 23:06:38 [ INFO ] 	[ SEND ]	Sent message
2024-05-15 23:06:39 [ INFO ] 	[ SEND ]	Sent message
2024-05-15 23:06:39 [ INFO ] 	[ SEND ]	Sent message
2024-05-15 23:06:40 [ INFO ] 	[ SEND ]	Sent message
2024-05-15 23:06:40 [ INFO ] 	[ SEND ]	Sent message
2024-05-15 23:06:41 [ INFO ] 	[ SEND ]	Sent message
2024-05-15 23:06:41 [ INFO ] 	[ SEND ]	Sent message
2024-05-15 23:06:42 [ INFO ] 	[ SEND ]	Sent message
2024-05-15 23:06:42 [ INFO ] 	[ SEND ]	Sent message
2024-05-15 23:06:43 [ INFO ] 	[ SEND ]	Sent message
2024-05-15 23:06:43 [ INFO ] 	[ SEND ]	Sent message
2024-05-15 23:06:44 [ INFO ] 	[ SEND ]	Sent message
2024-05-15 23:06:44 [ INFO ] 	[ SEND ]	Sent message
2024-05-15 23:06:45 [ INFO ] 	[ SEND ]	Sent message
2024-05-15 23:06:45 [ INFO ] 	[ SEND ]	Sent message
2024-05-15 23:07:59 [ INFO ] 	[ VALID ]	Valid argumants
2024-05-15 23:07:59 [ INFO ] 	[ SOCKET ]	Socket created successfully
2024-05-15 23:07:59 [ INFO ] 	[ BIND ]	Connection was successfully
2024-05-15 23:07:59 [ INFO ] 	[ LISTEN ]	Listening successfully
2024-05-15 23:08:03 [ INFO ] 	[ ACCEPT ]	Accept created successfully
2024-05-15 23:08:03 [ INFO ] 	[ RECV ]	[ FileName ]	Received message
2024-05-15 23:08:03 [ INFO ] 	[ SEND ]	Sent message
2024-05-15 23:08:03 [ INFO ] 	[ SEND ]	Sent message
2024-05-15 23:08:03 [ INFO ] 	[ SEND ]	Sent message
2024-05-15 23:08:03 [ INFO ] 	[ SEND ]	Sent message
2024-05-16 19:45:21 [ INFO ] 	[ VALID ]	Valid argumants
2024-05-16 19:45:21 [ INFO ] 	[ SOCKET ]	Socket created successfully
2024-05-16 19:45:21 [ INFO ] 	[ BIND ]	Connection was successfully
2024-05-16 19:45:21 [ INFO ] 	[ LISTEN ]	Listening successfully
2024-05-16 19:45:34 [ INFO ] 	[ ACCEPT ]	Accept created successfully
2024-05-16 19:45:34 [ INFO ] 	[ RECV ]	[ FileName ]	Received message
2024-05-16 19:45:34 [ INFO ] 	[ SEND ]	Sent message
2024-05-16 19:45:34 [ INFO ] 	[ SEND ]	Sent message
2024-05-16 19:45:35 [ INFO ] 	[ SEND ]	Sent message
2024-05-16 19:45:35 [ INFO ] 	[ SEND ]	Sent message
2024-05-16 19:45:36 [ INFO ] 	[ SEND ]	Sent message
2024-05-16 19:45:36 [ INFO ] 	[ SEND ]	Sent message
2024-05-16 19:45:37 [ INFO ] 	[ SEND ]	Sent message
2024-05-16 19:45:37 [ INFO ] 	[ SEND ]	Sent message
2024-05-16 19:45:38 [ INFO ] 	[ SEND ]	Sent message
2024-05-16 19:45:38 [ INFO ] 	[ SEND ]	Sent message
2024-05-16 19:45:39 [ INFO ] 	[ SEND ]	Sent message
2024-05-16 19:45:39 [ INFO ] 	[ SEND ]	Sent message
2024-05-16 19:45:40 [ INFO ] 	[ SEND ]	Sent message
2024-05-16 19:45:40 [ INFO ] 	[ SEND ]	Sent message
2024-05-16 19:45:41 [ INFO ] 	[ SEND ]	Sent message
2024-05-16 19:45:41 [ INFO ] 	[ SEND ]	Sent message
2024-05-16 19:45:42 [ INFO ] 	[ SEND ]	Sent message
2024-05-16 19:45:42 [ INFO ] 	[ SEND ]	Sent message
2024-05-16 19:45:43 [ INFO ] 	[ SEND ]	Sent message
2024-05-16 19:45:43 [ INFO ] 	[ SEND ]	Sent message
2024-05-16 19:45:44 [ INFO ] 	[ SEND ]	Sent message
2024-05-16 19:45:44 [ INFO ] 	[ SEND ]	Sent message
2024-05-16 19:45:45 [ INFO ] 	[ SEND ]	Sent message
2024-05-16 19:45:45 [ INFO ] 	[ SEND ]	Sent message
2024-05-16 19:45:46 [ INFO ] 	[ SEND ]	Sent message
2024-05-16 19:45:46 [ INFO ] 	[ SEND ]	Sent message
2024-05-16 19:45:51 [ INFO ] 	[ VALID ]	Valid argumants
2024-05-16 19:45:51 [ INFO ] 	[ SOCKET ]	Socket created successfully
2024-05-16 19:45:51 [ ERROR ] 	[ BIND ]	Connect was`t created: Address already in use
2024-05-16 19:45:54 [ INFO ] 	[ VALID ]	Valid argumants
2024-05-16 19:45:54 [ INFO ] 	[ SOCKET ]	Socket created successfully
2024-05-16 19:45:54 [ INFO ] 	[ BIND ]	Connection was successfully
2024-05-16 19:45:54 [ INFO ] 	[ LISTEN ]	Listening successfully
2024-05-16 19:46:01 [ INFO ] 	[ ACCEPT ]	Accept created successfully
2024-05-16 19:46:01 [ INFO ] 	[ RECV ]	[ FileName ]	Received message
2024-05-16 19:46:01 [ INFO ] 	[ SEND ]	Sent message
2024-05-16 19:46:01 [ INFO ] 	[ SEND ]	Sent message
2024-05-16 19:46:02 [ INFO ] 	[ SEND ]	Sent message
2024-05-16 19:46:02 [ INFO ] 	[ SEND ]	Sent message
2024-05-16 19:46:02 [ INFO ] 	[ SEND ]	Sent message
2024-05-21 21:30:07 [ INFO ] 	[ VALID ]	Valid argumants
2024-05-21 21:30:07 [ INFO ] 	[ SOCKET ]	Socket created successfully
2024-05-21 21:30:07 [ INFO ] 	[ BIND ]	Connection was successfully
2024-05-21 21:30:07 [ INFO ] 	[ LISTEN ]	Listening successfully
2024-05-21 21:30:56 [ INFO ] 	[ ACCEPT ]	Accept created successfully
2024-05-21 21:30:56 [ INFO ] 	[ RECV ]	[ FileName ]	Received message
2024-05-21 21:30:56 [ INFO ] 	[ SEND ]	Sent message
2024-05-21 21:30:56 [ INFO ] 	[ SEND ]	Sent message
2024-05-21 21:30:57 [ INFO ] 	[ SEND ]	Sent message
2024-05-21 21:30:57 [ INFO ] 	[ SEND ]	Sent message
2024-05-21 21:30:58 [ INFO ] 	[ SEND ]	Sent message
2024-05-21 21:30:58 [ INFO ] 	[ SEND ]	Sent message
2024-05-21 21:30:59 [ INFO ] 	[ SEND ]	Sent message
2024-05-21 21:30:59 [ INFO ] 	[ SEND ]	Sent message
2024-05-21 21:31:00 [ INFO ] 	[ SEND ]	Sent message
2024-05-21 21:31:00 [ INFO ] 	[ SEND ]	Sent message
2024-05-21 21:31:01 [ INFO ] 	[ SEND ]	Sent message
2024-05-21 21:31:01 [ INFO ] 	[ SEND ]	Sent message
2024-05-21 21:31:02 [ INFO ] 	[ SEND ]	Sent message
2024-05-21 21:31:02 [ INFO ] 	[ SEND ]	Sent message
2024-05-21 21:31:03 [ INFO ] 	[ SEND ]	Sent message
2024-05-21 21:31:03 [ INFO ] 	[ SEND ]	Sent message
2024-05-21 21:31:04 [ INFO ] 	[ SEND ]	Sent message
2024-05-21 21:31:04 [ INFO ] 	[ SEND ]	Sent message
2024-05-23 12:51:20 [ INFO ] 	[ VALID ]	Valid argumants
2024-05-23 12:51:20 [ INFO ] 	[ SOCKET ]	Socket created successfully
2024-05-23 12:51:20 [ INFO ] 	[ BIND ]	Connection was successfully
2024-05-23 12:51:20 [ INFO ] 	[ LISTEN ]	Listening successfully
2024-05-23 12:51:50 [ INFO ] 	[ ACCEPT ]	Accept created successfully
2024-05-23 12:52:33 [WARNING] 	[ CONNECT ]	Connection closed
2024-05-23 12:55:48 [ INFO ] 	[ VALID ]	Valid argumants
2024-05-23 12:55:48 [ INFO ] 	[ SOCKET ]	Socket created successfully
2024-05-23 12:55:48 [ INFO ] 	[ BIND ]	Connection was successfully
2024-05-23 12:55:48 [ INFO ] 	[ LISTEN ]	Listening successfully
2024-05-23 12:55:53 [ INFO ] 	[ ACCEPT ]	Accept created successfully
2024-05-23 12:58:06 [WARNING] 	[ CONNECT ]	Connection closed
2024-05-23 13:04:05 [ INFO ] 	[ VALID ]	Valid argumants
2024-05-23 13:04:05 [ INFO ] 	[ SOCKET ]	Socket created successfully
2024-05-23 13:04:05 [ INFO ] 	[ BIND ]	Connection was successfully
2024-05-23 13:04:05 [ INFO ] 	[ LISTEN ]	Listening successfully
2024-05-23 13:04:13 [ INFO ] 	[ ACCEPT ]	Accept created successfully
2024-05-23 13:09:06 [ INFO ] 	[ VALID ]	Valid argumants
2024-05-23 13:09:06 [ INFO ] 	[ SOCKET ]	Socket created successfully
2024-05-23 13:09:06 [ INFO ] 	[ BIND ]	Connection was successfully
2024-05-23 13:09:06 [ INFO ] 	[ LISTEN ]	Listening successfully
2024-05-23 13:09:09 [ INFO ] 	[ ACCEPT ]	Accept created successfully
2024-05-23 13:09:44 [ INFO ] 	[ VALID ]	Valid argumants
2024-05-23 13:09:44 [ INFO ] 	[ SOCKET ]	Socket created successfully
2024-05-23 13:09:44 [ ERROR ] 	[ BIND ]	Connect was`t created: Address already in use
2024-05-23 13:09:47 [ INFO ] 	[ VALID ]	Valid argumants
2024-05-23 13:09:47 [ INFO ] 	[ SOCKET ]	Socket created successfully
2024-05-23 13:09:47 [ INFO ] 	[ BIND ]	Connection was successfully
2024-05-23 13:09:47 [ INFO ] 	[ LISTEN ]	Listening successfully
2024-05-23 13:09:57 [ INFO ] 	[ ACCEPT ]	Accept created successfully
2024-05-23 13:24:01 [ INFO ] 	[ VALID ]	Valid argumants
2024-05-23 13:24:01 [ INFO ] 	[ SOCKET ]	Socket created successfully
2024-05-23 13:24:01 [ INFO ] 	[ BIND ]	Connection was successfully
2024-05-23 13:24:01 [ INFO ] 	[ LISTEN ]	Listening successfully
2024-05-23 13:24:18 [ INFO ] 	[ ACCEPT ]	Accept created successfully
2024-05-23 13:26:44 [ INFO ] 	[ VALID ]	Valid argumants
2024-05-23 13:26:44 [ INFO ] 	[ SOCKET ]	Socket created successfully
2024-05-23 13:26:44 [ INFO ] 	[ BIND ]	Connection was successfully
2024-05-23 13:26:44 [ INFO ] 	[ LISTEN ]	Listening successfully
2024-05-23 13:26:55 [ INFO ] 	[ ACCEPT ]	Accept created successfully
2024-05-23 13:39:06 [ INFO ] 	[ VALID ]	Valid argumants
2024-05-23 13:39:06 [ INFO ] 	[ SOCKET ]	Socket created successfully
2024-05-23 13:39:06 [ INFO ] 	[ BIND ]	Connection was successfully
2024-05-23 13:39:06 [ INFO ] 	[ LISTEN ]	Listening successfully
2024-05-23 13:39:15 [ INFO ] 	[ ACCEPT ]	Accept created successfully
2024-05-25 22:46:28 [ INFO ] 	[ VALID ]	Valid argumants
2024-05-25 22:46:28 [ INFO ] 	[ SOCKET ]	Socket created successfully
2024-05-25 22:46:28 [ INFO ] 	[ BIND ]	Connection was successfully
2024-05-25 22:46:28 [ INFO ] 	[ LISTEN ]	Listening successfully
2024-05-25 22:46:50 [ INFO ] 	[ ACCEPT ]	Accept created successfully
2024-05-25 22:46:50 [ INFO ] 	[ RECV ]	[ FileName ]	Received message
2024-05-25 22:46:50 [ INFO ] 	[ SEND ]	Sent message
2024-05-25 22:46:50 [ INFO ] 	[ SEND ]	Sent message
2024-05-25 22:46:50 [ INFO ] 	[ SEND ]	Sent message
2024-05-25 22:46:51 [ INFO ] 	[ SEND ]	Sent message
2024-05-25 22:46:51 [ INFO ] 	[ SEND ]	Sent message
2024-05-25 22:46:52 [ INFO ] 	[ SEND ]	Sent message
2024-05-25 22:46:52 [ INFO ] 	[ SEND ]	Sent message
2024-05-25 22:46:53 [ INFO ] 	[ SEND ]	Sent message
2024-05-25 22:46:53 [ INFO ] 	[ SEND ]	Sent message
2024-05-25 22:46:54 [ INFO ] 	[ SEND ]	Sent message
2024-05-25 22:46:54 [ INFO ] 	[ SEND ]	Sent message
2024-05-25 22:46:55 [ INFO ] 	[ SEND ]	Sent message
2024-05-25 22:46:55 [ INFO ] 	[ SEND ]	Sent message
2024-05-25 22:46:56 [ INFO ] 	[ SEND ]	Sent message
2024-05-25 22:46:56 [ INFO ] 	[ SEND ]	Sent message
2024-05-25 22:46:57 [ INFO ] 	[ SEND ]	Sent message
2024-05-25 22:46:57 [ INFO ] 	[ SEND ]	Sent message
2024-05-25 22:46:58 [ INFO ] 	[ SEND ]	Sent message
2024-05-25 22:46:58 [ INFO ] 	[ SEND ]	Sent message
2024-05-25 22:47:20 [ INFO ] 	[ VALID ]	Valid argumants
2024-05-25 22:47:20 [ INFO ] 	[ SOCKET ]	Socket created successfully
2024-05-25 22:47:20 [ ERROR ] 	[ BIND ]	Connect was`t created: Address already in use
2024-05-25 22:47:22 [ INFO ] 	[ VALID ]	Valid argumants
2024-05-25 22:47:22 [ INFO ] 	[ SOCKET ]	Socket created successfully
2024-05-25 22:47:22 [ INFO ] 	[ BIND ]	Connection was successfully
2024-05-25 22:47:22 [ INFO ] 	[ LISTEN ]	Listening successfully
2024-05-25 22:47:27 [ INFO ] 	[ ACCEPT ]	Accept created successfully
2024-05-25 22:47:27 [ INFO ] 	[ RECV ]	[ FileName ]	Received message
2024-05-25 22:47:27 [ INFO ] 	[ SEND ]	Sent message
2024-05-25 22:47:27 [ INFO ] 	[ SEND ]	Sent message
2024-05-25 22:47:27 [ INFO ] 	[ SEND ]	Sent message
2024-05-25 22:47:27 [ INFO ] 	[ SEND ]	Sent message
2024-05-25 23:07:58 [ INFO ] 	[ VALID ]	Valid argumants
2024-05-25 23:07:58 [ INFO ] 	[ SOCKET ]	Socket created successfully
2024-05-25 23:07:58 [ INFO ] 	[ BIND ]	Connection was successfully
2024-05-25 23:07:58 [ INFO ] 	[ LISTEN ]	Listening successfully
2024-05-25 23:08:03 [ INFO ] 	[ ACCEPT ]	Accept created successfully
2024-05-25 23:08:03 [ INFO ] 	[ RECV ]	[ FileName ]	Received message
2024-05-25 23:08:03 [ INFO ] 	[ SEND ]	Sent message
2024-05-25 23:08:03 [ INFO ] 	[ SEND ]	Sent message
2024-05-25 23:08:03 [ INFO ] 	[ SEND ]	Sent message
2024-05-25 23:08:03 [ INFO ] 	[ SEND ]	Sent message
2024-05-25 23:15:21 [ INFO ] 	[ VALID ]	Valid argumants
2024-05-25 23:15:21 [ INFO ] 	[ SOCKET ]	Socket created successfully
2024-05-25 23:15:21 [ INFO ] 	[ BIND ]	Connection was successfully
2024-05-25 23:15:21 [ INFO ] 	[ LISTEN ]	Listening successfully
2024-05-25 23:15:29 [ INFO ] 	[ ACCEPT ]	Accept created successfully
2024-05-25 23:15:29 [ INFO ] 	[ RECV ]	[ FileName ]	Received message
2024-05-25 23:15:29 [ INFO ] 	[ SEND ]	Sent message
2024-05-25 23:15:29 [ INFO ] 	[ SEND ]	Sent message
2024-05-25 23:15:29 [ INFO ] 	[ SEND ]	Sent message
2024-05-25 23:15:29 [ INFO ] 	[ SEND ]	Sent message
2024-05-25 23:18:36 [ INFO ] 	[ VALID ]	Valid argumants
2024-05-25 23:18:36 [ INFO ] 	[ SOCKET ]	Socket created successfully
2024-05-25 23:18:36 [ INFO ] 	[ BIND ]	Connection was successfully
2024-05-25 23:18:36 [ INFO ] 	[ LISTEN ]	Listening successfully
2024-05-25 23:18:39 [ INFO ] 	[ ACCEPT ]	Accept created successfully
2024-05-25 23:18:39 [ INFO ] 	[ RECV ]	[ FileName ]	Received message
2024-05-25 23:18:39 [ INFO ] 	[ SEND ]	Sent message
2024-05-25 23:18:39 [ INFO ] 	[ SEND ]	Sent message
2024-05-25 23:18:40 [ INFO ] 	[ SEND ]	Sent message
2024-05-25 23:18:40 [ INFO ] 	[ SEND ]	Sent message
2024-05-25 23:56:00 [ INFO ] 	[ VALID ]	Valid argumants
2024-05-25 23:56:00 [ INFO ] 	[ SOCKET ]	Socket created successfully
2024-05-25 23:56:00 [ INFO ] 	[ BIND ]	Connection was successfully
2024-05-25 23:56:00 [ INFO ] 	[ LISTEN ]	Listening successfully
2024-05-25 23:56:03 [ INFO ] 	[ ACCEPT ]	Accept created successfully
2024-05-25 23:56:03 [ INFO ] 	[ RECV ]	[ FileName ]	Received message
2024-05-25 23:56:03 [ INFO ] 	[ SEND ]	Sent message
2024-05-25 23:56:03 [ INFO ] 	[ SEND ]	Sent message
2024-05-25 23:56:03 [ INFO ] 	[ SEND ]	Sent message
2024-05-25 23:56:03 [ INFO ] 	[ SEND ]	Sent message
2024-05-28 14:33:26 [ INFO ] 	[ VALID ]	Valid argumants
2024-05-28 14:33:26 [ INFO ] 	[ SOCKET ]	Socket created successfully
2024-05-28 14:33:26 [ INFO ] 	[ BIND ]	Connection was successfully
2024-05-28 14:33:26 [ INFO ] 	[ LISTEN ]	Listening successfully
2024-05-28 14:34:05 [ INFO ] 	[ ACCEPT ]	Accept created successfully
2024-05-28 14:34:05 [ INFO ] 	[ RECV ]	[ FileName ]	Received message
2024-05-28 14:34:05 [ INFO ] 	[ SEND ]	Sent message
2024-05-28 14:34:05 [ INFO ] 	[ SEND ]	Sent message
2024-05-28 14:34:05 [ INFO ] 	[ SEND ]	Sent message
2024-05-28 14:34:06 [ INFO ] 	[ SEND ]	Sent message
2024-05-28 14:34:06 [ INFO ] 	[ SEND ]	Sent message
2024-05-28 14:34:07 [ INFO ] 	[ SEND ]	Sent message
2024-05-28 14:34:07 [ INFO ] 	[ SEND ]	Sent message
2024-05-28 14:34:08 [ INFO ] 	[ SEND ]	Sent message
2024-05-28 14:34:08 [ INFO ] 	[ SEND ]	Sent message
2024-05-28 14:34:09 [ INFO ] 	[ SEND ]	Sent message
2024-05-28 14:34:09 [ INFO ] 	[ SEND ]	Sent message
2024-05-28 14:34:10 [ INFO ] 	[ SEND ]	Sent message
2024-05-28 14:34:10 [ INFO ] 	[ SEND ]	Sent message
2024-05-28 14:34:11 [ INFO ] 	[ SEND ]	Sent message
2024-05-28 14:34:11 [ INFO ] 	[ SEND ]	Sent message
2024-05-28 14:34:12 [ INFO ] 	[ SEND ]	Sent message
2024-05-28 14:34:12 [ INFO ] 	[ SEND ]	Sent message
2024-05-28 14:34:13 [ INFO ] 	[ SEND ]	Sent message
2024-05-28 14:34:13 [ INFO ] 	[ SEND ]	Sent message
2024-05-28 14:35:15 [ INFO ] 	[ VALID ]	Valid argumants
2024-05-28 14:35:15 [ INFO ] 	[ SOCKET ]	Socket created successfully
2024-05-28 14:35:15 [ INFO ] 	[ BIND ]	Connection was successfully
2024-05-28 14:35:15 [ INFO ] 	[ LISTEN ]	Listening successfully
2024-05-28 14:35:29 [ INFO ] 	[ ACCEPT ]	Accept created successfully
2024-05-28 14:35:29 [ INFO ] 	[ RECV ]	[ FileName ]	Received message
2024-05-28 14:35:29 [ INFO ] 	[ SEND ]	Sent message
2024-05-28 14:35:29 [ INFO ] 	[ SEND ]	Sent message
2024-05-28 14:35:30 [ INFO ] 	[ SEND ]	Sent message
2024-05-28 14:35:30 [ INFO ] 	[ SEND ]	Sent message
2024-05-28 14:35:45 [ INFO ] 	[ VALID ]	Valid argumants
2024-05-28 14:35:45 [ INFO ] 	[ SOCKET ]	Socket created successfully
2024-05-28 14:35:45 [ ERROR ] 	[ BIND ]	Connect was`t created: Address already in use
2024-05-28 14:37:35 [ INFO ] 	[ VALID ]	Valid argumants
2024-05-28 14:37:35 [ INFO ] 	[ SOCKET ]	Socket created successfully
2024-05-28 14:37:35 [ INFO ] 	[ BIND ]	Connection was successfully
2024-05-28 14:37:35 [ INFO ] 	[ LISTEN ]	Listening successfully
2024-05-28 14:37:50 [ INFO ] 	[ ACCEPT ]	Accept created successfully
2024-05-28 14:37:50 [ INFO ] 	[ RECV ]	[ FileName ]	Received message
2024-05-28 14:37:50 [ INFO ] 	[ SEND ]	Sent message
2024-05-28 14:37:50 [ INFO ] 	[ SEND ]	Sent message
2024-05-28 14:37:50 [ INFO ] 	[ SEND ]	Sent message
2024-05-28 14:37:50 [ INFO ] 	[ SEND ]	Sent message
2024-05-28 14:40:20 [ INFO ] 	[ VALID ]	Valid argumants
2024-05-28 14:40:20 [ INFO ] 	[ SOCKET ]	Socket created successfully
2024-05-28 14:40:20 [ INFO ] 	[ BIND ]	Connection was successfully
2024-05-28 14:40:20 [ INFO ] 	[ LISTEN ]	Listening successfully
2024-05-28 14:40:31 [ INFO ] 	[ ACCEPT ]	Accept created successfully
2024-05-28 14:40:31 [ INFO ] 	[ RECV ]	[ FileName ]	Received message
2024-05-28 14:40:31 [ INFO ] 	[ SEND ]	Sent message
2024-05-28 14:40:31 [ INFO ] 	[ SEND ]	Sent message
2024-05-28 14:40:31 [ INFO ] 	[ SEND ]	Sent message
2024-05-28 14:40:31 [ INFO ] 	[ SEND ]	Sent message
2024-05-28 14:43:16 [ INFO ] 	[ VALID ]	Valid argumants
2024-05-28 14:43:16 [ INFO ] 	[ SOCKET ]	Socket created successfully
2024-05-28 14:43:16 [ INFO ] 	[ BIND ]	Connection was successfully
2024-05-28 14:43:16 [ INFO ] 	[ LISTEN ]	Listening successfully
2024-05-28 14:43:26 [ INFO ] 	[ ACCEPT ]	Accept created successfully
2024-05-28 14:43:26 [ INFO ] 	[ RECV ]	[ FileName ]	Received message
2024-05-28 14:43:26 [ INFO ] 	[ SEND ]	Sent message
2024-05-28 14:43:26 [ INFO ] 	[ SEND ]	Sent message
2024-05-28 14:43:27 [ INFO ] 	[ SEND ]	Sent message
2024-05-28 14:43:27 [ INFO ] 	[ SEND ]	Sent message
2024-05-28 14:46:28 [ INFO ] 	[ VALID ]	Valid argumants
2024-05-28 14:46:28 [ INFO ] 	[ SOCKET ]	Socket created successfully
2024-05-28 14:46:28 [ INFO ] 	[ BIND ]	Connection was successfully
2024-05-28 14:46:28 [ INFO ] 	[ LISTEN ]	Listening successfully
2024-05-28 14:46:45 [ INFO ] 	[ ACCEPT ]	Accept created successfully
2024-05-28 14:46:45 [ INFO ] 	[ RECV ]	[ FileName ]	Received message
2024-05-28 14:46:45 [ INFO ] 	[ SEND ]	Sent message
2024-05-28 14:46:45 [ INFO ] 	[ SEND ]	Sent message
2024-05-28 14:46:45 [ INFO ] 	[ SEND ]	Sent message
2024-05-28 14:46:45 [ INFO ] 	[ SEND ]	Sent message
2024-05-28 14:51:42 [ INFO ] 	[ VALID ]	Valid argumants
2024-05-28 14:51:42 [ INFO ] 	[ SOCKET ]	Socket created successfully
2024-05-28 14:51:42 [ INFO ] 	[ BIND ]	Connection was successfully
2024-05-28 14:51:42 [ INFO ] 	[ LISTEN ]	Listening successfully
2024-05-28 14:51:58 [ INFO ] 	[ ACCEPT ]	Accept created successfully
2024-05-28 14:51:58 [ INFO ] 	[ RECV ]	[ FileName ]	Received message
2024-05-28 14:51:58 [ INFO ] 	[ SEND ]	Sent message
2024-05-28 14:51:58 [ INFO ] 	[ SEND ]	Sent message
2024-05-28 14:51:59 [ INFO ] 	[ SEND ]	Sent message
2024-05-28 14:51:59 [ INFO ] 	[ SEND ]	Sent message
2024-05-28 14:54:09 [ INFO ] 	[ VALID ]	Valid argumants
2024-05-28 14:54:09 [ INFO ] 	[ SOCKET ]	Socket created successfully
2024-05-28 14:54:09 [ INFO ] 	[ BIND ]	Connection was successfully
2024-05-28 14:54:09 [ INFO ] 	[ LISTEN ]	Listening successfully
2024-05-28 14:54:22 [ INFO ] 	[ ACCEPT ]	Accept created successfully
2024-05-28 14:54:22 [ INFO ] 	[ RECV ]	[ FileName ]	Received message
2024-05-28 14:54:22 [ INFO ] 	[ SEND ]	Sent message
2024-05-28 14:54:22 [ INFO ] 	[ SEND ]	Sent message
2024-05-28 14:54:22 [ INFO ] 	[ SEND ]	Sent message
2024-05-28 14:54:22 [ INFO ] 	[ SEND ]	Sent message
2024-05-28 14:55:03 [ INFO ] 	[ VALID ]	Valid argumants
2024-05-28 14:55:03 [ INFO ] 	[ SOCKET ]	Socket created successfully
2024-05-28 14:55:03 [ ERROR ] 	[ BIND ]	Connect was`t created: Address already in use
2024-05-28 14:55:06 [ INFO ] 	[ VALID ]	Valid argumants
2024-05-28 14:55:06 [ INFO ] 	[ SOCKET ]	Socket created successfully
2024-05-28 14:55:06 [ INFO ] 	[ BIND ]	Connection was successfully
2024-05-28 14:55:06 [ INFO ] 	[ LISTEN ]	Listening successfully
2024-05-28 14:58:59 [ INFO ] 	[ ACCEPT ]	Accept created successfully
2024-05-28 14:59:07 [WARNING] 	[ CONNECT ]	Connection closed
2024-05-28 14:59:26 [ INFO ] 	[ VALID ]	Valid argumants
2024-05-28 14:59:26 [ INFO ] 	[ SOCKET ]	Socket created successfully
2024-05-28 14:59:26 [ INFO ] 	[ BIND ]	Connection was successfully
2024-05-28 14:59:26 [ INFO ] 	[ LISTEN ]	Listening successfully
2024-05-28 14:59:39 [ INFO ] 	[ ACCEPT ]	Accept created successfully
2024-05-28 14:59:45 [WARNING] 	[ CONNECT ]	Connection closed
2024-05-28 15:00:38 [ INFO ] 	[ VALID ]	Valid argumants
2024-05-28 15:00:38 [ INFO ] 	[ SOCKET ]	Socket created successfully
2024-05-28 15:00:38 [ INFO ] 	[ BIND ]	Connection was successfully
2024-05-28 15:00:38 [ INFO ] 	[ LISTEN ]	Listening successfully
2024-05-28 15:05:10 [ INFO ] 	[ VALID ]	Valid argumants
2024-05-28 15:05:10 [ INFO ] 	[ SOCKET ]	Socket created successfully
2024-05-28 15:05:10 [ INFO ] 	[ BIND ]	Connection was successfully
2024-05-28 15:05:10 [ INFO ] 	[ LISTEN ]	Listening successfully
2024-05-28 15:05:27 [ INFO ] 	[ ACCEPT ]	Accept created successfully
2024-05-28 15:05:27 [ INFO ] 	[ RECV ]	[ FileName ]	Received message
2024-05-28 15:05:27 [ INFO ] 	[ SEND ]	Sent message
2024-05-28 15:05:27 [ INFO ] 	[ SEND ]	Sent message
2024-05-28 15:05:28 [ INFO ] 	[ SEND ]	Sent message
2024-05-28 15:05:28 [ INFO ] 	[ SEND ]	Sent message
2024-05-28 15:05:46 [ INFO ] 	[ VALID ]	Valid argumants
2024-05-28 15:05:46 [ INFO ] 	[ SOCKET ]	Socket created successfully
2024-05-28 15:05:46 [ ERROR ] 	[ BIND ]	Connect was`t created: Address already in use
2024-05-28 15:05:50 [ INFO ] 	[ VALID ]	Valid argumants
2024-05-28 15:05:50 [ INFO ] 	[ SOCKET ]	Socket created successfully
2024-05-28 15:05:50 [ INFO ] 	[ BIND ]	Connection was successfully
2024-05-28 15:05:50 [ INFO ] 	[ LISTEN ]	Listening successfully
2024-05-28 15:05:56 [ INFO ] 	[ ACCEPT ]	Accept created successfully
2024-05-28 15:05:56 [ INFO ] 	[ RECV ]	[ FileName ]	Received message
2024-05-28 15:05:56 [ INFO ] 	[ SEND ]	Sent message
2024-05-28 15:05:56 [ INFO ] 	[ SEND ]	Sent message
2024-05-28 15:05:56 [ INFO ] 	[ SEND ]	Sent message
2024-05-28 15:05:57 [ INFO ] 	[ SEND ]	Sent message
2024-05-28 15:05:57 [ INFO ] 	[ SEND ]	Sent message
2024-05-28 15:05:58 [ INFO ] 	[ SEND ]	Sent message
2024-05-28 15:05:58 [ INFO ] 	[ SEND ]	Sent message
2024-05-28 15:05:59 [ INFO ] 	[ SEND ]	Sent message
2024-05-28 15:05:59 [ INFO ] 	[ SEND ]	Sent message
2024-05-28 15:06:00 [ INFO ] 	[ SEND ]	Sent message
2024-05-28 15:06:00 [ INFO ] 	[ SEND ]	Sent message
2024-05-28 15:06:01 [ INFO ] 	[ SEND ]	Sent message
2024-05-28 15:06:01 [ INFO ] 	[ SEND ]	Sent message
2024-05-28 15:06:02 [ INFO ] 	[ SEND ]	Sent message
2024-05-28 15:06:02 [ INFO ] 	[ SEND ]	Sent message
2024-05-28 15:06:03 [ INFO ] 	[ SEND ]	Sent message
2024-05-28 15:06:03 [ INFO ] 	[ SEND ]	Sent message
2024-05-28 15:06:04 [ INFO ] 	[ SEND ]	Sent message
2024-05-28 15:06:04 [ INFO ] 	[ SEND ]	Sent message
2024-05-28 15:06:05 [ INFO ] 	[ SEND ]	Sent message
2024-05-28 15:06:05 [ INFO ] 	[ SEND ]	Sent message
2024-05-28 15:06:06 [ INFO ] 	[ SEND ]	Sent message
2024-05-28 15:06:06 [ INFO ] 	[ SEND ]	Sent message
2024-05-28 15:06:07 [ INFO ] 	[ SEND ]	Sent message
2024-05-28 15:06:07 [ INFO ] 	[ SEND ]	Sent message
2024-05-28 15:06:08 [ INFO ] 	[ SEND ]	Sent message
2024-05-28 15:06:08 [ INFO ] 	[ SEND ]	Sent message
2024-05-28 15:06:09 [ INFO ] 	[ SEND ]	Sent message
2024-05-28 15:06:09 [ INFO ] 	[ SEND ]	Sent message
2024-05-28 15:06:10 [ INFO ] 	[ SEND ]	Sent message
2024-05-28 15:06:10 [ INFO ] 	[ SEND ]	Sent message
2024-05-28 15:06:11 [ INFO ] 	[ SEND ]	Sent message
2024-05-28 15:06:11 [ INFO ] 	[ SEND ]	Sent message
2024-05-28 15:06:12 [ INFO ] 	[ SEND ]	Sent message
2024-05-28 15:06:12 [ INFO ] 	[ SEND ]	Sent message
2024-05-28 15:06:13 [ INFO ] 	[ SEND ]	Sent message
2024-05-28 15:06:13 [ INFO ] 	[ SEND ]	Sent message
2024-05-28 15:06:14 [ INFO ] 	[ SEND ]	Sent message
2024-05-28 15:06:14 [ INFO ] 	[ SEND ]	Sent message
2024-05-28 15:06:15 [ INFO ] 	[ SEND ]	Sent message
2024-05-28 15:06:15 [ INFO ] 	[ SEND ]	Sent message
2024-05-28 15:06:15 [ INFO ] 	[ SEND ]	Sent message
2024-05-28 15:06:25 [ INFO ] 	[ VALID ]	Valid argumants
2024-05-28 15:06:25 [ INFO ] 	[ SOCKET ]	Socket created successfully
2024-05-28 15:06:25 [ ERROR ] 	[ BIND ]	Connect was`t created: Address already in use
2024-05-28 15:06:28 [ INFO ] 	[ VALID ]	Valid argumants
2024-05-28 15:06:28 [ INFO ] 	[ SOCKET ]	Socket created successfully
2024-05-28 15:06:28 [ INFO ] 	[ BIND ]	Connection was successfully
2024-05-28 15:06:28 [ INFO ] 	[ LISTEN ]	Listening successfully
2024-05-28 15:06:32 [ INFO ] 	[ ACCEPT ]	Accept created successfully
2024-05-28 15:06:32 [ INFO ] 	[ RECV ]	[ FileName ]	Received message
2024-05-28 15:06:32 [ INFO ] 	[ SEND ]	Sent message
2024-05-28 15:06:32 [ INFO ] 	[ SEND ]	Sent message
2024-05-28 15:06:32 [ INFO ] 	[ SEND ]	Sent message
2024-05-28 15:06:33 [ INFO ] 	[ SEND ]	Sent message
2024-05-28 15:06:33 [ INFO ] 	[ SEND ]	Sent message
2024-05-28 15:06:34 [ INFO ] 	[ SEND ]	Sent message
2024-05-28 15:06:34 [ INFO ] 	[ SEND ]	Sent message
2024-05-28 15:45:27 [ INFO ] 	[ VALID ]	Valid argumants
2024-05-28 15:45:27 [ INFO ] 	[ SOCKET ]	Socket created successfully
2024-05-28 15:45:27 [ INFO ] 	[ BIND ]	Connection was successfully
2024-05-28 15:45:27 [ INFO ] 	[ LISTEN ]	Listening successfully
2024-05-28 15:45:51 [ INFO ] 	[ ACCEPT ]	Accept created successfully
2024-05-28 15:45:51 [ INFO ] 	[ RECV ]	[ FileName ]	Received message
2024-05-28 15:45:51 [ INFO ] 	[ SEND ]	Sent message
2024-05-28 15:45:51 [ INFO ] 	[ SEND ]	Sent message
2024-05-28 15:45:51 [ INFO ] 	[ SEND ]	Sent message
2024-05-28 15:45:51 [ INFO ] 	[ SEND ]	Sent message
2024-05-28 15:59:09 [ INFO ] 	[ VALID ]	Valid argumants
2024-05-28 15:59:09 [ INFO ] 	[ SOCKET ]	Socket created successfully
2024-05-28 15:59:09 [ INFO ] 	[ BIND ]	Connection was successfully
2024-05-28 15:59:09 [ INFO ] 	[ LISTEN ]	Listening successfully
2024-05-28 15:59:28 [ INFO ] 	[ ACCEPT ]	Accept created successfully
2024-05-28 15:59:28 [ INFO ] 	[ RECV ]	[ FileName ]	Received message
2024-05-28 15:59:28 [ INFO ] 	[ SEND ]	Sent message
2024-05-28 15:59:28 [ INFO ] 	[ SEND ]	Sent message
2024-05-28 15:59:28 [ INFO ] 	[ SEND ]	Sent message
2024-05-28 15:59:28 [ INFO ] 	[ SEND ]	Sent message
2024-05-28 16:10:41 [ INFO ] 	[ VALID ]	Valid argumants
2024-05-28 16:10:41 [ INFO ] 	[ SOCKET ]	Socket created successfully
2024-05-28 16:10:41 [ INFO ] 	[ BIND ]	Connection was successfully
2024-05-28 16:10:41 [ INFO ] 	[ LISTEN ]	Listening successfully
2024-05-28 16:10:57 [ INFO ] 	[ ACCEPT ]	Accept created successfully
2024-05-28 16:10:57 [ INFO ] 	[ RECV ]	[ FileName ]	Received message
2024-05-28 16:10:57 [ INFO ] 	[ SEND ]	Sent message
2024-05-28 16:10:57 [ INFO ] 	[ SEND ]	Sent message
2024-05-28 16:10:58 [ INFO ] 	[ SEND ]	Sent message
2024-05-28 16:10:58 [ INFO ] 	[ SEND ]	Sent message
2024-05-28 16:19:52 [ INFO ] 	[ VALID ]	Valid argumants
2024-05-28 16:19:52 [ INFO ] 	[ SOCKET ]	Socket created successfully
2024-05-28 16:19:52 [ INFO ] 	[ BIND ]	Connection was successfully
2024-05-28 16:19:52 [ INFO ] 	[ LISTEN ]	Listening successfully
2024-05-28 16:19:58 [ INFO ] 	[ ACCEPT ]	Accept created successfully
2024-05-28 16:19:58 [ INFO ] 	[ RECV ]	[ FileName ]	Received message
2024-05-28 16:19:58 [ INFO ] 	[ SEND ]	Sent message
2024-05-28 16:19:58 [ INFO ] 	[ SEND ]	Sent message
2024-05-28 16:19:59 [ INFO ] 	[ SEND ]	Sent message
2024-05-28 16:19:59 [ INFO ] 	[ SEND ]	Sent message
2024-05-28 16:28:22 [ INFO ] 	[ VALID ]	Valid argumants
2024-05-28 16:28:22 [ INFO ] 	[ SOCKET ]	Socket created successfully
2024-05-28 16:28:22 [ INFO ] 	[ BIND ]	Connection was successfully
2024-05-28 16:28:22 [ INFO ] 	[ LISTEN ]	Listening successfully
2024-05-28 16:28:25 [ INFO ] 	[ ACCEPT ]	Accept created successfully
2024-05-28 16:28:25 [ INFO ] 	[ RECV ]	[ FileName ]	Received message
2024-05-28 16:28:25 [ INFO ] 	[ SEND ]	Sent message
2024-05-28 16:28:25 [ INFO ] 	[ SEND ]	Sent message
2024-05-28 16:28:26 [ INFO ] 	[ SEND ]	Sent message
2024-05-28 16:28:26 [ INFO ] 	[ SEND ]	Sent message
2024-05-28 16:30:10 [ INFO ] 	[ VALID ]	Valid argumants
2024-05-28 16:30:10 [ INFO ] 	[ SOCKET ]	Socket created successfully
2024-05-28 16:30:10 [ INFO ] 	[ BIND ]	Connection was successfully
2024-05-28 16:30:10 [ INFO ] 	[ LISTEN ]	Listening successfully
2024-05-28 16:30:13 [ INFO ] 	[ ACCEPT ]	Accept created successfully
2024-05-28 16:30:13 [ INFO ] 	[ RECV ]	[ FileName ]	Received message
2024-05-28 16:30:13 [ INFO ] 	[ SEND ]	Sent message
2024-05-28 16:30:13 [ INFO ] 	[ SEND ]	Sent message
2024-05-28 16:30:13 [ INFO ] 	[ SEND ]	Sent message
2024-05-28 16:30:14 [ INFO ] 	[ SEND ]	Sent message
2024-05-28 16:30:14 [ INFO ] 	[ SEND ]	Sent message
2024-05-28 16:30:15 [ INFO ] 	[ SEND ]	Sent message
2024-05-28 16:30:15 [ INFO ] 	[ SEND ]	Sent message
2024-05-28 18:21:14 [ INFO ] 	[ VALID ]	Valid argumants
2024-05-28 18:21:14 [ INFO ] 	[ SOCKET ]	Socket created successfully
2024-05-28 18:21:14 [ INFO ] 	[ BIND ]	Connection was successfully
2024-05-28 18:21:14 [ INFO ] 	[ LISTEN ]	Listening successfully
